<?xml version="1.0" encoding="UTF-8"?>
<!-- Generated by org.testng.reporters.JUnitXMLReporter -->
<testsuite ignored="0" hostname="DESKTOP-K93H14H" failures="0" tests="10" name="openShift(failed)" time="172.553" errors="0" timestamp="2021-11-16T19:43:59 IST">
  <testcase classname="com.pack.testCases.TC_BaseClass" name="@BeforeMethod setup" time="160.475">
    <failure type="org.openqa.selenium.NoSuchWindowException" message="no such window: target window already closed
from unknown error: web view not found
  (Session info: chrome=96.0.4664.45)
Build info: version: &amp;apos;3.141.59&amp;apos;, revision: &amp;apos;e82be7d358&amp;apos;, time: &amp;apos;2018-11-14T08:17:03&amp;apos;
System info: host: &amp;apos;DESKTOP-K93H14H&amp;apos;, ip: &amp;apos;192.168.29.147&amp;apos;, os.name: &amp;apos;Windows 10&amp;apos;, os.arch: &amp;apos;amd64&amp;apos;, os.version: &amp;apos;10.0&amp;apos;, java.version: &amp;apos;16.0.1&amp;apos;
Driver info: org.openqa.selenium.chrome.ChromeDriver
Capabilities {acceptInsecureCerts: false, browserName: chrome, browserVersion: 96.0.4664.45, chrome: {chromedriverVersion: 96.0.4664.45 (76e4c1bb2ab46..., userDataDir: C:\Users\745G6~1\AppData\Lo...}, goog:chromeOptions: {debuggerAddress: localhost:58858}, javascriptEnabled: true, networkConnectionEnabled: false, pageLoadStrategy: normal, platform: WINDOWS, platformName: WINDOWS, proxy: Proxy(), setWindowRect: true, strictFileInteractability: false, timeouts: {implicit: 0, pageLoad: 300000, script: 30000}, unhandledPromptBehavior: dismiss and notify, webauthn:extension:credBlob: true, webauthn:extension:largeBlob: true, webauthn:virtualAuthenticators: true}
Session ID: 61a570c6e70e8bf822d3d74931a95181
*** Element info: {Using=xpath, value=//header/div[1]/div[1]/div[1]/button[1]}">
      <![CDATA[org.openqa.selenium.NoSuchWindowException: no such window: target window already closed
from unknown error: web view not found
  (Session info: chrome=96.0.4664.45)
Build info: version: '3.141.59', revision: 'e82be7d358', time: '2018-11-14T08:17:03'
System info: host: 'DESKTOP-K93H14H', ip: '192.168.29.147', os.name: 'Windows 10', os.arch: 'amd64', os.version: '10.0', java.version: '16.0.1'
Driver info: org.openqa.selenium.chrome.ChromeDriver
Capabilities {acceptInsecureCerts: false, browserName: chrome, browserVersion: 96.0.4664.45, chrome: {chromedriverVersion: 96.0.4664.45 (76e4c1bb2ab46..., userDataDir: C:\Users\745G6~1\AppData\Lo...}, goog:chromeOptions: {debuggerAddress: localhost:58858}, javascriptEnabled: true, networkConnectionEnabled: false, pageLoadStrategy: normal, platform: WINDOWS, platformName: WINDOWS, proxy: Proxy(), setWindowRect: true, strictFileInteractability: false, timeouts: {implicit: 0, pageLoad: 300000, script: 30000}, unhandledPromptBehavior: dismiss and notify, webauthn:extension:credBlob: true, webauthn:extension:largeBlob: true, webauthn:virtualAuthenticators: true}
Session ID: 61a570c6e70e8bf822d3d74931a95181
*** Element info: {Using=xpath, value=//header/div[1]/div[1]/div[1]/button[1]}
at org.openqa.selenium.remote.http.W3CHttpResponseCodec.createException(W3CHttpResponseCodec.java:187)
at org.openqa.selenium.remote.http.W3CHttpResponseCodec.decode(W3CHttpResponseCodec.java:122)
at org.openqa.selenium.remote.http.W3CHttpResponseCodec.decode(W3CHttpResponseCodec.java:49)
at org.openqa.selenium.remote.HttpCommandExecutor.execute(HttpCommandExecutor.java:158)
at org.openqa.selenium.remote.service.DriverCommandExecutor.execute(DriverCommandExecutor.java:83)
at org.openqa.selenium.remote.RemoteWebDriver.execute(RemoteWebDriver.java:552)
at org.openqa.selenium.remote.RemoteWebDriver.findElement(RemoteWebDriver.java:323)
at org.openqa.selenium.remote.RemoteWebDriver.findElementByXPath(RemoteWebDriver.java:428)
at org.openqa.selenium.By$ByXPath.findElement(By.java:353)
at org.openqa.selenium.remote.RemoteWebDriver.findElement(RemoteWebDriver.java:315)
at org.openqa.selenium.support.pagefactory.DefaultElementLocator.findElement(DefaultElementLocator.java:69)
at org.openqa.selenium.support.pagefactory.internal.LocatingElementHandler.invoke(LocatingElementHandler.java:38)
at jdk.proxy2/jdk.proxy2.$Proxy15.click(Unknown Source)
at com.pack.loginPages.EmployeeMaintenance.clickUnifocus(EmployeeMaintenance.java:27)
at com.pack.testCases.TC_BaseClass.setup(TC_BaseClass.java:82)
at java.base/java.util.ArrayList.forEach(ArrayList.java:1511)
... Removed 36 stack frames]]>
    </failure>
  </testcase> <!-- @BeforeMethod setup -->
  <testcase classname="com.pack.testCases.TC_BaseClass" name="@AfterMethod tearDown" time="-1.637072039348E9">
    <skipped/>
  </testcase> <!-- @AfterMethod tearDown -->
  <testcase classname="com.pack.testCases.TC_BaseClass" name="@BeforeMethod setup" time="-1.637072039359E9">
    <skipped/>
  </testcase> <!-- @BeforeMethod setup -->
  <testcase classname="com.pack.testCases.TC_BaseClass" name="@AfterMethod tearDown" time="-1.637072039383E9">
    <skipped/>
  </testcase> <!-- @AfterMethod tearDown -->
  <testcase classname="com.pack.testCases.TC_BaseClass" name="@BeforeMethod setup" time="-1.637072039391E9">
    <skipped/>
  </testcase> <!-- @BeforeMethod setup -->
  <testcase classname="com.pack.testCases.TC_BaseClass" name="@AfterMethod tearDown" time="-1.637072039415E9">
    <skipped/>
  </testcase> <!-- @AfterMethod tearDown -->
  <testcase classname="com.pack.testCases.TC_BaseClass" name="@BeforeMethod setup" time="-1.637072039425E9">
    <skipped/>
  </testcase> <!-- @BeforeMethod setup -->
  <testcase classname="com.pack.testCases.TC_BaseClass" name="@AfterMethod tearDown" time="-1.63707203945E9">
    <skipped/>
  </testcase> <!-- @AfterMethod tearDown -->
  <testcase classname="com.pack.testCases.TC_BaseClass" name="@BeforeMethod setup" time="-1.637072039458E9">
    <skipped/>
  </testcase> <!-- @BeforeMethod setup -->
  <testcase classname="com.pack.testCases.TC_BaseClass" name="@AfterMethod tearDown" time="-1.637072039481E9">
    <skipped/>
  </testcase> <!-- @AfterMethod tearDown -->
  <testcase classname="com.pack.testCases.TC_BaseClass" name="@BeforeMethod setup" time="-1.637072039495E9">
    <skipped/>
  </testcase> <!-- @BeforeMethod setup -->
  <testcase classname="com.pack.testCases.TC_BaseClass" name="@AfterMethod tearDown" time="-1.637072039522E9">
    <skipped/>
  </testcase> <!-- @AfterMethod tearDown -->
  <testcase classname="com.pack.testCases.TC_BaseClass" name="@BeforeMethod setup" time="-1.63707203953E9">
    <skipped/>
  </testcase> <!-- @BeforeMethod setup -->
  <testcase classname="com.pack.testCases.TC_BaseClass" name="@AfterMethod tearDown" time="-1.637072039558E9">
    <skipped/>
  </testcase> <!-- @AfterMethod tearDown -->
  <testcase classname="com.pack.testCases.TC_BaseClass" name="@BeforeMethod setup" time="-1.637072039565E9">
    <skipped/>
  </testcase> <!-- @BeforeMethod setup -->
  <testcase classname="com.pack.testCases.TC_BaseClass" name="@AfterMethod tearDown" time="-1.637072039592E9">
    <skipped/>
  </testcase> <!-- @AfterMethod tearDown -->
  <testcase classname="com.pack.testCases.TC_BaseClass" name="@BeforeMethod setup" time="-1.637072039608E9">
    <skipped/>
  </testcase> <!-- @BeforeMethod setup -->
  <testcase classname="com.pack.testCases.TC_BaseClass" name="@AfterMethod tearDown" time="-1.63707203964E9">
    <skipped/>
  </testcase> <!-- @AfterMethod tearDown -->
  <testcase classname="com.pack.testCases.TC_BaseClass" name="@BeforeMethod setup" time="-1.63707203965E9">
    <skipped/>
  </testcase> <!-- @BeforeMethod setup -->
  <testcase classname="com.pack.testCases.TC_BaseClass" name="@AfterMethod tearDown" time="-1.637072039678E9">
    <skipped/>
  </testcase> <!-- @AfterMethod tearDown -->
  <testcase classname="com.pack.testCases.TC_AddNewEmployee" name="addNewEmployee" time="0.0">
    <skipped/>
  </testcase> <!-- addNewEmployee -->
  <testcase classname="com.pack.testCases.TC_AddNewEmployee" name="addNewEmployee" time="0.0">
    <skipped/>
  </testcase> <!-- addNewEmployee -->
  <testcase classname="com.pack.testCases.TC_AddNewEmployee" name="addNewEmployee" time="0.0">
    <skipped/>
  </testcase> <!-- addNewEmployee -->
  <testcase classname="com.pack.testCases.TC_AddNewEmployee" name="addNewEmployee" time="0.0">
    <skipped/>
  </testcase> <!-- addNewEmployee -->
  <testcase classname="com.pack.testCases.TC_AddNewEmployee" name="addNewEmployee" time="0.0">
    <skipped/>
  </testcase> <!-- addNewEmployee -->
  <testcase classname="com.pack.testCases.TC_AddNewEmployee" name="addNewEmployee" time="0.0">
    <skipped/>
  </testcase> <!-- addNewEmployee -->
  <testcase classname="com.pack.testCases.TC_AddNewEmployee" name="addNewEmployee" time="0.0">
    <skipped/>
  </testcase> <!-- addNewEmployee -->
  <testcase classname="com.pack.testCases.TC_AddNewEmployee" name="addNewEmployee" time="0.0">
    <skipped/>
  </testcase> <!-- addNewEmployee -->
  <testcase classname="com.pack.testCases.TC_AddNewEmployee" name="addNewEmployee" time="0.0">
    <skipped/>
  </testcase> <!-- addNewEmployee -->
  <testcase classname="com.pack.testCases.TC_AddNewEmployee" name="addNewEmployee" time="0.0">
    <skipped/>
  </testcase> <!-- addNewEmployee -->
</testsuite> <!-- openShift(failed) -->
