<?xml version="1.0" encoding="UTF-8"?>
<!-- Generated by org.testng.reporters.JUnitXMLReporter -->
<testsuite ignored="0" hostname="DESKTOP-83KI589" failures="1" tests="2" name="Test" time="29.983" errors="0" timestamp="2021-07-15T15:45:44 IST">
  <testcase classname="com.pack.testCases.TC_TestCase_01" name="loginTest" time="23.018"/>
  <testcase classname="com.pack.testCases.TC_TestCase_02" name="mainTest" time="3.008">
    <failure type="java.lang.NullPointerException" message="Cannot invoke &amp;quot;org.openqa.selenium.SearchContext.findElement(org.openqa.selenium.By)&amp;quot; because &amp;quot;this.searchContext&amp;quot; is null">
      <![CDATA[java.lang.NullPointerException: Cannot invoke "org.openqa.selenium.SearchContext.findElement(org.openqa.selenium.By)" because "this.searchContext" is null
at org.openqa.selenium.support.pagefactory.DefaultElementLocator.findElement(DefaultElementLocator.java:69)
at org.openqa.selenium.support.pagefactory.internal.LocatingElementHandler.invoke(LocatingElementHandler.java:38)
at jdk.proxy2/jdk.proxy2.$Proxy16.click(Unknown Source)
at com.pack.loginPages.MainPages.clickUnifocus(MainPages.java:27)
at com.pack.testCases.TC_TestCase_02.mainTest(TC_TestCase_02.java:21)
at java.base/java.util.ArrayList.forEach(ArrayList.java:1511)
... Removed 27 stack frames]]>
    </failure>
  </testcase> <!-- mainTest -->
</testsuite> <!-- Test -->
