<?xml version="1.0" encoding="UTF-8"?>
<!-- Generated by org.testng.reporters.JUnitXMLReporter -->
<testsuite ignored="0" hostname="DESKTOP-K93H14H" failures="0" tests="10" name="openShift" time="307.438" errors="0" timestamp="2022-02-11T18:37:06 IST">
  <testcase classname="com.pack.testCases.TC_BaseClass" name="@BeforeMethod setup" time="5.097">
    <failure type="org.openqa.selenium.NoSuchWindowException" message="Browsing context has been discarded
Build info: version: &amp;apos;4.1.0&amp;apos;, revision: &amp;apos;87802e897b&amp;apos;
System info: host: &amp;apos;DESKTOP-K93H14H&amp;apos;, ip: &amp;apos;192.168.0.180&amp;apos;, os.name: &amp;apos;Windows 10&amp;apos;, os.arch: &amp;apos;amd64&amp;apos;, os.version: &amp;apos;10.0&amp;apos;, java.version: &amp;apos;16.0.1&amp;apos;
Driver info: org.openqa.selenium.firefox.FirefoxDriver
Command: [3b1d301d-638f-4e04-8b72-fb182d45901a, maximizeCurrentWindow {}]
Capabilities {acceptInsecureCerts: true, browserName: firefox, browserVersion: 95.0.2, javascriptEnabled: true, moz:accessibilityChecks: false, moz:buildID: 20211218203254, moz:debuggerAddress: localhost:56919, moz:geckodriverVersion: 0.30.0, moz:headless: false, moz:processID: 21448, moz:profile: C:\Users\745 G6\AppData\Loc..., moz:shutdownTimeout: 60000, moz:useNonSpecCompliantPointerOrigin: false, moz:webdriverClick: true, pageLoadStrategy: normal, platform: WINDOWS, platformName: WINDOWS, platformVersion: 10.0, proxy: Proxy(), se:cdp: ws://localhost:56919/devtoo..., se:cdpVersion: 85, setWindowRect: true, strictFileInteractability: false, timeouts: {implicit: 0, pageLoad: 300000, script: 30000}, unhandledPromptBehavior: dismiss and notify}
Session ID: 3b1d301d-638f-4e04-8b72-fb182d45901a">
      <![CDATA[org.openqa.selenium.NoSuchWindowException: Browsing context has been discarded
Build info: version: '4.1.0', revision: '87802e897b'
System info: host: 'DESKTOP-K93H14H', ip: '192.168.0.180', os.name: 'Windows 10', os.arch: 'amd64', os.version: '10.0', java.version: '16.0.1'
Driver info: org.openqa.selenium.firefox.FirefoxDriver
Command: [3b1d301d-638f-4e04-8b72-fb182d45901a, maximizeCurrentWindow {}]
Capabilities {acceptInsecureCerts: true, browserName: firefox, browserVersion: 95.0.2, javascriptEnabled: true, moz:accessibilityChecks: false, moz:buildID: 20211218203254, moz:debuggerAddress: localhost:56919, moz:geckodriverVersion: 0.30.0, moz:headless: false, moz:processID: 21448, moz:profile: C:\Users\745 G6\AppData\Loc..., moz:shutdownTimeout: 60000, moz:useNonSpecCompliantPointerOrigin: false, moz:webdriverClick: true, pageLoadStrategy: normal, platform: WINDOWS, platformName: WINDOWS, platformVersion: 10.0, proxy: Proxy(), se:cdp: ws://localhost:56919/devtoo..., se:cdpVersion: 85, setWindowRect: true, strictFileInteractability: false, timeouts: {implicit: 0, pageLoad: 300000, script: 30000}, unhandledPromptBehavior: dismiss and notify}
Session ID: 3b1d301d-638f-4e04-8b72-fb182d45901a
at org.openqa.selenium.remote.codec.w3c.W3CHttpResponseCodec.createException(W3CHttpResponseCodec.java:200)
at org.openqa.selenium.remote.codec.w3c.W3CHttpResponseCodec.decode(W3CHttpResponseCodec.java:133)
at org.openqa.selenium.remote.codec.w3c.W3CHttpResponseCodec.decode(W3CHttpResponseCodec.java:53)
at org.openqa.selenium.remote.HttpCommandExecutor.execute(HttpCommandExecutor.java:184)
at org.openqa.selenium.remote.service.DriverCommandExecutor.invokeExecute(DriverCommandExecutor.java:164)
at org.openqa.selenium.remote.service.DriverCommandExecutor.execute(DriverCommandExecutor.java:139)
at org.openqa.selenium.remote.RemoteWebDriver.execute(RemoteWebDriver.java:559)
at org.openqa.selenium.remote.RemoteWebDriver.execute(RemoteWebDriver.java:614)
at org.openqa.selenium.remote.RemoteWebDriver.execute(RemoteWebDriver.java:618)
at org.openqa.selenium.remote.RemoteWebDriver$RemoteWebDriverOptions$RemoteWindow.maximize(RemoteWebDriver.java:928)
at com.pack.testCases.TC_BaseClass.setup(TC_BaseClass.java:70)
at java.base/java.util.ArrayList.forEach(ArrayList.java:1511)
... Removed 36 stack frames]]>
    </failure>
  </testcase> <!-- @BeforeMethod setup -->
  <testcase classname="com.pack.testCases.TC_BaseClass" name="@AfterMethod tearDown" time="-1.644584826031E9">
    <skipped/>
  </testcase> <!-- @AfterMethod tearDown -->
  <testcase classname="com.pack.testCases.TC_BaseClass" name="@BeforeMethod setup" time="-1.644584826037E9">
    <skipped/>
  </testcase> <!-- @BeforeMethod setup -->
  <testcase classname="com.pack.testCases.TC_BaseClass" name="@AfterMethod tearDown" time="-1.644584826063E9">
    <skipped/>
  </testcase> <!-- @AfterMethod tearDown -->
  <testcase classname="com.pack.testCases.TC_BaseClass" name="@BeforeMethod setup" time="-1.64458482607E9">
    <skipped/>
  </testcase> <!-- @BeforeMethod setup -->
  <testcase classname="com.pack.testCases.TC_BaseClass" name="@AfterMethod tearDown" time="-1.644584826102E9">
    <skipped/>
  </testcase> <!-- @AfterMethod tearDown -->
  <testcase classname="com.pack.testCases.TC_BaseClass" name="@BeforeMethod setup" time="-1.644584826111E9">
    <skipped/>
  </testcase> <!-- @BeforeMethod setup -->
  <testcase classname="com.pack.testCases.TC_BaseClass" name="@AfterMethod tearDown" time="-1.644584826141E9">
    <skipped/>
  </testcase> <!-- @AfterMethod tearDown -->
  <testcase classname="com.pack.testCases.TC_BaseClass" name="@BeforeMethod setup" time="-1.64458482616E9">
    <skipped/>
  </testcase> <!-- @BeforeMethod setup -->
  <testcase classname="com.pack.testCases.TC_BaseClass" name="@AfterMethod tearDown" time="-1.644584826237E9">
    <skipped/>
  </testcase> <!-- @AfterMethod tearDown -->
  <testcase classname="com.pack.testCases.TC_BaseClass" name="@BeforeMethod setup" time="-1.644584826251E9">
    <skipped/>
  </testcase> <!-- @BeforeMethod setup -->
  <testcase classname="com.pack.testCases.TC_BaseClass" name="@AfterMethod tearDown" time="-1.644584826284E9">
    <skipped/>
  </testcase> <!-- @AfterMethod tearDown -->
  <testcase classname="com.pack.testCases.TC_BaseClass" name="@BeforeMethod setup" time="-1.64458482629E9">
    <skipped/>
  </testcase> <!-- @BeforeMethod setup -->
  <testcase classname="com.pack.testCases.TC_BaseClass" name="@AfterMethod tearDown" time="-1.644584826328E9">
    <skipped/>
  </testcase> <!-- @AfterMethod tearDown -->
  <testcase classname="com.pack.testCases.TC_BaseClass" name="@BeforeMethod setup" time="-1.644584826364E9">
    <skipped/>
  </testcase> <!-- @BeforeMethod setup -->
  <testcase classname="com.pack.testCases.TC_BaseClass" name="@AfterMethod tearDown" time="-1.64458482639E9">
    <skipped/>
  </testcase> <!-- @AfterMethod tearDown -->
  <testcase classname="com.pack.testCases.TC_BaseClass" name="@BeforeMethod setup" time="-1.644584826411E9">
    <skipped/>
  </testcase> <!-- @BeforeMethod setup -->
  <testcase classname="com.pack.testCases.TC_BaseClass" name="@AfterMethod tearDown" time="-1.644584826438E9">
    <skipped/>
  </testcase> <!-- @AfterMethod tearDown -->
  <testcase classname="com.pack.testCases.TC_Assignments" name="assignments" time="249.462"/>
  <testcase classname="com.pack.testCases.TC_Assignments" name="assignments" time="0.0">
    <skipped/>
  </testcase> <!-- assignments -->
  <testcase classname="com.pack.testCases.TC_Assignments" name="assignments" time="0.0">
    <skipped/>
  </testcase> <!-- assignments -->
  <testcase classname="com.pack.testCases.TC_Assignments" name="assignments" time="0.0">
    <skipped/>
  </testcase> <!-- assignments -->
  <testcase classname="com.pack.testCases.TC_Assignments" name="assignments" time="0.0">
    <skipped/>
  </testcase> <!-- assignments -->
  <testcase classname="com.pack.testCases.TC_Assignments" name="assignments" time="0.0">
    <skipped/>
  </testcase> <!-- assignments -->
  <testcase classname="com.pack.testCases.TC_Assignments" name="assignments" time="0.0">
    <skipped/>
  </testcase> <!-- assignments -->
  <testcase classname="com.pack.testCases.TC_Assignments" name="assignments" time="0.0">
    <skipped/>
  </testcase> <!-- assignments -->
  <testcase classname="com.pack.testCases.TC_Assignments" name="assignments" time="0.0">
    <skipped/>
  </testcase> <!-- assignments -->
  <testcase classname="com.pack.testCases.TC_Assignments" name="assignments" time="0.0">
    <skipped/>
  </testcase> <!-- assignments -->
</testsuite> <!-- openShift -->
