<?xml version="1.0" encoding="UTF-8"?>
<!-- Generated by org.testng.reporters.JUnitXMLReporter -->
<testsuite ignored="0" hostname="DESKTOP-K93H14H" failures="0" tests="10" name="openShift" time="548.495" errors="0" timestamp="2021-12-16T18:40:04 IST">
  <testcase classname="com.pack.testCases.TC_BaseClass" name="@BeforeMethod setup" time="122.885">
    <failure type="org.openqa.selenium.TimeoutException" message="Expected condition failed: waiting for visibility of element located by By.xpath: //input[@class=&amp;apos;x-input-el x-form-field x-input-text&amp;apos;] (tried for 120 second(s) with 500 milliseconds interval)">
      <![CDATA[org.openqa.selenium.TimeoutException: Expected condition failed: waiting for visibility of element located by By.xpath: //input[@class='x-input-el x-form-field x-input-text'] (tried for 120 second(s) with 500 milliseconds interval)
at org.openqa.selenium.support.ui.WebDriverWait.timeoutException(WebDriverWait.java:138)
at org.openqa.selenium.support.ui.FluentWait.until(FluentWait.java:231)
at com.pack.loginPages.LoginPage.setPartnerCode(LoginPage.java:41)
at com.pack.testCases.TC_BaseClass.setup(TC_BaseClass.java:71)
at java.base/java.util.ArrayList.forEach(ArrayList.java:1511)
Caused by: org.openqa.selenium.NoSuchWindowException: no such window: target window already closed
from unknown error: web view not found
  (Session info: chrome=96.0.4664.110)
Build info: version: '4.1.0', revision: '87802e897b'
System info: host: 'DESKTOP-K93H14H', ip: '192.168.29.147', os.name: 'Windows 10', os.arch: 'amd64', os.version: '10.0', java.version: '16.0.1'
Driver info: org.openqa.selenium.chrome.ChromeDriver
Command: [4c540de28252b4c1afdff7023de441ae, findElement {using=xpath, value=//input[@class='x-input-el x-form-field x-input-text']}]
Capabilities {acceptInsecureCerts: false, browserName: chrome, browserVersion: 96.0.4664.110, chrome: {chromedriverVersion: 96.0.4664.45 (76e4c1bb2ab46..., userDataDir: C:\Users\745G6~1\AppData\Lo...}, goog:chromeOptions: {debuggerAddress: localhost:51946}, javascriptEnabled: true, networkConnectionEnabled: false, pageLoadStrategy: normal, platform: WINDOWS, platformName: WINDOWS, proxy: Proxy(), se:cdp: ws://localhost:51946/devtoo..., se:cdpVersion: 96.0.4664.110, setWindowRect: true, strictFileInteractability: false, timeouts: {implicit: 0, pageLoad: 300000, script: 30000}, unhandledPromptBehavior: dismiss and notify, webauthn:extension:credBlob: true, webauthn:extension:largeBlob: true, webauthn:virtualAuthenticators: true}
Session ID: 4c540de28252b4c1afdff7023de441ae
at org.openqa.selenium.remote.codec.w3c.W3CHttpResponseCodec.createException(W3CHttpResponseCodec.java:200)
at org.openqa.selenium.remote.codec.w3c.W3CHttpResponseCodec.decode(W3CHttpResponseCodec.java:133)
at org.openqa.selenium.remote.codec.w3c.W3CHttpResponseCodec.decode(W3CHttpResponseCodec.java:53)
at org.openqa.selenium.remote.HttpCommandExecutor.execute(HttpCommandExecutor.java:184)
at org.openqa.selenium.remote.service.DriverCommandExecutor.invokeExecute(DriverCommandExecutor.java:164)
at org.openqa.selenium.remote.service.DriverCommandExecutor.execute(DriverCommandExecutor.java:139)
at org.openqa.selenium.remote.RemoteWebDriver.execute(RemoteWebDriver.java:559)
at org.openqa.selenium.remote.ElementLocation$ElementFinder$2.findElement(ElementLocation.java:162)
at org.openqa.selenium.remote.ElementLocation.findElement(ElementLocation.java:60)
at org.openqa.selenium.remote.RemoteWebDriver.findElement(RemoteWebDriver.java:383)
at org.openqa.selenium.remote.RemoteWebDriver.findElement(RemoteWebDriver.java:375)
at org.openqa.selenium.support.ui.ExpectedConditions$7.apply(ExpectedConditions.java:197)
at org.openqa.selenium.support.ui.ExpectedConditions$7.apply(ExpectedConditions.java:193)
at org.openqa.selenium.support.ui.FluentWait.until(FluentWait.java:208)
... 34 more
... Removed 35 stack frames]]>
    </failure>
  </testcase> <!-- @BeforeMethod setup -->
  <testcase classname="com.pack.testCases.TC_BaseClass" name="@AfterMethod tearDown" time="-1.63966020379E9">
    <skipped/>
  </testcase> <!-- @AfterMethod tearDown -->
  <testcase classname="com.pack.testCases.TC_BaseClass" name="@BeforeMethod setup" time="-1.639660203796E9">
    <skipped/>
  </testcase> <!-- @BeforeMethod setup -->
  <testcase classname="com.pack.testCases.TC_BaseClass" name="@AfterMethod tearDown" time="-1.639660203815E9">
    <skipped/>
  </testcase> <!-- @AfterMethod tearDown -->
  <testcase classname="com.pack.testCases.TC_BaseClass" name="@BeforeMethod setup" time="-1.63966020382E9">
    <skipped/>
  </testcase> <!-- @BeforeMethod setup -->
  <testcase classname="com.pack.testCases.TC_BaseClass" name="@AfterMethod tearDown" time="-1.639660203836E9">
    <skipped/>
  </testcase> <!-- @AfterMethod tearDown -->
  <testcase classname="com.pack.testCases.TC_BaseClass" name="@BeforeMethod setup" time="-1.639660203849E9">
    <skipped/>
  </testcase> <!-- @BeforeMethod setup -->
  <testcase classname="com.pack.testCases.TC_BaseClass" name="@AfterMethod tearDown" time="-1.639660203864E9">
    <skipped/>
  </testcase> <!-- @AfterMethod tearDown -->
  <testcase classname="com.pack.testCases.TC_BaseClass" name="@BeforeMethod setup" time="-1.639660203869E9">
    <skipped/>
  </testcase> <!-- @BeforeMethod setup -->
  <testcase classname="com.pack.testCases.TC_BaseClass" name="@AfterMethod tearDown" time="-1.639660203891E9">
    <skipped/>
  </testcase> <!-- @AfterMethod tearDown -->
  <testcase classname="com.pack.testCases.TC_BaseClass" name="@BeforeMethod setup" time="-1.639660203898E9">
    <skipped/>
  </testcase> <!-- @BeforeMethod setup -->
  <testcase classname="com.pack.testCases.TC_BaseClass" name="@AfterMethod tearDown" time="-1.639660203915E9">
    <skipped/>
  </testcase> <!-- @AfterMethod tearDown -->
  <testcase classname="com.pack.testCases.TC_BaseClass" name="@BeforeMethod setup" time="-1.639660203923E9">
    <skipped/>
  </testcase> <!-- @BeforeMethod setup -->
  <testcase classname="com.pack.testCases.TC_BaseClass" name="@AfterMethod tearDown" time="-1.639660203936E9">
    <skipped/>
  </testcase> <!-- @AfterMethod tearDown -->
  <testcase classname="com.pack.testCases.TC_BaseClass" name="@BeforeMethod setup" time="-1.639660203941E9">
    <skipped/>
  </testcase> <!-- @BeforeMethod setup -->
  <testcase classname="com.pack.testCases.TC_BaseClass" name="@AfterMethod tearDown" time="-1.639660203955E9">
    <skipped/>
  </testcase> <!-- @AfterMethod tearDown -->
  <testcase classname="com.pack.testCases.TC_UpdateExistingEmployee" name="updateExistingEmployee" time="171.887"/>
  <testcase classname="com.pack.testCases.TC_UpdateExistingEmployee" name="updateExistingEmployee" time="162.926"/>
  <testcase classname="com.pack.testCases.TC_UpdateExistingEmployee" name="updateExistingEmployee" time="0.0">
    <skipped/>
  </testcase> <!-- updateExistingEmployee -->
  <testcase classname="com.pack.testCases.TC_UpdateExistingEmployee" name="updateExistingEmployee" time="0.0">
    <skipped/>
  </testcase> <!-- updateExistingEmployee -->
  <testcase classname="com.pack.testCases.TC_UpdateExistingEmployee" name="updateExistingEmployee" time="0.0">
    <skipped/>
  </testcase> <!-- updateExistingEmployee -->
  <testcase classname="com.pack.testCases.TC_UpdateExistingEmployee" name="updateExistingEmployee" time="0.0">
    <skipped/>
  </testcase> <!-- updateExistingEmployee -->
  <testcase classname="com.pack.testCases.TC_UpdateExistingEmployee" name="updateExistingEmployee" time="0.0">
    <skipped/>
  </testcase> <!-- updateExistingEmployee -->
  <testcase classname="com.pack.testCases.TC_UpdateExistingEmployee" name="updateExistingEmployee" time="0.0">
    <skipped/>
  </testcase> <!-- updateExistingEmployee -->
  <testcase classname="com.pack.testCases.TC_UpdateExistingEmployee" name="updateExistingEmployee" time="0.0">
    <skipped/>
  </testcase> <!-- updateExistingEmployee -->
  <testcase classname="com.pack.testCases.TC_UpdateExistingEmployee" name="updateExistingEmployee" time="0.0">
    <skipped/>
  </testcase> <!-- updateExistingEmployee -->
</testsuite> <!-- openShift -->
