<?xml version="1.0" encoding="UTF-8"?>
<!-- Generated by org.testng.reporters.JUnitXMLReporter -->
<testsuite ignored="0" hostname="DESKTOP-K93H14H" failures="2" tests="10" name="openShift" time="941.407" errors="0" timestamp="2022-01-04T20:51:46 IST">
  <testcase classname="com.pack.testCases.TC_BaseClass" name="@BeforeMethod setup" time="27.071">
    <failure type="org.openqa.selenium.WebDriverException" message="TypeError: browsingContext.currentWindowGlobal is null
Build info: version: &amp;apos;4.1.0&amp;apos;, revision: &amp;apos;87802e897b&amp;apos;
System info: host: &amp;apos;DESKTOP-K93H14H&amp;apos;, ip: &amp;apos;192.168.29.147&amp;apos;, os.name: &amp;apos;Windows 10&amp;apos;, os.arch: &amp;apos;amd64&amp;apos;, os.version: &amp;apos;10.0&amp;apos;, java.version: &amp;apos;16.0.1&amp;apos;
Driver info: org.openqa.selenium.firefox.FirefoxDriver
Command: [543e3e5d-4c9b-461b-ac3e-c6a3bae3a821, findElement {using=xpath, value=//input[@placeholder=&amp;apos;Login ID&amp;apos;]}]
Capabilities {acceptInsecureCerts: true, browserName: firefox, browserVersion: 95.0.2, javascriptEnabled: true, moz:accessibilityChecks: false, moz:buildID: 20211218203254, moz:debuggerAddress: localhost:58370, moz:geckodriverVersion: 0.30.0, moz:headless: false, moz:processID: 13396, moz:profile: C:\Users\745 G6\AppData\Loc..., moz:shutdownTimeout: 60000, moz:useNonSpecCompliantPointerOrigin: false, moz:webdriverClick: true, pageLoadStrategy: normal, platform: WINDOWS, platformName: WINDOWS, platformVersion: 10.0, proxy: Proxy(), se:cdp: ws://localhost:58370/devtoo..., se:cdpVersion: 85, setWindowRect: true, strictFileInteractability: false, timeouts: {implicit: 0, pageLoad: 300000, script: 30000}, unhandledPromptBehavior: dismiss and notify}
Session ID: 543e3e5d-4c9b-461b-ac3e-c6a3bae3a821">
      <![CDATA[org.openqa.selenium.WebDriverException: TypeError: browsingContext.currentWindowGlobal is null
Build info: version: '4.1.0', revision: '87802e897b'
System info: host: 'DESKTOP-K93H14H', ip: '192.168.29.147', os.name: 'Windows 10', os.arch: 'amd64', os.version: '10.0', java.version: '16.0.1'
Driver info: org.openqa.selenium.firefox.FirefoxDriver
Command: [543e3e5d-4c9b-461b-ac3e-c6a3bae3a821, findElement {using=xpath, value=//input[@placeholder='Login ID']}]
Capabilities {acceptInsecureCerts: true, browserName: firefox, browserVersion: 95.0.2, javascriptEnabled: true, moz:accessibilityChecks: false, moz:buildID: 20211218203254, moz:debuggerAddress: localhost:58370, moz:geckodriverVersion: 0.30.0, moz:headless: false, moz:processID: 13396, moz:profile: C:\Users\745 G6\AppData\Loc..., moz:shutdownTimeout: 60000, moz:useNonSpecCompliantPointerOrigin: false, moz:webdriverClick: true, pageLoadStrategy: normal, platform: WINDOWS, platformName: WINDOWS, platformVersion: 10.0, proxy: Proxy(), se:cdp: ws://localhost:58370/devtoo..., se:cdpVersion: 85, setWindowRect: true, strictFileInteractability: false, timeouts: {implicit: 0, pageLoad: 300000, script: 30000}, unhandledPromptBehavior: dismiss and notify}
Session ID: 543e3e5d-4c9b-461b-ac3e-c6a3bae3a821
at org.openqa.selenium.remote.codec.w3c.W3CHttpResponseCodec.createException(W3CHttpResponseCodec.java:200)
at org.openqa.selenium.remote.codec.w3c.W3CHttpResponseCodec.decode(W3CHttpResponseCodec.java:133)
at org.openqa.selenium.remote.codec.w3c.W3CHttpResponseCodec.decode(W3CHttpResponseCodec.java:53)
at org.openqa.selenium.remote.HttpCommandExecutor.execute(HttpCommandExecutor.java:184)
at org.openqa.selenium.remote.service.DriverCommandExecutor.invokeExecute(DriverCommandExecutor.java:164)
at org.openqa.selenium.remote.service.DriverCommandExecutor.execute(DriverCommandExecutor.java:139)
at org.openqa.selenium.remote.RemoteWebDriver.execute(RemoteWebDriver.java:559)
at org.openqa.selenium.remote.ElementLocation$ElementFinder$2.findElement(ElementLocation.java:162)
at org.openqa.selenium.remote.ElementLocation.findElement(ElementLocation.java:60)
at org.openqa.selenium.remote.RemoteWebDriver.findElement(RemoteWebDriver.java:383)
at org.openqa.selenium.remote.RemoteWebDriver.findElement(RemoteWebDriver.java:375)
at org.openqa.selenium.support.ui.ExpectedConditions$7.apply(ExpectedConditions.java:197)
at org.openqa.selenium.support.ui.ExpectedConditions$7.apply(ExpectedConditions.java:193)
at org.openqa.selenium.support.ui.FluentWait.until(FluentWait.java:208)
at com.pack.loginPages.LoginPage.setUserName(LoginPage.java:51)
at com.pack.testCases.TC_BaseClass.setup(TC_BaseClass.java:74)
at java.base/java.util.ArrayList.forEach(ArrayList.java:1511)
... Removed 36 stack frames]]>
    </failure>
  </testcase> <!-- @BeforeMethod setup -->
  <testcase classname="com.pack.testCases.TC_BaseClass" name="@AfterMethod tearDown" time="-1.641309706392E9">
    <skipped/>
  </testcase> <!-- @AfterMethod tearDown -->
  <testcase classname="com.pack.testCases.TC_BaseClass" name="@BeforeMethod setup" time="-1.641309706399E9">
    <skipped/>
  </testcase> <!-- @BeforeMethod setup -->
  <testcase classname="com.pack.testCases.TC_BaseClass" name="@AfterMethod tearDown" time="-1.641309706438E9">
    <skipped/>
  </testcase> <!-- @AfterMethod tearDown -->
  <testcase classname="com.pack.testCases.TC_BaseClass" name="@BeforeMethod setup" time="-1.641309706453E9">
    <skipped/>
  </testcase> <!-- @BeforeMethod setup -->
  <testcase classname="com.pack.testCases.TC_BaseClass" name="@AfterMethod tearDown" time="-1.641309706472E9">
    <skipped/>
  </testcase> <!-- @AfterMethod tearDown -->
  <testcase classname="com.pack.testCases.TC_BaseClass" name="@BeforeMethod setup" time="-1.641309706477E9">
    <skipped/>
  </testcase> <!-- @BeforeMethod setup -->
  <testcase classname="com.pack.testCases.TC_BaseClass" name="@AfterMethod tearDown" time="-1.641309706515E9">
    <skipped/>
  </testcase> <!-- @AfterMethod tearDown -->
  <testcase classname="com.pack.testCases.TC_BaseClass" name="@BeforeMethod setup" time="-1.641309706522E9">
    <skipped/>
  </testcase> <!-- @BeforeMethod setup -->
  <testcase classname="com.pack.testCases.TC_BaseClass" name="@AfterMethod tearDown" time="-1.64130970654E9">
    <skipped/>
  </testcase> <!-- @AfterMethod tearDown -->
  <testcase classname="com.pack.testCases.TC_BaseClass" name="@BeforeMethod setup" time="-1.641309706551E9">
    <skipped/>
  </testcase> <!-- @BeforeMethod setup -->
  <testcase classname="com.pack.testCases.TC_BaseClass" name="@AfterMethod tearDown" time="-1.641309706577E9">
    <skipped/>
  </testcase> <!-- @AfterMethod tearDown -->
  <testcase classname="com.pack.testCases.TC_BaseClass" name="@BeforeMethod setup" time="-1.641309706582E9">
    <skipped/>
  </testcase> <!-- @BeforeMethod setup -->
  <testcase classname="com.pack.testCases.TC_BaseClass" name="@AfterMethod tearDown" time="-1.641309706608E9">
    <skipped/>
  </testcase> <!-- @AfterMethod tearDown -->
  <testcase classname="com.pack.testCases.TC_UpdateExistingEmployeeJobTab" name="updateExistingEmployeeJobsTab" time="109.634">
    <failure type="org.openqa.selenium.TimeoutException" message="Expected condition failed: waiting for visibility of element located by By.xpath: //span[text()=&amp;apos;Job Status Saved&amp;apos;] (tried for 40 second(s) with 500 milliseconds interval)
Build info: version: &amp;apos;4.1.0&amp;apos;, revision: &amp;apos;87802e897b&amp;apos;
System info: host: &amp;apos;DESKTOP-K93H14H&amp;apos;, ip: &amp;apos;192.168.29.147&amp;apos;, os.name: &amp;apos;Windows 10&amp;apos;, os.arch: &amp;apos;amd64&amp;apos;, os.version: &amp;apos;10.0&amp;apos;, java.version: &amp;apos;16.0.1&amp;apos;
Driver info: org.openqa.selenium.firefox.FirefoxDriver
Capabilities {acceptInsecureCerts: true, browserName: firefox, browserVersion: 95.0.2, javascriptEnabled: true, moz:accessibilityChecks: false, moz:buildID: 20211218203254, moz:debuggerAddress: localhost:61450, moz:geckodriverVersion: 0.30.0, moz:headless: false, moz:processID: 7456, moz:profile: C:\Users\745 G6\AppData\Loc..., moz:shutdownTimeout: 60000, moz:useNonSpecCompliantPointerOrigin: false, moz:webdriverClick: true, pageLoadStrategy: normal, platform: WINDOWS, platformName: WINDOWS, platformVersion: 10.0, proxy: Proxy(), se:cdp: ws://localhost:61450/devtoo..., se:cdpVersion: 85, setWindowRect: true, strictFileInteractability: false, timeouts: {implicit: 0, pageLoad: 300000, script: 30000}, unhandledPromptBehavior: dismiss and notify}
Session ID: 3e085b12-531e-4e24-b64c-07e24938f247">
      <![CDATA[org.openqa.selenium.TimeoutException: Expected condition failed: waiting for visibility of element located by By.xpath: //span[text()='Job Status Saved'] (tried for 40 second(s) with 500 milliseconds interval)
Build info: version: '4.1.0', revision: '87802e897b'
System info: host: 'DESKTOP-K93H14H', ip: '192.168.29.147', os.name: 'Windows 10', os.arch: 'amd64', os.version: '10.0', java.version: '16.0.1'
Driver info: org.openqa.selenium.firefox.FirefoxDriver
Capabilities {acceptInsecureCerts: true, browserName: firefox, browserVersion: 95.0.2, javascriptEnabled: true, moz:accessibilityChecks: false, moz:buildID: 20211218203254, moz:debuggerAddress: localhost:61450, moz:geckodriverVersion: 0.30.0, moz:headless: false, moz:processID: 7456, moz:profile: C:\Users\745 G6\AppData\Loc..., moz:shutdownTimeout: 60000, moz:useNonSpecCompliantPointerOrigin: false, moz:webdriverClick: true, pageLoadStrategy: normal, platform: WINDOWS, platformName: WINDOWS, platformVersion: 10.0, proxy: Proxy(), se:cdp: ws://localhost:61450/devtoo..., se:cdpVersion: 85, setWindowRect: true, strictFileInteractability: false, timeouts: {implicit: 0, pageLoad: 300000, script: 30000}, unhandledPromptBehavior: dismiss and notify}
Session ID: 3e085b12-531e-4e24-b64c-07e24938f247
at org.openqa.selenium.support.ui.WebDriverWait.timeoutException(WebDriverWait.java:138)
at org.openqa.selenium.support.ui.FluentWait.until(FluentWait.java:231)
at com.pack.loginPages.UpdateExistingEmployeeJobTab.selectpayType(UpdateExistingEmployeeJobTab.java:154)
at com.pack.testCases.TC_UpdateExistingEmployeeJobTab.updateExistingEmployeeJobsTab(TC_UpdateExistingEmployeeJobTab.java:28)
at java.base/java.util.ArrayList.forEach(ArrayList.java:1511)
... Removed 27 stack frames]]>
    </failure>
  </testcase> <!-- updateExistingEmployeeJobsTab -->
  <testcase classname="com.pack.testCases.TC_UpdateExistingEmployeeJobTab" name="updateExistingEmployeeJobsTab" time="265.563">
    <failure type="org.openqa.selenium.TimeoutException" message="Expected condition failed: waiting for element to be clickable: By.xpath: //div[@class=&amp;apos;uf-employee-label-container line-clamp&amp;apos;][normalize-space()=&amp;apos;srikanth&amp;apos;] (tried for 40 second(s) with 500 milliseconds interval)
Build info: version: &amp;apos;4.1.0&amp;apos;, revision: &amp;apos;87802e897b&amp;apos;
System info: host: &amp;apos;DESKTOP-K93H14H&amp;apos;, ip: &amp;apos;192.168.29.147&amp;apos;, os.name: &amp;apos;Windows 10&amp;apos;, os.arch: &amp;apos;amd64&amp;apos;, os.version: &amp;apos;10.0&amp;apos;, java.version: &amp;apos;16.0.1&amp;apos;
Driver info: org.openqa.selenium.firefox.FirefoxDriver
Capabilities {acceptInsecureCerts: true, browserName: firefox, browserVersion: 95.0.2, javascriptEnabled: true, moz:accessibilityChecks: false, moz:buildID: 20211218203254, moz:debuggerAddress: localhost:61437, moz:geckodriverVersion: 0.30.0, moz:headless: false, moz:processID: 14112, moz:profile: C:\Users\745 G6\AppData\Loc..., moz:shutdownTimeout: 60000, moz:useNonSpecCompliantPointerOrigin: false, moz:webdriverClick: true, pageLoadStrategy: normal, platform: WINDOWS, platformName: WINDOWS, platformVersion: 10.0, proxy: Proxy(), se:cdp: ws://localhost:61437/devtoo..., se:cdpVersion: 85, setWindowRect: true, strictFileInteractability: false, timeouts: {implicit: 0, pageLoad: 300000, script: 30000}, unhandledPromptBehavior: dismiss and notify}
Session ID: 240b1070-a791-45b9-b98a-85b16a30570a">
      <![CDATA[org.openqa.selenium.TimeoutException: Expected condition failed: waiting for element to be clickable: By.xpath: //div[@class='uf-employee-label-container line-clamp'][normalize-space()='srikanth'] (tried for 40 second(s) with 500 milliseconds interval)
Build info: version: '4.1.0', revision: '87802e897b'
System info: host: 'DESKTOP-K93H14H', ip: '192.168.29.147', os.name: 'Windows 10', os.arch: 'amd64', os.version: '10.0', java.version: '16.0.1'
Driver info: org.openqa.selenium.firefox.FirefoxDriver
Capabilities {acceptInsecureCerts: true, browserName: firefox, browserVersion: 95.0.2, javascriptEnabled: true, moz:accessibilityChecks: false, moz:buildID: 20211218203254, moz:debuggerAddress: localhost:61437, moz:geckodriverVersion: 0.30.0, moz:headless: false, moz:processID: 14112, moz:profile: C:\Users\745 G6\AppData\Loc..., moz:shutdownTimeout: 60000, moz:useNonSpecCompliantPointerOrigin: false, moz:webdriverClick: true, pageLoadStrategy: normal, platform: WINDOWS, platformName: WINDOWS, platformVersion: 10.0, proxy: Proxy(), se:cdp: ws://localhost:61437/devtoo..., se:cdpVersion: 85, setWindowRect: true, strictFileInteractability: false, timeouts: {implicit: 0, pageLoad: 300000, script: 30000}, unhandledPromptBehavior: dismiss and notify}
Session ID: 240b1070-a791-45b9-b98a-85b16a30570a
at org.openqa.selenium.support.ui.WebDriverWait.timeoutException(WebDriverWait.java:138)
at org.openqa.selenium.support.ui.FluentWait.until(FluentWait.java:231)
at com.pack.loginPages.UpdateExistingEmployeeJobTab.selectDateRange(UpdateExistingEmployeeJobTab.java:411)
at com.pack.testCases.TC_UpdateExistingEmployeeJobTab.updateExistingEmployeeJobsTab(TC_UpdateExistingEmployeeJobTab.java:38)
at java.base/java.util.ArrayList.forEach(ArrayList.java:1511)
... Removed 27 stack frames]]>
    </failure>
  </testcase> <!-- updateExistingEmployeeJobsTab -->
  <testcase classname="com.pack.testCases.TC_UpdateExistingEmployeeJobTab" name="updateExistingEmployeeJobsTab" time="264.889"/>
  <testcase classname="com.pack.testCases.TC_UpdateExistingEmployeeJobTab" name="updateExistingEmployeeJobsTab" time="0.0">
    <skipped/>
  </testcase> <!-- updateExistingEmployeeJobsTab -->
  <testcase classname="com.pack.testCases.TC_UpdateExistingEmployeeJobTab" name="updateExistingEmployeeJobsTab" time="0.0">
    <skipped/>
  </testcase> <!-- updateExistingEmployeeJobsTab -->
  <testcase classname="com.pack.testCases.TC_UpdateExistingEmployeeJobTab" name="updateExistingEmployeeJobsTab" time="0.0">
    <skipped/>
  </testcase> <!-- updateExistingEmployeeJobsTab -->
  <testcase classname="com.pack.testCases.TC_UpdateExistingEmployeeJobTab" name="updateExistingEmployeeJobsTab" time="0.0">
    <skipped/>
  </testcase> <!-- updateExistingEmployeeJobsTab -->
  <testcase classname="com.pack.testCases.TC_UpdateExistingEmployeeJobTab" name="updateExistingEmployeeJobsTab" time="0.0">
    <skipped/>
  </testcase> <!-- updateExistingEmployeeJobsTab -->
  <testcase classname="com.pack.testCases.TC_UpdateExistingEmployeeJobTab" name="updateExistingEmployeeJobsTab" time="0.0">
    <skipped/>
  </testcase> <!-- updateExistingEmployeeJobsTab -->
  <testcase classname="com.pack.testCases.TC_UpdateExistingEmployeeJobTab" name="updateExistingEmployeeJobsTab" time="0.0">
    <skipped/>
  </testcase> <!-- updateExistingEmployeeJobsTab -->
</testsuite> <!-- openShift -->
