<?xml version="1.0" encoding="UTF-8"?>
<!-- Generated by org.testng.reporters.JUnitXMLReporter -->
<testsuite ignored="0" hostname="DESKTOP-K93H14H" failures="1" tests="7" name="openShift" time="646.584" errors="0" timestamp="2022-01-24T19:02:48 IST">
  <testcase classname="com.pack.testCases.TC_BaseClass" name="@BeforeMethod setup" time="305.945">
    <failure type="org.openqa.selenium.TimeoutException" message="java.util.concurrent.TimeoutException
Build info: version: &amp;apos;4.1.0&amp;apos;, revision: &amp;apos;87802e897b&amp;apos;
System info: host: &amp;apos;DESKTOP-K93H14H&amp;apos;, ip: &amp;apos;192.168.0.180&amp;apos;, os.name: &amp;apos;Windows 10&amp;apos;, os.arch: &amp;apos;amd64&amp;apos;, os.version: &amp;apos;10.0&amp;apos;, java.version: &amp;apos;16.0.1&amp;apos;
Driver info: org.openqa.selenium.firefox.FirefoxDriver
Command: [49a87add-0b1e-4233-80cb-9c5ae4b1c04c, clickElement {id=ec65b9aa-f500-4c4a-8cec-e4fc1109f8a8}]
Capabilities {acceptInsecureCerts: true, browserName: firefox, browserVersion: 95.0.2, javascriptEnabled: true, moz:accessibilityChecks: false, moz:buildID: 20211218203254, moz:debuggerAddress: localhost:56035, moz:geckodriverVersion: 0.30.0, moz:headless: false, moz:processID: 17392, moz:profile: C:\Users\745 G6\AppData\Loc..., moz:shutdownTimeout: 60000, moz:useNonSpecCompliantPointerOrigin: false, moz:webdriverClick: true, pageLoadStrategy: normal, platform: WINDOWS, platformName: WINDOWS, platformVersion: 10.0, proxy: Proxy(), se:cdp: ws://localhost:56035/devtoo..., se:cdpVersion: 85, setWindowRect: true, strictFileInteractability: false, timeouts: {implicit: 0, pageLoad: 300000, script: 30000}, unhandledPromptBehavior: dismiss and notify}
Element: [[FirefoxDriver: firefox on WINDOWS (49a87add-0b1e-4233-80cb-9c5ae4b1c04c)] -&amp;gt; xpath: //a[normalize-space()=&amp;apos;RMS Modern&amp;apos;]]
Session ID: 49a87add-0b1e-4233-80cb-9c5ae4b1c04c">
      <![CDATA[org.openqa.selenium.TimeoutException: java.util.concurrent.TimeoutException
Build info: version: '4.1.0', revision: '87802e897b'
System info: host: 'DESKTOP-K93H14H', ip: '192.168.0.180', os.name: 'Windows 10', os.arch: 'amd64', os.version: '10.0', java.version: '16.0.1'
Driver info: org.openqa.selenium.firefox.FirefoxDriver
Command: [49a87add-0b1e-4233-80cb-9c5ae4b1c04c, clickElement {id=ec65b9aa-f500-4c4a-8cec-e4fc1109f8a8}]
Capabilities {acceptInsecureCerts: true, browserName: firefox, browserVersion: 95.0.2, javascriptEnabled: true, moz:accessibilityChecks: false, moz:buildID: 20211218203254, moz:debuggerAddress: localhost:56035, moz:geckodriverVersion: 0.30.0, moz:headless: false, moz:processID: 17392, moz:profile: C:\Users\745 G6\AppData\Loc..., moz:shutdownTimeout: 60000, moz:useNonSpecCompliantPointerOrigin: false, moz:webdriverClick: true, pageLoadStrategy: normal, platform: WINDOWS, platformName: WINDOWS, platformVersion: 10.0, proxy: Proxy(), se:cdp: ws://localhost:56035/devtoo..., se:cdpVersion: 85, setWindowRect: true, strictFileInteractability: false, timeouts: {implicit: 0, pageLoad: 300000, script: 30000}, unhandledPromptBehavior: dismiss and notify}
Element: [[FirefoxDriver: firefox on WINDOWS (49a87add-0b1e-4233-80cb-9c5ae4b1c04c)] -> xpath: //a[normalize-space()='RMS Modern']]
Session ID: 49a87add-0b1e-4233-80cb-9c5ae4b1c04c
at org.openqa.selenium.remote.http.netty.NettyHttpHandler.makeCall(NettyHttpHandler.java:72)
at org.openqa.selenium.remote.http.RetryRequest.lambda$apply$6(RetryRequest.java:82)
at net.jodah.failsafe.Functions.lambda$get$0(Functions.java:48)
at net.jodah.failsafe.RetryPolicyExecutor.lambda$supply$0(RetryPolicyExecutor.java:66)
at net.jodah.failsafe.RetryPolicyExecutor.lambda$supply$0(RetryPolicyExecutor.java:66)
at net.jodah.failsafe.RetryPolicyExecutor.lambda$supply$0(RetryPolicyExecutor.java:66)
at net.jodah.failsafe.Execution.executeSync(Execution.java:128)
at net.jodah.failsafe.FailsafeExecutor.call(FailsafeExecutor.java:379)
at net.jodah.failsafe.FailsafeExecutor.get(FailsafeExecutor.java:68)
at org.openqa.selenium.remote.http.RetryRequest.lambda$apply$7(RetryRequest.java:82)
at org.openqa.selenium.remote.http.AddSeleniumUserAgent.lambda$apply$0(AddSeleniumUserAgent.java:42)
at org.openqa.selenium.remote.http.Filter.lambda$andFinally$1(Filter.java:56)
at org.openqa.selenium.remote.http.netty.NettyHttpHandler.execute(NettyHttpHandler.java:51)
at org.openqa.selenium.remote.http.RetryRequest.lambda$apply$6(RetryRequest.java:82)
at net.jodah.failsafe.Functions.lambda$get$0(Functions.java:48)
at net.jodah.failsafe.RetryPolicyExecutor.lambda$supply$0(RetryPolicyExecutor.java:66)
at net.jodah.failsafe.RetryPolicyExecutor.lambda$supply$0(RetryPolicyExecutor.java:66)
at net.jodah.failsafe.RetryPolicyExecutor.lambda$supply$0(RetryPolicyExecutor.java:66)
at net.jodah.failsafe.Execution.executeSync(Execution.java:128)
at net.jodah.failsafe.FailsafeExecutor.call(FailsafeExecutor.java:379)
at net.jodah.failsafe.FailsafeExecutor.get(FailsafeExecutor.java:68)
at org.openqa.selenium.remote.http.RetryRequest.lambda$apply$7(RetryRequest.java:82)
at org.openqa.selenium.remote.http.AddSeleniumUserAgent.lambda$apply$0(AddSeleniumUserAgent.java:42)
at org.openqa.selenium.remote.http.Filter.lambda$andFinally$1(Filter.java:56)
at org.openqa.selenium.remote.http.netty.NettyClient.execute(NettyClient.java:108)
at org.openqa.selenium.remote.HttpCommandExecutor.execute(HttpCommandExecutor.java:181)
at org.openqa.selenium.remote.service.DriverCommandExecutor.invokeExecute(DriverCommandExecutor.java:164)
at org.openqa.selenium.remote.service.DriverCommandExecutor.execute(DriverCommandExecutor.java:139)
at org.openqa.selenium.remote.RemoteWebDriver.execute(RemoteWebDriver.java:559)
at org.openqa.selenium.remote.RemoteWebElement.execute(RemoteWebElement.java:251)
at org.openqa.selenium.remote.RemoteWebElement.click(RemoteWebElement.java:77)
at com.pack.loginPages.LoginPage.clickSignIn(LoginPage.java:73)
at com.pack.testCases.TC_BaseClass.setup(TC_BaseClass.java:78)
at java.base/java.util.ArrayList.forEach(ArrayList.java:1511)
Caused by: java.util.concurrent.TimeoutException
at java.base/java.util.concurrent.CompletableFuture.timedGet(CompletableFuture.java:1956)
at java.base/java.util.concurrent.CompletableFuture.get(CompletableFuture.java:2091)
at org.asynchttpclient.netty.NettyResponseFuture.get(NettyResponseFuture.java:206)
at org.openqa.selenium.remote.http.netty.NettyHttpHandler.makeCall(NettyHttpHandler.java:66)
... 64 more
... Removed 31 stack frames]]>
    </failure>
  </testcase> <!-- @BeforeMethod setup -->
  <testcase classname="com.pack.testCases.TC_BaseClass" name="@AfterMethod tearDown" time="-1.643031168435E9">
    <skipped/>
  </testcase> <!-- @AfterMethod tearDown -->
  <testcase classname="com.pack.testCases.TC_BaseClass" name="@BeforeMethod setup" time="-1.64303116844E9">
    <skipped/>
  </testcase> <!-- @BeforeMethod setup -->
  <testcase classname="com.pack.testCases.TC_BaseClass" name="@AfterMethod tearDown" time="-1.643031168455E9">
    <skipped/>
  </testcase> <!-- @AfterMethod tearDown -->
  <testcase classname="com.pack.testCases.TC_BaseClass" name="@BeforeMethod setup" time="-1.643031168459E9">
    <skipped/>
  </testcase> <!-- @BeforeMethod setup -->
  <testcase classname="com.pack.testCases.TC_BaseClass" name="@AfterMethod tearDown" time="-1.643031168475E9">
    <skipped/>
  </testcase> <!-- @AfterMethod tearDown -->
  <testcase classname="com.pack.testCases.TC_BaseClass" name="@BeforeMethod setup" time="-1.64303116848E9">
    <skipped/>
  </testcase> <!-- @BeforeMethod setup -->
  <testcase classname="com.pack.testCases.TC_BaseClass" name="@AfterMethod tearDown" time="-1.643031168495E9">
    <skipped/>
  </testcase> <!-- @AfterMethod tearDown -->
  <testcase classname="com.pack.testCases.TC_BaseClass" name="@BeforeMethod setup" time="-1.643031168504E9">
    <skipped/>
  </testcase> <!-- @BeforeMethod setup -->
  <testcase classname="com.pack.testCases.TC_BaseClass" name="@AfterMethod tearDown" time="-1.643031168522E9">
    <skipped/>
  </testcase> <!-- @AfterMethod tearDown -->
  <testcase classname="com.pack.testCases.TC_BaseClass" name="@BeforeMethod setup" time="-1.643031168526E9">
    <skipped/>
  </testcase> <!-- @BeforeMethod setup -->
  <testcase classname="com.pack.testCases.TC_BaseClass" name="@AfterMethod tearDown" time="-1.643031168542E9">
    <skipped/>
  </testcase> <!-- @AfterMethod tearDown -->
  <testcase classname="com.pack.testCases.TC_UpdateEmployeeAvailability" name="updateSchedulingTab" time="80.326">
    <failure type="org.openqa.selenium.NoSuchElementException" message="Unable to locate element: //header/div[1]/div[1]/div[1]/button[1]
For documentation on this error, please visit: https://selenium.dev/exceptions/#no_such_element
Build info: version: &amp;apos;4.1.0&amp;apos;, revision: &amp;apos;87802e897b&amp;apos;
System info: host: &amp;apos;DESKTOP-K93H14H&amp;apos;, ip: &amp;apos;192.168.0.180&amp;apos;, os.name: &amp;apos;Windows 10&amp;apos;, os.arch: &amp;apos;amd64&amp;apos;, os.version: &amp;apos;10.0&amp;apos;, java.version: &amp;apos;16.0.1&amp;apos;
Driver info: org.openqa.selenium.firefox.FirefoxDriver
Command: [d1e32c38-6ae4-4ff9-98af-79786fb25c10, findElement {using=xpath, value=//header/div[1]/div[1]/div[1]/button[1]}]
Capabilities {acceptInsecureCerts: true, browserName: firefox, browserVersion: 95.0.2, javascriptEnabled: true, moz:accessibilityChecks: false, moz:buildID: 20211218203254, moz:debuggerAddress: localhost:60649, moz:geckodriverVersion: 0.30.0, moz:headless: false, moz:processID: 6168, moz:profile: C:\Users\745 G6\AppData\Loc..., moz:shutdownTimeout: 60000, moz:useNonSpecCompliantPointerOrigin: false, moz:webdriverClick: true, pageLoadStrategy: normal, platform: WINDOWS, platformName: WINDOWS, platformVersion: 10.0, proxy: Proxy(), se:cdp: ws://localhost:60649/devtoo..., se:cdpVersion: 85, setWindowRect: true, strictFileInteractability: false, timeouts: {implicit: 0, pageLoad: 300000, script: 30000}, unhandledPromptBehavior: dismiss and notify}
Session ID: d1e32c38-6ae4-4ff9-98af-79786fb25c10">
      <![CDATA[org.openqa.selenium.NoSuchElementException: Unable to locate element: //header/div[1]/div[1]/div[1]/button[1]
For documentation on this error, please visit: https://selenium.dev/exceptions/#no_such_element
Build info: version: '4.1.0', revision: '87802e897b'
System info: host: 'DESKTOP-K93H14H', ip: '192.168.0.180', os.name: 'Windows 10', os.arch: 'amd64', os.version: '10.0', java.version: '16.0.1'
Driver info: org.openqa.selenium.firefox.FirefoxDriver
Command: [d1e32c38-6ae4-4ff9-98af-79786fb25c10, findElement {using=xpath, value=//header/div[1]/div[1]/div[1]/button[1]}]
Capabilities {acceptInsecureCerts: true, browserName: firefox, browserVersion: 95.0.2, javascriptEnabled: true, moz:accessibilityChecks: false, moz:buildID: 20211218203254, moz:debuggerAddress: localhost:60649, moz:geckodriverVersion: 0.30.0, moz:headless: false, moz:processID: 6168, moz:profile: C:\Users\745 G6\AppData\Loc..., moz:shutdownTimeout: 60000, moz:useNonSpecCompliantPointerOrigin: false, moz:webdriverClick: true, pageLoadStrategy: normal, platform: WINDOWS, platformName: WINDOWS, platformVersion: 10.0, proxy: Proxy(), se:cdp: ws://localhost:60649/devtoo..., se:cdpVersion: 85, setWindowRect: true, strictFileInteractability: false, timeouts: {implicit: 0, pageLoad: 300000, script: 30000}, unhandledPromptBehavior: dismiss and notify}
Session ID: d1e32c38-6ae4-4ff9-98af-79786fb25c10
at org.openqa.selenium.remote.codec.w3c.W3CHttpResponseCodec.createException(W3CHttpResponseCodec.java:200)
at org.openqa.selenium.remote.codec.w3c.W3CHttpResponseCodec.decode(W3CHttpResponseCodec.java:133)
at org.openqa.selenium.remote.codec.w3c.W3CHttpResponseCodec.decode(W3CHttpResponseCodec.java:53)
at org.openqa.selenium.remote.HttpCommandExecutor.execute(HttpCommandExecutor.java:184)
at org.openqa.selenium.remote.service.DriverCommandExecutor.invokeExecute(DriverCommandExecutor.java:164)
at org.openqa.selenium.remote.service.DriverCommandExecutor.execute(DriverCommandExecutor.java:139)
at org.openqa.selenium.remote.RemoteWebDriver.execute(RemoteWebDriver.java:559)
at org.openqa.selenium.remote.ElementLocation$ElementFinder$2.findElement(ElementLocation.java:162)
at org.openqa.selenium.remote.ElementLocation.findElement(ElementLocation.java:60)
at org.openqa.selenium.remote.RemoteWebDriver.findElement(RemoteWebDriver.java:383)
at org.openqa.selenium.remote.RemoteWebDriver.findElement(RemoteWebDriver.java:375)
at org.openqa.selenium.support.pagefactory.DefaultElementLocator.findElement(DefaultElementLocator.java:70)
at org.openqa.selenium.support.pagefactory.internal.LocatingElementHandler.invoke(LocatingElementHandler.java:39)
at jdk.proxy2/jdk.proxy2.$Proxy22.click(Unknown Source)
at com.pack.loginPages.EmployeeMaintenance.clickUnifocus(EmployeeMaintenance.java:39)
at com.pack.testCases.TC_UpdateEmployeeAvailability.updateSchedulingTab(TC_UpdateEmployeeAvailability.java:21)
at java.base/java.util.ArrayList.forEach(ArrayList.java:1511)
... Removed 32 stack frames]]>
    </failure>
  </testcase> <!-- updateSchedulingTab -->
  <testcase classname="com.pack.testCases.TC_UpdateEmployeeAvailability" name="updateSchedulingTab" time="0.0">
    <skipped/>
  </testcase> <!-- updateSchedulingTab -->
  <testcase classname="com.pack.testCases.TC_UpdateEmployeeAvailability" name="updateSchedulingTab" time="0.0">
    <skipped/>
  </testcase> <!-- updateSchedulingTab -->
  <testcase classname="com.pack.testCases.TC_UpdateEmployeeAvailability" name="updateSchedulingTab" time="0.0">
    <skipped/>
  </testcase> <!-- updateSchedulingTab -->
  <testcase classname="com.pack.testCases.TC_UpdateEmployeeAvailability" name="updateSchedulingTab" time="0.0">
    <skipped/>
  </testcase> <!-- updateSchedulingTab -->
  <testcase classname="com.pack.testCases.TC_UpdateEmployeeAvailability" name="updateSchedulingTab" time="0.0">
    <skipped/>
  </testcase> <!-- updateSchedulingTab -->
  <testcase classname="com.pack.testCases.TC_UpdateEmployeeAvailability" name="updateSchedulingTab" time="0.0">
    <skipped/>
  </testcase> <!-- updateSchedulingTab -->
</testsuite> <!-- openShift -->
