<?xml version="1.0" encoding="UTF-8"?>
<testng-results ignored="0" total="1" passed="1" failed="0" skipped="0">
  <reporter-output>
  </reporter-output>
  <suite started-at="2021-08-09T14:59:27 IST" name="UnifocusScheduler" finished-at="2021-08-09T15:02:10 IST" duration-ms="163034">
    <groups>
    </groups>
    <test started-at="2021-08-09T14:59:27 IST" name="openShift" finished-at="2021-08-09T15:02:10 IST" duration-ms="163034">
      <class name="com.pack.testCases.TC_DeleteAllShifts">
        <test-method is-config="true" signature="setup(java.lang.String)[pri:0, instance:com.pack.testCases.TC_DeleteAllShifts@4f5991f6]" started-at="2021-08-09T14:59:28 IST" name="setup" finished-at="2021-08-09T14:59:41 IST" duration-ms="13495" status="PASS">
          <params>
            <param index="0">
              <value>
                <![CDATA[firefox]]>
              </value>
            </param>
          </params>
          <reporter-output>
          </reporter-output>
        </test-method> <!-- setup -->
        <test-method signature="deleteAllShift()[pri:0, instance:com.pack.testCases.TC_DeleteAllShifts@4f5991f6]" started-at="2021-08-09T14:59:41 IST" name="deleteAllShift" finished-at="2021-08-09T15:02:09 IST" duration-ms="147782" status="PASS">
          <reporter-output>
          </reporter-output>
        </test-method> <!-- deleteAllShift -->
        <test-method is-config="true" signature="tearDown()[pri:0, instance:com.pack.testCases.TC_DeleteAllShifts@4f5991f6]" started-at="2021-08-09T15:02:09 IST" name="tearDown" finished-at="2021-08-09T15:02:10 IST" duration-ms="1078" status="PASS">
          <reporter-output>
          </reporter-output>
        </test-method> <!-- tearDown -->
      </class> <!-- com.pack.testCases.TC_DeleteAllShifts -->
    </test> <!-- openShift -->
  </suite> <!-- UnifocusScheduler -->
</testng-results>
