<?xml version="1.0" encoding="UTF-8"?>
<testng-results ignored="0" total="1" passed="1" failed="0" skipped="0">
  <reporter-output>
  </reporter-output>
  <suite started-at="2021-11-18T17:10:12 IST" name="UnifocusScheduler" finished-at="2021-11-18T17:11:46 IST" duration-ms="94507">
    <groups>
    </groups>
    <test started-at="2021-11-18T17:10:12 IST" name="openShift" finished-at="2021-11-18T17:11:46 IST" duration-ms="94507">
      <class name="com.pack.testCases.TC_EmployeeFieldOverrides">
        <test-method is-config="true" signature="setup(java.lang.String)[pri:0, instance:com.pack.testCases.TC_EmployeeFieldOverrides@2eee3069]" started-at="2021-11-18T17:10:12 IST" name="setup" finished-at="2021-11-18T17:10:17 IST" duration-ms="4828" status="PASS">
          <params>
            <param index="0">
              <value>
                <![CDATA[chrome]]>
              </value>
            </param>
          </params>
          <reporter-output>
          </reporter-output>
        </test-method> <!-- setup -->
        <test-method signature="employeeFieldOverrides()[pri:0, instance:com.pack.testCases.TC_EmployeeFieldOverrides@2eee3069]" started-at="2021-11-18T17:10:17 IST" name="employeeFieldOverrides" finished-at="2021-11-18T17:11:45 IST" duration-ms="87405" status="PASS">
          <reporter-output>
          </reporter-output>
        </test-method> <!-- employeeFieldOverrides -->
        <test-method is-config="true" signature="tearDown()[pri:0, instance:com.pack.testCases.TC_EmployeeFieldOverrides@2eee3069]" started-at="2021-11-18T17:11:45 IST" name="tearDown" finished-at="2021-11-18T17:11:46 IST" duration-ms="1510" status="PASS">
          <reporter-output>
          </reporter-output>
        </test-method> <!-- tearDown -->
      </class> <!-- com.pack.testCases.TC_EmployeeFieldOverrides -->
    </test> <!-- openShift -->
  </suite> <!-- UnifocusScheduler -->
</testng-results>
