<?xml version="1.0" encoding="UTF-8"?>
<testng-results ignored="0" total="1" passed="1" failed="0" skipped="0">
  <reporter-output>
  </reporter-output>
  <suite started-at="2022-02-16T16:41:20 IST" name="UnifocusScheduler" finished-at="2022-02-16T16:42:28 IST" duration-ms="68616">
    <groups>
    </groups>
    <test started-at="2022-02-16T16:41:20 IST" name="openShift" finished-at="2022-02-16T16:42:28 IST" duration-ms="68616">
      <class name="com.pack.testCases.TC_C32968">
        <test-method is-config="true" signature="setup(java.lang.String)[pri:0, instance:com.pack.testCases.TC_C32968@628c4ac0]" started-at="2022-02-16T16:41:20 IST" name="setup" finished-at="2022-02-16T16:41:58 IST" duration-ms="38448" status="PASS">
          <params>
            <param index="0">
              <value>
                <![CDATA[firefox]]>
              </value>
            </param>
          </params>
          <reporter-output>
          </reporter-output>
        </test-method> <!-- setup -->
        <test-method signature="certification()[pri:0, instance:com.pack.testCases.TC_C32968@628c4ac0]" started-at="2022-02-16T16:41:59 IST" name="certification" finished-at="2022-02-16T16:42:27 IST" duration-ms="28508" status="PASS">
          <reporter-output>
          </reporter-output>
        </test-method> <!-- certification -->
        <test-method is-config="true" signature="tearDown()[pri:0, instance:com.pack.testCases.TC_C32968@628c4ac0]" started-at="2022-02-16T16:42:27 IST" name="tearDown" finished-at="2022-02-16T16:42:28 IST" duration-ms="1216" status="PASS">
          <reporter-output>
          </reporter-output>
        </test-method> <!-- tearDown -->
      </class> <!-- com.pack.testCases.TC_C32968 -->
    </test> <!-- openShift -->
  </suite> <!-- UnifocusScheduler -->
</testng-results>
