<?xml version="1.0" encoding="UTF-8"?>
<testng-results ignored="0" total="7" passed="4" failed="3" skipped="0">
  <reporter-output>
  </reporter-output>
  <suite started-at="2022-01-27T15:38:12 IST" name="UnifocusScheduler" finished-at="2022-01-27T16:29:52 IST" duration-ms="3099891">
    <groups>
    </groups>
    <test started-at="2022-01-27T15:38:12 IST" name="openShift" finished-at="2022-01-27T16:29:52 IST" duration-ms="3099891">
      <class name="com.pack.testCases.TC_UpdateEmployeeAvailability">
        <test-method is-config="true" signature="setup(java.lang.String)[pri:0, instance:com.pack.testCases.TC_UpdateEmployeeAvailability@5b202a3a]" started-at="2022-01-27T15:38:18 IST" name="setup" finished-at="2022-01-27T15:40:20 IST" duration-ms="121992" status="PASS">
          <params>
            <param index="0">
              <value>
                <![CDATA[firefox]]>
              </value>
            </param>
          </params>
          <reporter-output>
          </reporter-output>
        </test-method> <!-- setup -->
        <test-method signature="updateSchedulingTab(java.lang.String,java.lang.String,java.lang.String,java.lang.String,java.lang.String,java.lang.String,java.lang.String,java.lang.String,java.lang.String,java.lang.String,java.lang.String,java.lang.String,java.lang.String,java.lang.String,java.lang.String,java.lang.String,java.lang.String,java.lang.String,java.lang.String,java.lang.String,java.lang.String,java.lang.String,java.lang.String,java.lang.String,java.lang.String,java.lang.String,java.lang.String,java.lang.String)[pri:0, instance:com.pack.testCases.TC_UpdateEmployeeAvailability@5b202a3a]" started-at="2022-01-27T15:40:20 IST" name="updateSchedulingTab" data-provider="EmployeeAvailability" finished-at="2022-01-27T15:42:45 IST" duration-ms="144796" status="FAIL">
          <params>
            <param index="0">
              <value>
                <![CDATA[585213]]>
              </value>
            </param>
            <param index="1">
              <value>
                <![CDATA[9:00AM]]>
              </value>
            </param>
            <param index="2">
              <value>
                <![CDATA[5:00PM]]>
              </value>
            </param>
            <param index="3">
              <value>
                <![CDATA[MONDAY]]>
              </value>
            </param>
            <param index="4">
              <value>
                <![CDATA[FRIDAY]]>
              </value>
            </param>
            <param index="5">
              <value>
                <![CDATA[WEDNESDAY]]>
              </value>
            </param>
            <param index="6">
              <value>
                <![CDATA[7:00PM]]>
              </value>
            </param>
            <param index="7">
              <value>
                <![CDATA[3:00AM]]>
              </value>
            </param>
            <param index="8">
              <value>
                <![CDATA[MONDAY]]>
              </value>
            </param>
            <param index="9">
              <value>
                <![CDATA[6:00PM]]>
              </value>
            </param>
            <param index="10">
              <value>
                <![CDATA[2:00AM]]>
              </value>
            </param>
            <param index="11">
              <value>
                <![CDATA[THURSDAY]]>
              </value>
            </param>
            <param index="12">
              <value>
                <![CDATA[7:00PM]]>
              </value>
            </param>
            <param index="13">
              <value>
                <![CDATA[3:00AM]]>
              </value>
            </param>
            <param index="14">
              <value>
                <![CDATA[//ul[@role='tree']/li[1]/ul[1]/li[2]/ul[1]/li[9]/span[2]/span[1]]]>
              </value>
            </param>
            <param index="15">
              <value>
                <![CDATA[bharat]]>
              </value>
            </param>
            <param index="16">
              <value>
                <![CDATA[585213]]>
              </value>
            </param>
            <param index="17">
              <value>
                <![CDATA[4:00AM]]>
              </value>
            </param>
            <param index="18">
              <value>
                <![CDATA[1:00PM]]>
              </value>
            </param>
            <param index="19">
              <value>
                <![CDATA[MONDAY]]>
              </value>
            </param>
            <param index="20">
              <value>
                <![CDATA[TUESDAY]]>
              </value>
            </param>
            <param index="21">
              <value>
                <![CDATA[WEDNESDAY]]>
              </value>
            </param>
            <param index="22">
              <value>
                <![CDATA[THURSDAY]]>
              </value>
            </param>
            <param index="23">
              <value>
                <![CDATA[TUESDAY]]>
              </value>
            </param>
            <param index="24">
              <value>
                <![CDATA[6:00AM]]>
              </value>
            </param>
            <param index="25">
              <value>
                <![CDATA[2:00PM]]>
              </value>
            </param>
            <param index="26">
              <value>
                <![CDATA[WEDNESDAY]]>
              </value>
            </param>
            <param index="27">
              <value>
                <![CDATA[THURSDAY]]>
              </value>
            </param>
          </params>
          <exception class="org.openqa.selenium.TimeoutException">
            <message>
              <![CDATA[Expected condition failed: waiting for element to be clickable: By.xpath: //div[@id='type']/label[1]/span[@class='ant-radio ant-radio-checked'] (tried for 40 second(s) with 500 milliseconds interval)
Build info: version: '4.1.0', revision: '87802e897b'
System info: host: 'DESKTOP-K93H14H', ip: '192.168.0.180', os.name: 'Windows 10', os.arch: 'amd64', os.version: '10.0', java.version: '16.0.1'
Driver info: org.openqa.selenium.firefox.FirefoxDriver
Capabilities {acceptInsecureCerts: true, browserName: firefox, browserVersion: 95.0.2, javascriptEnabled: true, moz:accessibilityChecks: false, moz:buildID: 20211218203254, moz:debuggerAddress: localhost:59038, moz:geckodriverVersion: 0.30.0, moz:headless: false, moz:processID: 14568, moz:profile: C:\Users\745 G6\AppData\Loc..., moz:shutdownTimeout: 60000, moz:useNonSpecCompliantPointerOrigin: false, moz:webdriverClick: true, pageLoadStrategy: normal, platform: WINDOWS, platformName: WINDOWS, platformVersion: 10.0, proxy: Proxy(), se:cdp: ws://localhost:59038/devtoo..., se:cdpVersion: 85, setWindowRect: true, strictFileInteractability: false, timeouts: {implicit: 0, pageLoad: 300000, script: 30000}, unhandledPromptBehavior: dismiss and notify}
Session ID: f82423a9-36fd-41d2-9477-5f0ac987de87]]>
            </message>
            <full-stacktrace>
              <![CDATA[org.openqa.selenium.TimeoutException: Expected condition failed: waiting for element to be clickable: By.xpath: //div[@id='type']/label[1]/span[@class='ant-radio ant-radio-checked'] (tried for 40 second(s) with 500 milliseconds interval)
Build info: version: '4.1.0', revision: '87802e897b'
System info: host: 'DESKTOP-K93H14H', ip: '192.168.0.180', os.name: 'Windows 10', os.arch: 'amd64', os.version: '10.0', java.version: '16.0.1'
Driver info: org.openqa.selenium.firefox.FirefoxDriver
Capabilities {acceptInsecureCerts: true, browserName: firefox, browserVersion: 95.0.2, javascriptEnabled: true, moz:accessibilityChecks: false, moz:buildID: 20211218203254, moz:debuggerAddress: localhost:59038, moz:geckodriverVersion: 0.30.0, moz:headless: false, moz:processID: 14568, moz:profile: C:\Users\745 G6\AppData\Loc..., moz:shutdownTimeout: 60000, moz:useNonSpecCompliantPointerOrigin: false, moz:webdriverClick: true, pageLoadStrategy: normal, platform: WINDOWS, platformName: WINDOWS, platformVersion: 10.0, proxy: Proxy(), se:cdp: ws://localhost:59038/devtoo..., se:cdpVersion: 85, setWindowRect: true, strictFileInteractability: false, timeouts: {implicit: 0, pageLoad: 300000, script: 30000}, unhandledPromptBehavior: dismiss and notify}
Session ID: f82423a9-36fd-41d2-9477-5f0ac987de87
at org.openqa.selenium.support.ui.WebDriverWait.timeoutException(WebDriverWait.java:138)
at org.openqa.selenium.support.ui.FluentWait.until(FluentWait.java:231)
at com.pack.loginPages.UpdateEmployeeAvailability.clickEmptyCell(UpdateEmployeeAvailability.java:152)
at com.pack.testCases.TC_UpdateEmployeeAvailability.updateSchedulingTab(TC_UpdateEmployeeAvailability.java:31)
at java.base/jdk.internal.reflect.NativeMethodAccessorImpl.invoke0(Native Method)
at java.base/jdk.internal.reflect.NativeMethodAccessorImpl.invoke(NativeMethodAccessorImpl.java:78)
at java.base/jdk.internal.reflect.DelegatingMethodAccessorImpl.invoke(DelegatingMethodAccessorImpl.java:43)
at java.base/java.lang.reflect.Method.invoke(Method.java:567)
at org.testng.internal.MethodInvocationHelper.invokeMethod(MethodInvocationHelper.java:133)
at org.testng.internal.TestInvoker.invokeMethod(TestInvoker.java:598)
at org.testng.internal.TestInvoker.invokeTestMethod(TestInvoker.java:173)
at org.testng.internal.MethodRunner.runInSequence(MethodRunner.java:46)
at org.testng.internal.TestInvoker$MethodInvocationAgent.invoke(TestInvoker.java:824)
at org.testng.internal.TestInvoker.invokeTestMethods(TestInvoker.java:146)
at org.testng.internal.TestMethodWorker.invokeTestMethods(TestMethodWorker.java:146)
at org.testng.internal.TestMethodWorker.run(TestMethodWorker.java:128)
at java.base/java.util.ArrayList.forEach(ArrayList.java:1511)
at org.testng.TestRunner.privateRun(TestRunner.java:794)
at org.testng.TestRunner.run(TestRunner.java:596)
at org.testng.SuiteRunner.runTest(SuiteRunner.java:377)
at org.testng.SuiteRunner.runSequentially(SuiteRunner.java:371)
at org.testng.SuiteRunner.privateRun(SuiteRunner.java:332)
at org.testng.SuiteRunner.run(SuiteRunner.java:276)
at org.testng.SuiteRunnerWorker.runSuite(SuiteRunnerWorker.java:53)
at org.testng.SuiteRunnerWorker.run(SuiteRunnerWorker.java:96)
at org.testng.TestNG.runSuitesSequentially(TestNG.java:1212)
at org.testng.TestNG.runSuitesLocally(TestNG.java:1134)
at org.testng.TestNG.runSuites(TestNG.java:1063)
at org.testng.TestNG.run(TestNG.java:1031)
at org.testng.remote.AbstractRemoteTestNG.run(AbstractRemoteTestNG.java:115)
at org.testng.remote.RemoteTestNG.initAndRun(RemoteTestNG.java:251)
at org.testng.remote.RemoteTestNG.main(RemoteTestNG.java:77)
]]>
            </full-stacktrace>
          </exception> <!-- org.openqa.selenium.TimeoutException -->
          <reporter-output>
          </reporter-output>
        </test-method> <!-- updateSchedulingTab -->
        <test-method is-config="true" signature="tearDown()[pri:0, instance:com.pack.testCases.TC_UpdateEmployeeAvailability@5b202a3a]" started-at="2022-01-27T15:42:45 IST" name="tearDown" finished-at="2022-01-27T15:42:46 IST" duration-ms="1099" status="PASS">
          <reporter-output>
          </reporter-output>
        </test-method> <!-- tearDown -->
        <test-method is-config="true" signature="setup(java.lang.String)[pri:0, instance:com.pack.testCases.TC_UpdateEmployeeAvailability@5b202a3a]" started-at="2022-01-27T15:42:46 IST" name="setup" finished-at="2022-01-27T15:44:55 IST" duration-ms="129158" status="PASS">
          <params>
            <param index="0">
              <value>
                <![CDATA[firefox]]>
              </value>
            </param>
          </params>
          <reporter-output>
          </reporter-output>
        </test-method> <!-- setup -->
        <test-method signature="updateSchedulingTab(java.lang.String,java.lang.String,java.lang.String,java.lang.String,java.lang.String,java.lang.String,java.lang.String,java.lang.String,java.lang.String,java.lang.String,java.lang.String,java.lang.String,java.lang.String,java.lang.String,java.lang.String,java.lang.String,java.lang.String,java.lang.String,java.lang.String,java.lang.String,java.lang.String,java.lang.String,java.lang.String,java.lang.String,java.lang.String,java.lang.String,java.lang.String,java.lang.String)[pri:0, instance:com.pack.testCases.TC_UpdateEmployeeAvailability@5b202a3a]" started-at="2022-01-27T15:44:55 IST" name="updateSchedulingTab" data-provider="EmployeeAvailability" finished-at="2022-01-27T15:51:39 IST" duration-ms="404108" status="PASS">
          <params>
            <param index="0">
              <value>
                <![CDATA[69]]>
              </value>
            </param>
            <param index="1">
              <value>
                <![CDATA[8:00AM]]>
              </value>
            </param>
            <param index="2">
              <value>
                <![CDATA[4:00PM]]>
              </value>
            </param>
            <param index="3">
              <value>
                <![CDATA[TUESDAY]]>
              </value>
            </param>
            <param index="4">
              <value>
                <![CDATA[SUNDAY]]>
              </value>
            </param>
            <param index="5">
              <value>
                <![CDATA[MONDAY]]>
              </value>
            </param>
            <param index="6">
              <value>
                <![CDATA[6:00PM]]>
              </value>
            </param>
            <param index="7">
              <value>
                <![CDATA[2:00AM]]>
              </value>
            </param>
            <param index="8">
              <value>
                <![CDATA[TUESDAY]]>
              </value>
            </param>
            <param index="9">
              <value>
                <![CDATA[5:00PM]]>
              </value>
            </param>
            <param index="10">
              <value>
                <![CDATA[1:00AM]]>
              </value>
            </param>
            <param index="11">
              <value>
                <![CDATA[SATURDAY]]>
              </value>
            </param>
            <param index="12">
              <value>
                <![CDATA[6:00PM]]>
              </value>
            </param>
            <param index="13">
              <value>
                <![CDATA[2:00AM]]>
              </value>
            </param>
            <param index="14">
              <value>
                <![CDATA[//ul[@role='tree']/li[1]/ul[1]/li[1]/ul[1]/li[1]/span[2]/span[1]
]]>
              </value>
            </param>
            <param index="15">
              <value>
                <![CDATA[Blanchard, Tasha]]>
              </value>
            </param>
            <param index="16">
              <value>
                <![CDATA[69]]>
              </value>
            </param>
            <param index="17">
              <value>
                <![CDATA[3:00AM]]>
              </value>
            </param>
            <param index="18">
              <value>
                <![CDATA[11:00PM]]>
              </value>
            </param>
            <param index="19">
              <value>
                <![CDATA[TUESDAY]]>
              </value>
            </param>
            <param index="20">
              <value>
                <![CDATA[WEDNESDAY]]>
              </value>
            </param>
            <param index="21">
              <value>
                <![CDATA[THURSDAY]]>
              </value>
            </param>
            <param index="22">
              <value>
                <![CDATA[FRIDAY]]>
              </value>
            </param>
            <param index="23">
              <value>
                <![CDATA[WEDNESDAY]]>
              </value>
            </param>
            <param index="24">
              <value>
                <![CDATA[7:00AM]]>
              </value>
            </param>
            <param index="25">
              <value>
                <![CDATA[3:00PM]]>
              </value>
            </param>
            <param index="26">
              <value>
                <![CDATA[THURSDAY]]>
              </value>
            </param>
            <param index="27">
              <value>
                <![CDATA[FRIDAY]]>
              </value>
            </param>
          </params>
          <reporter-output>
          </reporter-output>
        </test-method> <!-- updateSchedulingTab -->
        <test-method is-config="true" signature="tearDown()[pri:0, instance:com.pack.testCases.TC_UpdateEmployeeAvailability@5b202a3a]" started-at="2022-01-27T15:51:39 IST" name="tearDown" finished-at="2022-01-27T15:51:44 IST" duration-ms="4387" status="PASS">
          <reporter-output>
          </reporter-output>
        </test-method> <!-- tearDown -->
        <test-method is-config="true" signature="setup(java.lang.String)[pri:0, instance:com.pack.testCases.TC_UpdateEmployeeAvailability@5b202a3a]" started-at="2022-01-27T15:51:44 IST" name="setup" finished-at="2022-01-27T15:54:22 IST" duration-ms="158386" status="PASS">
          <params>
            <param index="0">
              <value>
                <![CDATA[firefox]]>
              </value>
            </param>
          </params>
          <reporter-output>
          </reporter-output>
        </test-method> <!-- setup -->
        <test-method signature="updateSchedulingTab(java.lang.String,java.lang.String,java.lang.String,java.lang.String,java.lang.String,java.lang.String,java.lang.String,java.lang.String,java.lang.String,java.lang.String,java.lang.String,java.lang.String,java.lang.String,java.lang.String,java.lang.String,java.lang.String,java.lang.String,java.lang.String,java.lang.String,java.lang.String,java.lang.String,java.lang.String,java.lang.String,java.lang.String,java.lang.String,java.lang.String,java.lang.String,java.lang.String)[pri:0, instance:com.pack.testCases.TC_UpdateEmployeeAvailability@5b202a3a]" started-at="2022-01-27T15:54:22 IST" name="updateSchedulingTab" data-provider="EmployeeAvailability" finished-at="2022-01-27T15:59:40 IST" duration-ms="317719" status="FAIL">
          <params>
            <param index="0">
              <value>
                <![CDATA[976537]]>
              </value>
            </param>
            <param index="1">
              <value>
                <![CDATA[7:00AM]]>
              </value>
            </param>
            <param index="2">
              <value>
                <![CDATA[3:00PM]]>
              </value>
            </param>
            <param index="3">
              <value>
                <![CDATA[WEDNESDAY]]>
              </value>
            </param>
            <param index="4">
              <value>
                <![CDATA[SATURDAY]]>
              </value>
            </param>
            <param index="5">
              <value>
                <![CDATA[THURSDAY]]>
              </value>
            </param>
            <param index="6">
              <value>
                <![CDATA[5:00PM]]>
              </value>
            </param>
            <param index="7">
              <value>
                <![CDATA[1:00AM]]>
              </value>
            </param>
            <param index="8">
              <value>
                <![CDATA[WEDNESDAY]]>
              </value>
            </param>
            <param index="9">
              <value>
                <![CDATA[4:00PM]]>
              </value>
            </param>
            <param index="10">
              <value>
                <![CDATA[12:00AM]]>
              </value>
            </param>
            <param index="11">
              <value>
                <![CDATA[FRIDAY]]>
              </value>
            </param>
            <param index="12">
              <value>
                <![CDATA[5:00PM]]>
              </value>
            </param>
            <param index="13">
              <value>
                <![CDATA[1:00AM]]>
              </value>
            </param>
            <param index="14">
              <value>
                <![CDATA[//ul[@role='tree']/li[1]/ul[1]/li[2]/ul[1]/li[9]/span[2]/span[1]]]>
              </value>
            </param>
            <param index="15">
              <value>
                <![CDATA[Brooks]]>
              </value>
            </param>
            <param index="16">
              <value>
                <![CDATA[976537]]>
              </value>
            </param>
            <param index="17">
              <value>
                <![CDATA[2:00AM]]>
              </value>
            </param>
            <param index="18">
              <value>
                <![CDATA[10:00AM]]>
              </value>
            </param>
            <param index="19">
              <value>
                <![CDATA[WEDNESDAY]]>
              </value>
            </param>
            <param index="20">
              <value>
                <![CDATA[THURSDAY]]>
              </value>
            </param>
            <param index="21">
              <value>
                <![CDATA[FRIDAY]]>
              </value>
            </param>
            <param index="22">
              <value>
                <![CDATA[MONDAY]]>
              </value>
            </param>
            <param index="23">
              <value>
                <![CDATA[THURSDAY]]>
              </value>
            </param>
            <param index="24">
              <value>
                <![CDATA[8:00AM]]>
              </value>
            </param>
            <param index="25">
              <value>
                <![CDATA[4:00PM]]>
              </value>
            </param>
            <param index="26">
              <value>
                <![CDATA[FRIDAY]]>
              </value>
            </param>
            <param index="27">
              <value>
                <![CDATA[MONDAY]]>
              </value>
            </param>
          </params>
          <exception class="org.openqa.selenium.TimeoutException">
            <message>
              <![CDATA[Expected condition failed: waiting for element to be clickable: By.xpath: //button[@class='ant-btn ant-btn-primary'] (tried for 40 second(s) with 500 milliseconds interval)
Build info: version: '4.1.0', revision: '87802e897b'
System info: host: 'DESKTOP-K93H14H', ip: '192.168.0.180', os.name: 'Windows 10', os.arch: 'amd64', os.version: '10.0', java.version: '16.0.1'
Driver info: org.openqa.selenium.firefox.FirefoxDriver
Capabilities {acceptInsecureCerts: true, browserName: firefox, browserVersion: 95.0.2, javascriptEnabled: true, moz:accessibilityChecks: false, moz:buildID: 20211218203254, moz:debuggerAddress: localhost:59020, moz:geckodriverVersion: 0.30.0, moz:headless: false, moz:processID: 15320, moz:profile: C:\Users\745 G6\AppData\Loc..., moz:shutdownTimeout: 60000, moz:useNonSpecCompliantPointerOrigin: false, moz:webdriverClick: true, pageLoadStrategy: normal, platform: WINDOWS, platformName: WINDOWS, platformVersion: 10.0, proxy: Proxy(), se:cdp: ws://localhost:59020/devtoo..., se:cdpVersion: 85, setWindowRect: true, strictFileInteractability: false, timeouts: {implicit: 0, pageLoad: 300000, script: 30000}, unhandledPromptBehavior: dismiss and notify}
Session ID: 9b386ca4-eee3-4ff7-b73d-eb584b86cec1]]>
            </message>
            <full-stacktrace>
              <![CDATA[org.openqa.selenium.TimeoutException: Expected condition failed: waiting for element to be clickable: By.xpath: //button[@class='ant-btn ant-btn-primary'] (tried for 40 second(s) with 500 milliseconds interval)
Build info: version: '4.1.0', revision: '87802e897b'
System info: host: 'DESKTOP-K93H14H', ip: '192.168.0.180', os.name: 'Windows 10', os.arch: 'amd64', os.version: '10.0', java.version: '16.0.1'
Driver info: org.openqa.selenium.firefox.FirefoxDriver
Capabilities {acceptInsecureCerts: true, browserName: firefox, browserVersion: 95.0.2, javascriptEnabled: true, moz:accessibilityChecks: false, moz:buildID: 20211218203254, moz:debuggerAddress: localhost:59020, moz:geckodriverVersion: 0.30.0, moz:headless: false, moz:processID: 15320, moz:profile: C:\Users\745 G6\AppData\Loc..., moz:shutdownTimeout: 60000, moz:useNonSpecCompliantPointerOrigin: false, moz:webdriverClick: true, pageLoadStrategy: normal, platform: WINDOWS, platformName: WINDOWS, platformVersion: 10.0, proxy: Proxy(), se:cdp: ws://localhost:59020/devtoo..., se:cdpVersion: 85, setWindowRect: true, strictFileInteractability: false, timeouts: {implicit: 0, pageLoad: 300000, script: 30000}, unhandledPromptBehavior: dismiss and notify}
Session ID: 9b386ca4-eee3-4ff7-b73d-eb584b86cec1
at org.openqa.selenium.support.ui.WebDriverWait.timeoutException(WebDriverWait.java:138)
at org.openqa.selenium.support.ui.FluentWait.until(FluentWait.java:231)
at com.pack.loginPages.UpdateEmployeeAvailability.selectCheckBoxs1(UpdateEmployeeAvailability.java:428)
at com.pack.testCases.TC_UpdateEmployeeAvailability.updateSchedulingTab(TC_UpdateEmployeeAvailability.java:43)
at java.base/jdk.internal.reflect.NativeMethodAccessorImpl.invoke0(Native Method)
at java.base/jdk.internal.reflect.NativeMethodAccessorImpl.invoke(NativeMethodAccessorImpl.java:78)
at java.base/jdk.internal.reflect.DelegatingMethodAccessorImpl.invoke(DelegatingMethodAccessorImpl.java:43)
at java.base/java.lang.reflect.Method.invoke(Method.java:567)
at org.testng.internal.MethodInvocationHelper.invokeMethod(MethodInvocationHelper.java:133)
at org.testng.internal.TestInvoker.invokeMethod(TestInvoker.java:598)
at org.testng.internal.TestInvoker.invokeTestMethod(TestInvoker.java:173)
at org.testng.internal.MethodRunner.runInSequence(MethodRunner.java:46)
at org.testng.internal.TestInvoker$MethodInvocationAgent.invoke(TestInvoker.java:824)
at org.testng.internal.TestInvoker.invokeTestMethods(TestInvoker.java:146)
at org.testng.internal.TestMethodWorker.invokeTestMethods(TestMethodWorker.java:146)
at org.testng.internal.TestMethodWorker.run(TestMethodWorker.java:128)
at java.base/java.util.ArrayList.forEach(ArrayList.java:1511)
at org.testng.TestRunner.privateRun(TestRunner.java:794)
at org.testng.TestRunner.run(TestRunner.java:596)
at org.testng.SuiteRunner.runTest(SuiteRunner.java:377)
at org.testng.SuiteRunner.runSequentially(SuiteRunner.java:371)
at org.testng.SuiteRunner.privateRun(SuiteRunner.java:332)
at org.testng.SuiteRunner.run(SuiteRunner.java:276)
at org.testng.SuiteRunnerWorker.runSuite(SuiteRunnerWorker.java:53)
at org.testng.SuiteRunnerWorker.run(SuiteRunnerWorker.java:96)
at org.testng.TestNG.runSuitesSequentially(TestNG.java:1212)
at org.testng.TestNG.runSuitesLocally(TestNG.java:1134)
at org.testng.TestNG.runSuites(TestNG.java:1063)
at org.testng.TestNG.run(TestNG.java:1031)
at org.testng.remote.AbstractRemoteTestNG.run(AbstractRemoteTestNG.java:115)
at org.testng.remote.RemoteTestNG.initAndRun(RemoteTestNG.java:251)
at org.testng.remote.RemoteTestNG.main(RemoteTestNG.java:77)
]]>
            </full-stacktrace>
          </exception> <!-- org.openqa.selenium.TimeoutException -->
          <reporter-output>
          </reporter-output>
        </test-method> <!-- updateSchedulingTab -->
        <test-method is-config="true" signature="tearDown()[pri:0, instance:com.pack.testCases.TC_UpdateEmployeeAvailability@5b202a3a]" started-at="2022-01-27T15:59:40 IST" name="tearDown" finished-at="2022-01-27T15:59:44 IST" duration-ms="4330" status="PASS">
          <reporter-output>
          </reporter-output>
        </test-method> <!-- tearDown -->
        <test-method is-config="true" signature="setup(java.lang.String)[pri:0, instance:com.pack.testCases.TC_UpdateEmployeeAvailability@5b202a3a]" started-at="2022-01-27T15:59:44 IST" name="setup" finished-at="2022-01-27T16:01:42 IST" duration-ms="117730" status="PASS">
          <params>
            <param index="0">
              <value>
                <![CDATA[firefox]]>
              </value>
            </param>
          </params>
          <reporter-output>
          </reporter-output>
        </test-method> <!-- setup -->
        <test-method signature="updateSchedulingTab(java.lang.String,java.lang.String,java.lang.String,java.lang.String,java.lang.String,java.lang.String,java.lang.String,java.lang.String,java.lang.String,java.lang.String,java.lang.String,java.lang.String,java.lang.String,java.lang.String,java.lang.String,java.lang.String,java.lang.String,java.lang.String,java.lang.String,java.lang.String,java.lang.String,java.lang.String,java.lang.String,java.lang.String,java.lang.String,java.lang.String,java.lang.String,java.lang.String)[pri:0, instance:com.pack.testCases.TC_UpdateEmployeeAvailability@5b202a3a]" started-at="2022-01-27T16:01:42 IST" name="updateSchedulingTab" data-provider="EmployeeAvailability" finished-at="2022-01-27T16:07:18 IST" duration-ms="335698" status="PASS">
          <params>
            <param index="0">
              <value>
                <![CDATA[585278]]>
              </value>
            </param>
            <param index="1">
              <value>
                <![CDATA[6:00AM]]>
              </value>
            </param>
            <param index="2">
              <value>
                <![CDATA[2:00PM]]>
              </value>
            </param>
            <param index="3">
              <value>
                <![CDATA[THURSDAY]]>
              </value>
            </param>
            <param index="4">
              <value>
                <![CDATA[FRIDAY]]>
              </value>
            </param>
            <param index="5">
              <value>
                <![CDATA[TUESDAY]]>
              </value>
            </param>
            <param index="6">
              <value>
                <![CDATA[4:00PM]]>
              </value>
            </param>
            <param index="7">
              <value>
                <![CDATA[12:00AM]]>
              </value>
            </param>
            <param index="8">
              <value>
                <![CDATA[THURSDAY]]>
              </value>
            </param>
            <param index="9">
              <value>
                <![CDATA[3:00PM]]>
              </value>
            </param>
            <param index="10">
              <value>
                <![CDATA[11:00PM]]>
              </value>
            </param>
            <param index="11">
              <value>
                <![CDATA[MONDAY]]>
              </value>
            </param>
            <param index="12">
              <value>
                <![CDATA[4:00PM]]>
              </value>
            </param>
            <param index="13">
              <value>
                <![CDATA[12:00AM]]>
              </value>
            </param>
            <param index="14">
              <value>
                <![CDATA[//ul[@role='tree']/li[1]/ul[1]/li[2]/ul[1]/li[5]/span[2]/span[1]]]>
              </value>
            </param>
            <param index="15">
              <value>
                <![CDATA[mallik]]>
              </value>
            </param>
            <param index="16">
              <value>
                <![CDATA[585278]]>
              </value>
            </param>
            <param index="17">
              <value>
                <![CDATA[1:00AM]]>
              </value>
            </param>
            <param index="18">
              <value>
                <![CDATA[10:00AM]]>
              </value>
            </param>
            <param index="19">
              <value>
                <![CDATA[THURSDAY]]>
              </value>
            </param>
            <param index="20">
              <value>
                <![CDATA[FRIDAY]]>
              </value>
            </param>
            <param index="21">
              <value>
                <![CDATA[MONDAY]]>
              </value>
            </param>
            <param index="22">
              <value>
                <![CDATA[TUESDAY]]>
              </value>
            </param>
            <param index="23">
              <value>
                <![CDATA[FRIDAY]]>
              </value>
            </param>
            <param index="24">
              <value>
                <![CDATA[9:00AM]]>
              </value>
            </param>
            <param index="25">
              <value>
                <![CDATA[5:00PM]]>
              </value>
            </param>
            <param index="26">
              <value>
                <![CDATA[MONDAY]]>
              </value>
            </param>
            <param index="27">
              <value>
                <![CDATA[TUESDAY]]>
              </value>
            </param>
          </params>
          <reporter-output>
          </reporter-output>
        </test-method> <!-- updateSchedulingTab -->
        <test-method is-config="true" signature="tearDown()[pri:0, instance:com.pack.testCases.TC_UpdateEmployeeAvailability@5b202a3a]" started-at="2022-01-27T16:07:18 IST" name="tearDown" finished-at="2022-01-27T16:07:22 IST" duration-ms="4434" status="PASS">
          <reporter-output>
          </reporter-output>
        </test-method> <!-- tearDown -->
        <test-method is-config="true" signature="setup(java.lang.String)[pri:0, instance:com.pack.testCases.TC_UpdateEmployeeAvailability@5b202a3a]" started-at="2022-01-27T16:07:22 IST" name="setup" finished-at="2022-01-27T16:08:46 IST" duration-ms="84317" status="PASS">
          <params>
            <param index="0">
              <value>
                <![CDATA[firefox]]>
              </value>
            </param>
          </params>
          <reporter-output>
          </reporter-output>
        </test-method> <!-- setup -->
        <test-method signature="updateSchedulingTab(java.lang.String,java.lang.String,java.lang.String,java.lang.String,java.lang.String,java.lang.String,java.lang.String,java.lang.String,java.lang.String,java.lang.String,java.lang.String,java.lang.String,java.lang.String,java.lang.String,java.lang.String,java.lang.String,java.lang.String,java.lang.String,java.lang.String,java.lang.String,java.lang.String,java.lang.String,java.lang.String,java.lang.String,java.lang.String,java.lang.String,java.lang.String,java.lang.String)[pri:0, instance:com.pack.testCases.TC_UpdateEmployeeAvailability@5b202a3a]" started-at="2022-01-27T16:08:46 IST" name="updateSchedulingTab" data-provider="EmployeeAvailability" finished-at="2022-01-27T16:11:32 IST" duration-ms="165747" status="FAIL">
          <params>
            <param index="0">
              <value>
                <![CDATA[585211]]>
              </value>
            </param>
            <param index="1">
              <value>
                <![CDATA[5:00AM]]>
              </value>
            </param>
            <param index="2">
              <value>
                <![CDATA[1:00PM]]>
              </value>
            </param>
            <param index="3">
              <value>
                <![CDATA[FRIDAY]]>
              </value>
            </param>
            <param index="4">
              <value>
                <![CDATA[MONDAY]]>
              </value>
            </param>
            <param index="5">
              <value>
                <![CDATA[SATURDAY]]>
              </value>
            </param>
            <param index="6">
              <value>
                <![CDATA[3:00PM]]>
              </value>
            </param>
            <param index="7">
              <value>
                <![CDATA[11:00PM]]>
              </value>
            </param>
            <param index="8">
              <value>
                <![CDATA[FRIDAY]]>
              </value>
            </param>
            <param index="9">
              <value>
                <![CDATA[2:00PM]]>
              </value>
            </param>
            <param index="10">
              <value>
                <![CDATA[10:00PM]]>
              </value>
            </param>
            <param index="11">
              <value>
                <![CDATA[TUESDAY]]>
              </value>
            </param>
            <param index="12">
              <value>
                <![CDATA[3:00PM]]>
              </value>
            </param>
            <param index="13">
              <value>
                <![CDATA[11:00PM]]>
              </value>
            </param>
            <param index="14">
              <value>
                <![CDATA[//ul[@role='tree']/li[1]/ul[1]/li[2]/ul[1]/li[2]/span[2]/span[1]]]>
              </value>
            </param>
            <param index="15">
              <value>
                <![CDATA[keb]]>
              </value>
            </param>
            <param index="16">
              <value>
                <![CDATA[585211]]>
              </value>
            </param>
            <param index="17">
              <value>
                <![CDATA[12:00AM]]>
              </value>
            </param>
            <param index="18">
              <value>
                <![CDATA[9:00AM]]>
              </value>
            </param>
            <param index="19">
              <value>
                <![CDATA[FRIDAY]]>
              </value>
            </param>
            <param index="20">
              <value>
                <![CDATA[MONDAY]]>
              </value>
            </param>
            <param index="21">
              <value>
                <![CDATA[TUESDAY]]>
              </value>
            </param>
            <param index="22">
              <value>
                <![CDATA[WEDNESDAY]]>
              </value>
            </param>
            <param index="23">
              <value>
                <![CDATA[MONDAY]]>
              </value>
            </param>
            <param index="24">
              <value>
                <![CDATA[10:00AM]]>
              </value>
            </param>
            <param index="25">
              <value>
                <![CDATA[6:00PM]]>
              </value>
            </param>
            <param index="26">
              <value>
                <![CDATA[TUESDAY]]>
              </value>
            </param>
            <param index="27">
              <value>
                <![CDATA[WEDNESDAY]]>
              </value>
            </param>
          </params>
          <exception class="org.openqa.selenium.TimeoutException">
            <message>
              <![CDATA[Expected condition failed: waiting for element to be clickable: By.xpath: //div[@id='type']/label[1]/span[@class='ant-radio ant-radio-checked'] (tried for 40 second(s) with 500 milliseconds interval)
Build info: version: '4.1.0', revision: '87802e897b'
System info: host: 'DESKTOP-K93H14H', ip: '192.168.0.180', os.name: 'Windows 10', os.arch: 'amd64', os.version: '10.0', java.version: '16.0.1'
Driver info: org.openqa.selenium.firefox.FirefoxDriver
Capabilities {acceptInsecureCerts: true, browserName: firefox, browserVersion: 95.0.2, javascriptEnabled: true, moz:accessibilityChecks: false, moz:buildID: 20211218203254, moz:debuggerAddress: localhost:62770, moz:geckodriverVersion: 0.30.0, moz:headless: false, moz:processID: 17184, moz:profile: C:\Users\745 G6\AppData\Loc..., moz:shutdownTimeout: 60000, moz:useNonSpecCompliantPointerOrigin: false, moz:webdriverClick: true, pageLoadStrategy: normal, platform: WINDOWS, platformName: WINDOWS, platformVersion: 10.0, proxy: Proxy(), se:cdp: ws://localhost:62770/devtoo..., se:cdpVersion: 85, setWindowRect: true, strictFileInteractability: false, timeouts: {implicit: 0, pageLoad: 300000, script: 30000}, unhandledPromptBehavior: dismiss and notify}
Session ID: 46c737a2-5640-4714-a944-ebacdcd202df]]>
            </message>
            <full-stacktrace>
              <![CDATA[org.openqa.selenium.TimeoutException: Expected condition failed: waiting for element to be clickable: By.xpath: //div[@id='type']/label[1]/span[@class='ant-radio ant-radio-checked'] (tried for 40 second(s) with 500 milliseconds interval)
Build info: version: '4.1.0', revision: '87802e897b'
System info: host: 'DESKTOP-K93H14H', ip: '192.168.0.180', os.name: 'Windows 10', os.arch: 'amd64', os.version: '10.0', java.version: '16.0.1'
Driver info: org.openqa.selenium.firefox.FirefoxDriver
Capabilities {acceptInsecureCerts: true, browserName: firefox, browserVersion: 95.0.2, javascriptEnabled: true, moz:accessibilityChecks: false, moz:buildID: 20211218203254, moz:debuggerAddress: localhost:62770, moz:geckodriverVersion: 0.30.0, moz:headless: false, moz:processID: 17184, moz:profile: C:\Users\745 G6\AppData\Loc..., moz:shutdownTimeout: 60000, moz:useNonSpecCompliantPointerOrigin: false, moz:webdriverClick: true, pageLoadStrategy: normal, platform: WINDOWS, platformName: WINDOWS, platformVersion: 10.0, proxy: Proxy(), se:cdp: ws://localhost:62770/devtoo..., se:cdpVersion: 85, setWindowRect: true, strictFileInteractability: false, timeouts: {implicit: 0, pageLoad: 300000, script: 30000}, unhandledPromptBehavior: dismiss and notify}
Session ID: 46c737a2-5640-4714-a944-ebacdcd202df
at org.openqa.selenium.support.ui.WebDriverWait.timeoutException(WebDriverWait.java:138)
at org.openqa.selenium.support.ui.FluentWait.until(FluentWait.java:231)
at com.pack.loginPages.UpdateEmployeeAvailability.clickEmptyCell(UpdateEmployeeAvailability.java:152)
at com.pack.testCases.TC_UpdateEmployeeAvailability.updateSchedulingTab(TC_UpdateEmployeeAvailability.java:31)
at java.base/jdk.internal.reflect.NativeMethodAccessorImpl.invoke0(Native Method)
at java.base/jdk.internal.reflect.NativeMethodAccessorImpl.invoke(NativeMethodAccessorImpl.java:78)
at java.base/jdk.internal.reflect.DelegatingMethodAccessorImpl.invoke(DelegatingMethodAccessorImpl.java:43)
at java.base/java.lang.reflect.Method.invoke(Method.java:567)
at org.testng.internal.MethodInvocationHelper.invokeMethod(MethodInvocationHelper.java:133)
at org.testng.internal.TestInvoker.invokeMethod(TestInvoker.java:598)
at org.testng.internal.TestInvoker.invokeTestMethod(TestInvoker.java:173)
at org.testng.internal.MethodRunner.runInSequence(MethodRunner.java:46)
at org.testng.internal.TestInvoker$MethodInvocationAgent.invoke(TestInvoker.java:824)
at org.testng.internal.TestInvoker.invokeTestMethods(TestInvoker.java:146)
at org.testng.internal.TestMethodWorker.invokeTestMethods(TestMethodWorker.java:146)
at org.testng.internal.TestMethodWorker.run(TestMethodWorker.java:128)
at java.base/java.util.ArrayList.forEach(ArrayList.java:1511)
at org.testng.TestRunner.privateRun(TestRunner.java:794)
at org.testng.TestRunner.run(TestRunner.java:596)
at org.testng.SuiteRunner.runTest(SuiteRunner.java:377)
at org.testng.SuiteRunner.runSequentially(SuiteRunner.java:371)
at org.testng.SuiteRunner.privateRun(SuiteRunner.java:332)
at org.testng.SuiteRunner.run(SuiteRunner.java:276)
at org.testng.SuiteRunnerWorker.runSuite(SuiteRunnerWorker.java:53)
at org.testng.SuiteRunnerWorker.run(SuiteRunnerWorker.java:96)
at org.testng.TestNG.runSuitesSequentially(TestNG.java:1212)
at org.testng.TestNG.runSuitesLocally(TestNG.java:1134)
at org.testng.TestNG.runSuites(TestNG.java:1063)
at org.testng.TestNG.run(TestNG.java:1031)
at org.testng.remote.AbstractRemoteTestNG.run(AbstractRemoteTestNG.java:115)
at org.testng.remote.RemoteTestNG.initAndRun(RemoteTestNG.java:251)
at org.testng.remote.RemoteTestNG.main(RemoteTestNG.java:77)
]]>
            </full-stacktrace>
          </exception> <!-- org.openqa.selenium.TimeoutException -->
          <reporter-output>
          </reporter-output>
        </test-method> <!-- updateSchedulingTab -->
        <test-method is-config="true" signature="tearDown()[pri:0, instance:com.pack.testCases.TC_UpdateEmployeeAvailability@5b202a3a]" started-at="2022-01-27T16:11:32 IST" name="tearDown" finished-at="2022-01-27T16:11:33 IST" duration-ms="897" status="PASS">
          <reporter-output>
          </reporter-output>
        </test-method> <!-- tearDown -->
        <test-method is-config="true" signature="setup(java.lang.String)[pri:0, instance:com.pack.testCases.TC_UpdateEmployeeAvailability@5b202a3a]" started-at="2022-01-27T16:11:33 IST" name="setup" finished-at="2022-01-27T16:13:49 IST" duration-ms="135523" status="PASS">
          <params>
            <param index="0">
              <value>
                <![CDATA[firefox]]>
              </value>
            </param>
          </params>
          <reporter-output>
          </reporter-output>
        </test-method> <!-- setup -->
        <test-method signature="updateSchedulingTab(java.lang.String,java.lang.String,java.lang.String,java.lang.String,java.lang.String,java.lang.String,java.lang.String,java.lang.String,java.lang.String,java.lang.String,java.lang.String,java.lang.String,java.lang.String,java.lang.String,java.lang.String,java.lang.String,java.lang.String,java.lang.String,java.lang.String,java.lang.String,java.lang.String,java.lang.String,java.lang.String,java.lang.String,java.lang.String,java.lang.String,java.lang.String,java.lang.String)[pri:0, instance:com.pack.testCases.TC_UpdateEmployeeAvailability@5b202a3a]" started-at="2022-01-27T16:13:49 IST" name="updateSchedulingTab" data-provider="EmployeeAvailability" finished-at="2022-01-27T16:20:50 IST" duration-ms="421767" status="PASS">
          <params>
            <param index="0">
              <value>
                <![CDATA[635677]]>
              </value>
            </param>
            <param index="1">
              <value>
                <![CDATA[4:00AM]]>
              </value>
            </param>
            <param index="2">
              <value>
                <![CDATA[12:00PM]]>
              </value>
            </param>
            <param index="3">
              <value>
                <![CDATA[SATURDAY]]>
              </value>
            </param>
            <param index="4">
              <value>
                <![CDATA[TUESDAY]]>
              </value>
            </param>
            <param index="5">
              <value>
                <![CDATA[FRIDAY]]>
              </value>
            </param>
            <param index="6">
              <value>
                <![CDATA[2:00PM]]>
              </value>
            </param>
            <param index="7">
              <value>
                <![CDATA[10:00PM]]>
              </value>
            </param>
            <param index="8">
              <value>
                <![CDATA[SATURDAY]]>
              </value>
            </param>
            <param index="9">
              <value>
                <![CDATA[1:00PM]]>
              </value>
            </param>
            <param index="10">
              <value>
                <![CDATA[9:00PM]]>
              </value>
            </param>
            <param index="11">
              <value>
                <![CDATA[SUNDAY]]>
              </value>
            </param>
            <param index="12">
              <value>
                <![CDATA[2:00PM]]>
              </value>
            </param>
            <param index="13">
              <value>
                <![CDATA[10:00PM]]>
              </value>
            </param>
            <param index="14">
              <value>
                <![CDATA[//ul[@role='tree']/li[1]/ul[1]/li[2]/ul[1]/li[6]/span[2]/span[1]]]>
              </value>
            </param>
            <param index="15">
              <value>
                <![CDATA[zach]]>
              </value>
            </param>
            <param index="16">
              <value>
                <![CDATA[635677]]>
              </value>
            </param>
            <param index="17">
              <value>
                <![CDATA[11:00PM]]>
              </value>
            </param>
            <param index="18">
              <value>
                <![CDATA[8:00AM]]>
              </value>
            </param>
            <param index="19">
              <value>
                <![CDATA[SATURDAY]]>
              </value>
            </param>
            <param index="20">
              <value>
                <![CDATA[TUESDAY]]>
              </value>
            </param>
            <param index="21">
              <value>
                <![CDATA[WEDNESDAY]]>
              </value>
            </param>
            <param index="22">
              <value>
                <![CDATA[THURSDAY]]>
              </value>
            </param>
            <param index="23">
              <value>
                <![CDATA[TUESDAY]]>
              </value>
            </param>
            <param index="24">
              <value>
                <![CDATA[11:00AM]]>
              </value>
            </param>
            <param index="25">
              <value>
                <![CDATA[7:00PM]]>
              </value>
            </param>
            <param index="26">
              <value>
                <![CDATA[WEDNESDAY]]>
              </value>
            </param>
            <param index="27">
              <value>
                <![CDATA[THURSDAY]]>
              </value>
            </param>
          </params>
          <reporter-output>
          </reporter-output>
        </test-method> <!-- updateSchedulingTab -->
        <test-method is-config="true" signature="tearDown()[pri:0, instance:com.pack.testCases.TC_UpdateEmployeeAvailability@5b202a3a]" started-at="2022-01-27T16:20:50 IST" name="tearDown" finished-at="2022-01-27T16:20:55 IST" duration-ms="4438" status="PASS">
          <reporter-output>
          </reporter-output>
        </test-method> <!-- tearDown -->
        <test-method is-config="true" signature="setup(java.lang.String)[pri:0, instance:com.pack.testCases.TC_UpdateEmployeeAvailability@5b202a3a]" started-at="2022-01-27T16:20:55 IST" name="setup" finished-at="2022-01-27T16:23:00 IST" duration-ms="125028" status="PASS">
          <params>
            <param index="0">
              <value>
                <![CDATA[firefox]]>
              </value>
            </param>
          </params>
          <reporter-output>
          </reporter-output>
        </test-method> <!-- setup -->
        <test-method signature="updateSchedulingTab(java.lang.String,java.lang.String,java.lang.String,java.lang.String,java.lang.String,java.lang.String,java.lang.String,java.lang.String,java.lang.String,java.lang.String,java.lang.String,java.lang.String,java.lang.String,java.lang.String,java.lang.String,java.lang.String,java.lang.String,java.lang.String,java.lang.String,java.lang.String,java.lang.String,java.lang.String,java.lang.String,java.lang.String,java.lang.String,java.lang.String,java.lang.String,java.lang.String)[pri:0, instance:com.pack.testCases.TC_UpdateEmployeeAvailability@5b202a3a]" started-at="2022-01-27T16:23:00 IST" name="updateSchedulingTab" data-provider="EmployeeAvailability" finished-at="2022-01-27T16:29:48 IST" duration-ms="407725" status="PASS">
          <params>
            <param index="0">
              <value>
                <![CDATA[987816]]>
              </value>
            </param>
            <param index="1">
              <value>
                <![CDATA[3:00AM]]>
              </value>
            </param>
            <param index="2">
              <value>
                <![CDATA[11:00AM]]>
              </value>
            </param>
            <param index="3">
              <value>
                <![CDATA[SUNDAY]]>
              </value>
            </param>
            <param index="4">
              <value>
                <![CDATA[WEDNESDAY]]>
              </value>
            </param>
            <param index="5">
              <value>
                <![CDATA[THURSDAY]]>
              </value>
            </param>
            <param index="6">
              <value>
                <![CDATA[1:00PM]]>
              </value>
            </param>
            <param index="7">
              <value>
                <![CDATA[9:00PM]]>
              </value>
            </param>
            <param index="8">
              <value>
                <![CDATA[SUNDAY]]>
              </value>
            </param>
            <param index="9">
              <value>
                <![CDATA[12:00PM]]>
              </value>
            </param>
            <param index="10">
              <value>
                <![CDATA[8:00PM]]>
              </value>
            </param>
            <param index="11">
              <value>
                <![CDATA[SATURDAY]]>
              </value>
            </param>
            <param index="12">
              <value>
                <![CDATA[1:00PM]]>
              </value>
            </param>
            <param index="13">
              <value>
                <![CDATA[9:00PM]]>
              </value>
            </param>
            <param index="14">
              <value>
                <![CDATA[//ul[@role='tree']/li[1]/ul[1]/li[2]/ul[1]/li[2]/span[2]/span[1]]]>
              </value>
            </param>
            <param index="15">
              <value>
                <![CDATA[vishal]]>
              </value>
            </param>
            <param index="16">
              <value>
                <![CDATA[987816]]>
              </value>
            </param>
            <param index="17">
              <value>
                <![CDATA[10:00PM]]>
              </value>
            </param>
            <param index="18">
              <value>
                <![CDATA[7:00AM]]>
              </value>
            </param>
            <param index="19">
              <value>
                <![CDATA[SUNDAY]]>
              </value>
            </param>
            <param index="20">
              <value>
                <![CDATA[WEDNESDAY]]>
              </value>
            </param>
            <param index="21">
              <value>
                <![CDATA[THURSDAY]]>
              </value>
            </param>
            <param index="22">
              <value>
                <![CDATA[FRIDAY]]>
              </value>
            </param>
            <param index="23">
              <value>
                <![CDATA[WEDNESDAY]]>
              </value>
            </param>
            <param index="24">
              <value>
                <![CDATA[12:00PM]]>
              </value>
            </param>
            <param index="25">
              <value>
                <![CDATA[8:00PM]]>
              </value>
            </param>
            <param index="26">
              <value>
                <![CDATA[THURSDAY]]>
              </value>
            </param>
            <param index="27">
              <value>
                <![CDATA[FRIDAY]]>
              </value>
            </param>
          </params>
          <reporter-output>
          </reporter-output>
        </test-method> <!-- updateSchedulingTab -->
        <test-method is-config="true" signature="tearDown()[pri:0, instance:com.pack.testCases.TC_UpdateEmployeeAvailability@5b202a3a]" started-at="2022-01-27T16:29:48 IST" name="tearDown" finished-at="2022-01-27T16:29:52 IST" duration-ms="4394" status="PASS">
          <reporter-output>
          </reporter-output>
        </test-method> <!-- tearDown -->
      </class> <!-- com.pack.testCases.TC_UpdateEmployeeAvailability -->
    </test> <!-- openShift -->
  </suite> <!-- UnifocusScheduler -->
</testng-results>
