<?xml version="1.0" encoding="UTF-8"?>
<testng-results ignored="0" total="1" passed="1" failed="0" skipped="0">
  <reporter-output>
  </reporter-output>
  <suite started-at="2022-02-28T15:26:51 IST" name="UnifocusScheduler" finished-at="2022-02-28T15:27:56 IST" duration-ms="64764">
    <groups>
    </groups>
    <test started-at="2022-02-28T15:26:51 IST" name="openShift" finished-at="2022-02-28T15:27:56 IST" duration-ms="64764">
      <class name="com.pack.testCases.TC_DoubleClick">
        <test-method is-config="true" signature="setup(java.lang.String)[pri:0, instance:com.pack.testCases.TC_DoubleClick@628c4ac0]" started-at="2022-02-28T15:26:51 IST" name="setup" finished-at="2022-02-28T15:27:25 IST" duration-ms="33395" status="PASS">
          <params>
            <param index="0">
              <value>
                <![CDATA[chrome]]>
              </value>
            </param>
          </params>
          <reporter-output>
          </reporter-output>
        </test-method> <!-- setup -->
        <test-method signature="doubleClick()[pri:0, instance:com.pack.testCases.TC_DoubleClick@628c4ac0]" started-at="2022-02-28T15:27:25 IST" name="doubleClick" finished-at="2022-02-28T15:27:55 IST" duration-ms="30427" status="PASS">
          <reporter-output>
          </reporter-output>
        </test-method> <!-- doubleClick -->
        <test-method is-config="true" signature="tearDown()[pri:0, instance:com.pack.testCases.TC_DoubleClick@628c4ac0]" started-at="2022-02-28T15:27:55 IST" name="tearDown" finished-at="2022-02-28T15:27:56 IST" duration-ms="423" status="PASS">
          <reporter-output>
          </reporter-output>
        </test-method> <!-- tearDown -->
      </class> <!-- com.pack.testCases.TC_DoubleClick -->
    </test> <!-- openShift -->
  </suite> <!-- UnifocusScheduler -->
</testng-results>
