<?xml version="1.0" encoding="UTF-8"?>
<testng-results ignored="0" total="2" passed="2" failed="0" skipped="0">
  <reporter-output>
  </reporter-output>
  <suite started-at="2022-02-19T13:03:36 IST" name="UnifocusScheduler" finished-at="2022-02-19T13:07:34 IST" duration-ms="237722">
    <groups>
    </groups>
    <test started-at="2022-02-19T13:03:36 IST" name="openShift" finished-at="2022-02-19T13:07:34 IST" duration-ms="237722">
      <class name="com.pack.testCases.TC_C32968">
        <test-method is-config="true" signature="setup(java.lang.String)[pri:0, instance:com.pack.testCases.TC_C32968@5b202a3a]" started-at="2022-02-19T13:03:39 IST" name="setup" finished-at="2022-02-19T13:04:13 IST" duration-ms="34376" status="PASS">
          <params>
            <param index="0">
              <value>
                <![CDATA[chrome]]>
              </value>
            </param>
          </params>
          <reporter-output>
          </reporter-output>
        </test-method> <!-- setup -->
        <test-method signature="Updatecertification(java.lang.String,java.lang.String,java.lang.String,java.lang.String,java.lang.String,java.lang.String,java.lang.String,java.lang.String,java.lang.String,java.lang.String,java.lang.String,java.lang.String,java.lang.String,java.lang.String,java.lang.String,java.lang.String)[pri:0, instance:com.pack.testCases.TC_C32968@5b202a3a]" started-at="2022-02-19T13:04:13 IST" name="Updatecertification" data-provider="Certification" finished-at="2022-02-19T13:05:46 IST" duration-ms="93144" status="PASS">
          <params>
            <param index="0">
              <value>
                <![CDATA[AutoCert1]]>
              </value>
            </param>
            <param index="1">
              <value>
                <![CDATA[Cert2]]>
              </value>
            </param>
            <param index="2">
              <value>
                <![CDATA[20]]>
              </value>
            </param>
            <param index="3">
              <value>
                <![CDATA[21]]>
              </value>
            </param>
            <param index="4">
              <value>
                <![CDATA[22]]>
              </value>
            </param>
            <param index="5">
              <value>
                <![CDATA[23]]>
              </value>
            </param>
            <param index="6">
              <value>
                <![CDATA[Auto Job2]]>
              </value>
            </param>
            <param index="7">
              <value>
                <![CDATA[23]]>
              </value>
            </param>
            <param index="8">
              <value>
                <![CDATA[Auto Job2]]>
              </value>
            </param>
            <param index="9">
              <value>
                <![CDATA[23]]>
              </value>
            </param>
            <param index="10">
              <value>
                <![CDATA[23]]>
              </value>
            </param>
            <param index="11">
              <value>
                <![CDATA[24]]>
              </value>
            </param>
            <param index="12">
              <value>
                <![CDATA[Auto Job3]]>
              </value>
            </param>
            <param index="13">
              <value>
                <![CDATA[24]]>
              </value>
            </param>
            <param index="14">
              <value>
                <![CDATA[Auto Job3]]>
              </value>
            </param>
            <param index="15">
              <value>
                <![CDATA[24]]>
              </value>
            </param>
          </params>
          <reporter-output>
          </reporter-output>
        </test-method> <!-- Updatecertification -->
        <test-method is-config="true" signature="tearDown()[pri:0, instance:com.pack.testCases.TC_C32968@5b202a3a]" started-at="2022-02-19T13:05:46 IST" name="tearDown" finished-at="2022-02-19T13:05:47 IST" duration-ms="479" status="PASS">
          <reporter-output>
          </reporter-output>
        </test-method> <!-- tearDown -->
        <test-method is-config="true" signature="setup(java.lang.String)[pri:0, instance:com.pack.testCases.TC_C32968@5b202a3a]" started-at="2022-02-19T13:05:47 IST" name="setup" finished-at="2022-02-19T13:06:19 IST" duration-ms="31685" status="PASS">
          <params>
            <param index="0">
              <value>
                <![CDATA[chrome]]>
              </value>
            </param>
          </params>
          <reporter-output>
          </reporter-output>
        </test-method> <!-- setup -->
        <test-method signature="Updatecertification(java.lang.String,java.lang.String,java.lang.String,java.lang.String,java.lang.String,java.lang.String,java.lang.String,java.lang.String,java.lang.String,java.lang.String,java.lang.String,java.lang.String,java.lang.String,java.lang.String,java.lang.String,java.lang.String)[pri:0, instance:com.pack.testCases.TC_C32968@5b202a3a]" started-at="2022-02-19T13:06:19 IST" name="Updatecertification" data-provider="Certification" finished-at="2022-02-19T13:07:34 IST" duration-ms="75208" status="PASS">
          <params>
            <param index="0">
              <value>
                <![CDATA[AutoCert1]]>
              </value>
            </param>
            <param index="1">
              <value>
                <![CDATA[Cert2]]>
              </value>
            </param>
            <param index="2">
              <value>
                <![CDATA[21]]>
              </value>
            </param>
            <param index="3">
              <value>
                <![CDATA[22]]>
              </value>
            </param>
            <param index="4">
              <value>
                <![CDATA[23]]>
              </value>
            </param>
            <param index="5">
              <value>
                <![CDATA[24]]>
              </value>
            </param>
            <param index="6">
              <value>
                <![CDATA[Auto Job2]]>
              </value>
            </param>
            <param index="7">
              <value>
                <![CDATA[24]]>
              </value>
            </param>
            <param index="8">
              <value>
                <![CDATA[Auto Job2]]>
              </value>
            </param>
            <param index="9">
              <value>
                <![CDATA[24]]>
              </value>
            </param>
            <param index="10">
              <value>
                <![CDATA[24]]>
              </value>
            </param>
            <param index="11">
              <value>
                <![CDATA[25]]>
              </value>
            </param>
            <param index="12">
              <value>
                <![CDATA[Auto Job3]]>
              </value>
            </param>
            <param index="13">
              <value>
                <![CDATA[25]]>
              </value>
            </param>
            <param index="14">
              <value>
                <![CDATA[Auto Job3]]>
              </value>
            </param>
            <param index="15">
              <value>
                <![CDATA[25]]>
              </value>
            </param>
          </params>
          <reporter-output>
          </reporter-output>
        </test-method> <!-- Updatecertification -->
        <test-method is-config="true" signature="tearDown()[pri:0, instance:com.pack.testCases.TC_C32968@5b202a3a]" started-at="2022-02-19T13:07:34 IST" name="tearDown" finished-at="2022-02-19T13:07:34 IST" duration-ms="427" status="PASS">
          <reporter-output>
          </reporter-output>
        </test-method> <!-- tearDown -->
      </class> <!-- com.pack.testCases.TC_C32968 -->
    </test> <!-- openShift -->
  </suite> <!-- UnifocusScheduler -->
</testng-results>
