<?xml version="1.0" encoding="UTF-8"?>
<testng-results ignored="0" total="1" passed="1" failed="0" skipped="0">
  <reporter-output>
  </reporter-output>
  <suite started-at="2021-08-18T14:16:31 IST" name="UnifocusScheduler" finished-at="2021-08-18T14:18:04 IST" duration-ms="93024">
    <groups>
    </groups>
    <test started-at="2021-08-18T14:16:31 IST" name="openShift" finished-at="2021-08-18T14:18:04 IST" duration-ms="93024">
      <class name="com.pack.testCases.TC_DeleteAllShifts">
        <test-method is-config="true" signature="setup(java.lang.String)[pri:0, instance:com.pack.testCases.TC_DeleteAllShifts@22f31dec]" started-at="2021-08-18T14:16:31 IST" name="setup" finished-at="2021-08-18T14:16:42 IST" duration-ms="11147" status="PASS">
          <params>
            <param index="0">
              <value>
                <![CDATA[chrome]]>
              </value>
            </param>
          </params>
          <reporter-output>
          </reporter-output>
        </test-method> <!-- setup -->
        <test-method signature="deleteAllShift()[pri:0, instance:com.pack.testCases.TC_DeleteAllShifts@22f31dec]" started-at="2021-08-18T14:16:42 IST" name="deleteAllShift" finished-at="2021-08-18T14:18:04 IST" duration-ms="81405" status="PASS">
          <reporter-output>
          </reporter-output>
        </test-method> <!-- deleteAllShift -->
        <test-method is-config="true" signature="tearDown()[pri:0, instance:com.pack.testCases.TC_DeleteAllShifts@22f31dec]" started-at="2021-08-18T14:18:04 IST" name="tearDown" finished-at="2021-08-18T14:18:04 IST" duration-ms="195" status="PASS">
          <reporter-output>
          </reporter-output>
        </test-method> <!-- tearDown -->
      </class> <!-- com.pack.testCases.TC_DeleteAllShifts -->
    </test> <!-- openShift -->
  </suite> <!-- UnifocusScheduler -->
</testng-results>
