<?xml version="1.0" encoding="UTF-8"?>
<testng-results ignored="0" total="1" passed="1" failed="0" skipped="0">
  <reporter-output>
  </reporter-output>
  <suite started-at="2021-10-07T15:00:55 IST" name="UnifocusScheduler" finished-at="2021-10-07T15:02:08 IST" duration-ms="72561">
    <groups>
    </groups>
    <test started-at="2021-10-07T15:00:55 IST" name="openShift" finished-at="2021-10-07T15:02:08 IST" duration-ms="72561">
      <class name="com.pack.testCases.TC_TestCase_02">
        <test-method is-config="true" signature="setup(java.lang.String)[pri:0, instance:com.pack.testCases.TC_TestCase_02@63a270c9]" started-at="2021-10-07T15:00:56 IST" name="setup" finished-at="2021-10-07T15:01:08 IST" duration-ms="12199" status="PASS">
          <params>
            <param index="0">
              <value>
                <![CDATA[chrome]]>
              </value>
            </param>
          </params>
          <reporter-output>
          </reporter-output>
        </test-method> <!-- setup -->
        <test-method signature="mainTest()[pri:0, instance:com.pack.testCases.TC_TestCase_02@63a270c9]" started-at="2021-10-07T15:01:08 IST" name="mainTest" finished-at="2021-10-07T15:02:07 IST" duration-ms="59461" status="PASS">
          <reporter-output>
          </reporter-output>
        </test-method> <!-- mainTest -->
        <test-method is-config="true" signature="tearDown()[pri:0, instance:com.pack.testCases.TC_TestCase_02@63a270c9]" started-at="2021-10-07T15:02:08 IST" name="tearDown" finished-at="2021-10-07T15:02:08 IST" duration-ms="371" status="PASS">
          <reporter-output>
          </reporter-output>
        </test-method> <!-- tearDown -->
      </class> <!-- com.pack.testCases.TC_TestCase_02 -->
    </test> <!-- openShift -->
  </suite> <!-- UnifocusScheduler -->
</testng-results>
