<?xml version="1.0" encoding="UTF-8"?>
<testng-results ignored="0" total="7" passed="1" failed="1" skipped="5">
  <reporter-output>
  </reporter-output>
  <suite started-at="2022-01-25T17:49:13 IST" name="UnifocusScheduler" finished-at="2022-01-25T18:00:54 IST" duration-ms="701675">
    <groups>
    </groups>
    <test started-at="2022-01-25T17:49:13 IST" name="openShift" finished-at="2022-01-25T18:00:54 IST" duration-ms="701675">
      <class name="com.pack.testCases.TC_UpdateEmployeeAvailability">
        <test-method is-config="true" signature="setup(java.lang.String)[pri:0, instance:com.pack.testCases.TC_UpdateEmployeeAvailability@5b202a3a]" started-at="2022-01-25T17:49:19 IST" name="setup" finished-at="2022-01-25T17:50:52 IST" duration-ms="93042" status="PASS">
          <params>
            <param index="0">
              <value>
                <![CDATA[firefox]]>
              </value>
            </param>
          </params>
          <reporter-output>
          </reporter-output>
        </test-method> <!-- setup -->
        <test-method signature="updateSchedulingTab(java.lang.String,java.lang.String,java.lang.String,java.lang.String,java.lang.String,java.lang.String,java.lang.String,java.lang.String,java.lang.String,java.lang.String,java.lang.String,java.lang.String,java.lang.String,java.lang.String,java.lang.String,java.lang.String,java.lang.String,java.lang.String,java.lang.String,java.lang.String,java.lang.String,java.lang.String,java.lang.String,java.lang.String,java.lang.String,java.lang.String,java.lang.String,java.lang.String)[pri:0, instance:com.pack.testCases.TC_UpdateEmployeeAvailability@5b202a3a]" started-at="2022-01-25T17:50:52 IST" name="updateSchedulingTab" data-provider="EmployeeAvailability" finished-at="2022-01-25T17:57:42 IST" duration-ms="409625" status="PASS">
          <params>
            <param index="0">
              <value>
                <![CDATA[585213]]>
              </value>
            </param>
            <param index="1">
              <value>
                <![CDATA[9:00AM]]>
              </value>
            </param>
            <param index="2">
              <value>
                <![CDATA[5:00PM]]>
              </value>
            </param>
            <param index="3">
              <value>
                <![CDATA[MONDAY]]>
              </value>
            </param>
            <param index="4">
              <value>
                <![CDATA[FRIDAY]]>
              </value>
            </param>
            <param index="5">
              <value>
                <![CDATA[WEDNESDAY]]>
              </value>
            </param>
            <param index="6">
              <value>
                <![CDATA[7:00PM]]>
              </value>
            </param>
            <param index="7">
              <value>
                <![CDATA[3:00AM]]>
              </value>
            </param>
            <param index="8">
              <value>
                <![CDATA[MONDAY]]>
              </value>
            </param>
            <param index="9">
              <value>
                <![CDATA[6:00PM]]>
              </value>
            </param>
            <param index="10">
              <value>
                <![CDATA[2:00AM]]>
              </value>
            </param>
            <param index="11">
              <value>
                <![CDATA[THURSDAY]]>
              </value>
            </param>
            <param index="12">
              <value>
                <![CDATA[7:00PM]]>
              </value>
            </param>
            <param index="13">
              <value>
                <![CDATA[3:00AM]]>
              </value>
            </param>
            <param index="14">
              <value>
                <![CDATA[//ul[@role='tree']/li[1]/ul[1]/li[2]/ul[1]/li[9]/span[2]/span[1]]]>
              </value>
            </param>
            <param index="15">
              <value>
                <![CDATA[bharat]]>
              </value>
            </param>
            <param index="16">
              <value>
                <![CDATA[585213]]>
              </value>
            </param>
            <param index="17">
              <value>
                <![CDATA[4:00AM]]>
              </value>
            </param>
            <param index="18">
              <value>
                <![CDATA[1:00PM]]>
              </value>
            </param>
            <param index="19">
              <value>
                <![CDATA[MONDAY]]>
              </value>
            </param>
            <param index="20">
              <value>
                <![CDATA[TUESDAY]]>
              </value>
            </param>
            <param index="21">
              <value>
                <![CDATA[WEDNESDAY]]>
              </value>
            </param>
            <param index="22">
              <value>
                <![CDATA[THURSDAY]]>
              </value>
            </param>
            <param index="23">
              <value>
                <![CDATA[TUESDAY]]>
              </value>
            </param>
            <param index="24">
              <value>
                <![CDATA[6:00AM]]>
              </value>
            </param>
            <param index="25">
              <value>
                <![CDATA[2:00PM]]>
              </value>
            </param>
            <param index="26">
              <value>
                <![CDATA[WEDNESDAY]]>
              </value>
            </param>
            <param index="27">
              <value>
                <![CDATA[THURSDAY]]>
              </value>
            </param>
          </params>
          <reporter-output>
          </reporter-output>
        </test-method> <!-- updateSchedulingTab -->
        <test-method is-config="true" signature="tearDown()[pri:0, instance:com.pack.testCases.TC_UpdateEmployeeAvailability@5b202a3a]" started-at="2022-01-25T17:57:42 IST" name="tearDown" finished-at="2022-01-25T17:57:46 IST" duration-ms="4545" status="PASS">
          <reporter-output>
          </reporter-output>
        </test-method> <!-- tearDown -->
        <test-method is-config="true" signature="setup(java.lang.String)[pri:0, instance:com.pack.testCases.TC_UpdateEmployeeAvailability@5b202a3a]" started-at="2022-01-25T17:57:46 IST" name="setup" finished-at="2022-01-25T17:58:43 IST" duration-ms="56638" status="PASS">
          <params>
            <param index="0">
              <value>
                <![CDATA[firefox]]>
              </value>
            </param>
          </params>
          <reporter-output>
          </reporter-output>
        </test-method> <!-- setup -->
        <test-method signature="updateSchedulingTab(java.lang.String,java.lang.String,java.lang.String,java.lang.String,java.lang.String,java.lang.String,java.lang.String,java.lang.String,java.lang.String,java.lang.String,java.lang.String,java.lang.String,java.lang.String,java.lang.String,java.lang.String,java.lang.String,java.lang.String,java.lang.String,java.lang.String,java.lang.String,java.lang.String,java.lang.String,java.lang.String,java.lang.String,java.lang.String,java.lang.String,java.lang.String,java.lang.String)[pri:0, instance:com.pack.testCases.TC_UpdateEmployeeAvailability@5b202a3a]" started-at="2022-01-25T17:58:43 IST" name="updateSchedulingTab" data-provider="EmployeeAvailability" finished-at="2022-01-25T18:00:54 IST" duration-ms="130623" status="FAIL">
          <params>
            <param index="0">
              <value>
                <![CDATA[69]]>
              </value>
            </param>
            <param index="1">
              <value>
                <![CDATA[8:00AM]]>
              </value>
            </param>
            <param index="2">
              <value>
                <![CDATA[4:00PM]]>
              </value>
            </param>
            <param index="3">
              <value>
                <![CDATA[TUESDAY]]>
              </value>
            </param>
            <param index="4">
              <value>
                <![CDATA[SUNDAY]]>
              </value>
            </param>
            <param index="5">
              <value>
                <![CDATA[MONDAY]]>
              </value>
            </param>
            <param index="6">
              <value>
                <![CDATA[6:00PM]]>
              </value>
            </param>
            <param index="7">
              <value>
                <![CDATA[2:00AM]]>
              </value>
            </param>
            <param index="8">
              <value>
                <![CDATA[TUESDAY]]>
              </value>
            </param>
            <param index="9">
              <value>
                <![CDATA[5:00PM]]>
              </value>
            </param>
            <param index="10">
              <value>
                <![CDATA[1:00AM]]>
              </value>
            </param>
            <param index="11">
              <value>
                <![CDATA[SATURDAY]]>
              </value>
            </param>
            <param index="12">
              <value>
                <![CDATA[6:00PM]]>
              </value>
            </param>
            <param index="13">
              <value>
                <![CDATA[2:00AM]]>
              </value>
            </param>
            <param index="14">
              <value>
                <![CDATA[//ul[@role='tree']/li[1]/ul[1]/li[1]/ul[1]/li[1]/span[2]/span[1]
]]>
              </value>
            </param>
            <param index="15">
              <value>
                <![CDATA[Blanchard, Tasha]]>
              </value>
            </param>
            <param index="16">
              <value>
                <![CDATA[69]]>
              </value>
            </param>
            <param index="17">
              <value>
                <![CDATA[3:00AM]]>
              </value>
            </param>
            <param index="18">
              <value>
                <![CDATA[11:00PM]]>
              </value>
            </param>
            <param index="19">
              <value>
                <![CDATA[TUESDAY]]>
              </value>
            </param>
            <param index="20">
              <value>
                <![CDATA[WEDNESDAY]]>
              </value>
            </param>
            <param index="21">
              <value>
                <![CDATA[THURSDAY]]>
              </value>
            </param>
            <param index="22">
              <value>
                <![CDATA[FRIDAY]]>
              </value>
            </param>
            <param index="23">
              <value>
                <![CDATA[WEDNESDAY]]>
              </value>
            </param>
            <param index="24">
              <value>
                <![CDATA[7:00AM]]>
              </value>
            </param>
            <param index="25">
              <value>
                <![CDATA[3:00PM]]>
              </value>
            </param>
            <param index="26">
              <value>
                <![CDATA[THURSDAY]]>
              </value>
            </param>
            <param index="27">
              <value>
                <![CDATA[FRIDAY]]>
              </value>
            </param>
          </params>
          <exception class="org.openqa.selenium.WebDriverException">
            <message>
              <![CDATA[TypeError: browsingContext.currentWindowGlobal is null
Build info: version: '4.1.0', revision: '87802e897b'
System info: host: 'DESKTOP-K93H14H', ip: '192.168.0.180', os.name: 'Windows 10', os.arch: 'amd64', os.version: '10.0', java.version: '16.0.1'
Driver info: org.openqa.selenium.firefox.FirefoxDriver
Command: [eed464aa-a4f4-48a0-b0f3-5fbbe0820925, findElement {using=xpath, value=//div[@id='type']/label[1]/span[@class='ant-radio ant-radio-checked']}]
Capabilities {acceptInsecureCerts: true, browserName: firefox, browserVersion: 95.0.2, javascriptEnabled: true, moz:accessibilityChecks: false, moz:buildID: 20211218203254, moz:debuggerAddress: localhost:50884, moz:geckodriverVersion: 0.30.0, moz:headless: false, moz:processID: 5028, moz:profile: C:\Users\745 G6\AppData\Loc..., moz:shutdownTimeout: 60000, moz:useNonSpecCompliantPointerOrigin: false, moz:webdriverClick: true, pageLoadStrategy: normal, platform: WINDOWS, platformName: WINDOWS, platformVersion: 10.0, proxy: Proxy(), se:cdp: ws://localhost:50884/devtoo..., se:cdpVersion: 85, setWindowRect: true, strictFileInteractability: false, timeouts: {implicit: 0, pageLoad: 300000, script: 30000}, unhandledPromptBehavior: dismiss and notify}
Session ID: eed464aa-a4f4-48a0-b0f3-5fbbe0820925]]>
            </message>
            <full-stacktrace>
              <![CDATA[org.openqa.selenium.WebDriverException: TypeError: browsingContext.currentWindowGlobal is null
Build info: version: '4.1.0', revision: '87802e897b'
System info: host: 'DESKTOP-K93H14H', ip: '192.168.0.180', os.name: 'Windows 10', os.arch: 'amd64', os.version: '10.0', java.version: '16.0.1'
Driver info: org.openqa.selenium.firefox.FirefoxDriver
Command: [eed464aa-a4f4-48a0-b0f3-5fbbe0820925, findElement {using=xpath, value=//div[@id='type']/label[1]/span[@class='ant-radio ant-radio-checked']}]
Capabilities {acceptInsecureCerts: true, browserName: firefox, browserVersion: 95.0.2, javascriptEnabled: true, moz:accessibilityChecks: false, moz:buildID: 20211218203254, moz:debuggerAddress: localhost:50884, moz:geckodriverVersion: 0.30.0, moz:headless: false, moz:processID: 5028, moz:profile: C:\Users\745 G6\AppData\Loc..., moz:shutdownTimeout: 60000, moz:useNonSpecCompliantPointerOrigin: false, moz:webdriverClick: true, pageLoadStrategy: normal, platform: WINDOWS, platformName: WINDOWS, platformVersion: 10.0, proxy: Proxy(), se:cdp: ws://localhost:50884/devtoo..., se:cdpVersion: 85, setWindowRect: true, strictFileInteractability: false, timeouts: {implicit: 0, pageLoad: 300000, script: 30000}, unhandledPromptBehavior: dismiss and notify}
Session ID: eed464aa-a4f4-48a0-b0f3-5fbbe0820925
at java.base/jdk.internal.reflect.NativeConstructorAccessorImpl.newInstance0(Native Method)
at java.base/jdk.internal.reflect.NativeConstructorAccessorImpl.newInstance(NativeConstructorAccessorImpl.java:78)
at java.base/jdk.internal.reflect.DelegatingConstructorAccessorImpl.newInstance(DelegatingConstructorAccessorImpl.java:45)
at java.base/java.lang.reflect.Constructor.newInstanceWithCaller(Constructor.java:499)
at java.base/java.lang.reflect.Constructor.newInstance(Constructor.java:480)
at org.openqa.selenium.remote.codec.w3c.W3CHttpResponseCodec.createException(W3CHttpResponseCodec.java:200)
at org.openqa.selenium.remote.codec.w3c.W3CHttpResponseCodec.decode(W3CHttpResponseCodec.java:133)
at org.openqa.selenium.remote.codec.w3c.W3CHttpResponseCodec.decode(W3CHttpResponseCodec.java:53)
at org.openqa.selenium.remote.HttpCommandExecutor.execute(HttpCommandExecutor.java:184)
at org.openqa.selenium.remote.service.DriverCommandExecutor.invokeExecute(DriverCommandExecutor.java:164)
at org.openqa.selenium.remote.service.DriverCommandExecutor.execute(DriverCommandExecutor.java:139)
at org.openqa.selenium.remote.RemoteWebDriver.execute(RemoteWebDriver.java:559)
at org.openqa.selenium.remote.ElementLocation$ElementFinder$2.findElement(ElementLocation.java:162)
at org.openqa.selenium.remote.ElementLocation.findElement(ElementLocation.java:60)
at org.openqa.selenium.remote.RemoteWebDriver.findElement(RemoteWebDriver.java:383)
at org.openqa.selenium.remote.RemoteWebDriver.findElement(RemoteWebDriver.java:375)
at org.openqa.selenium.support.ui.ExpectedConditions$7.apply(ExpectedConditions.java:197)
at org.openqa.selenium.support.ui.ExpectedConditions$7.apply(ExpectedConditions.java:193)
at org.openqa.selenium.support.ui.ExpectedConditions$22.apply(ExpectedConditions.java:631)
at org.openqa.selenium.support.ui.ExpectedConditions$22.apply(ExpectedConditions.java:628)
at org.openqa.selenium.support.ui.FluentWait.until(FluentWait.java:208)
at com.pack.loginPages.UpdateEmployeeAvailability.clickEmptyCell(UpdateEmployeeAvailability.java:152)
at com.pack.testCases.TC_UpdateEmployeeAvailability.updateSchedulingTab(TC_UpdateEmployeeAvailability.java:31)
at java.base/jdk.internal.reflect.NativeMethodAccessorImpl.invoke0(Native Method)
at java.base/jdk.internal.reflect.NativeMethodAccessorImpl.invoke(NativeMethodAccessorImpl.java:78)
at java.base/jdk.internal.reflect.DelegatingMethodAccessorImpl.invoke(DelegatingMethodAccessorImpl.java:43)
at java.base/java.lang.reflect.Method.invoke(Method.java:567)
at org.testng.internal.MethodInvocationHelper.invokeMethod(MethodInvocationHelper.java:133)
at org.testng.internal.TestInvoker.invokeMethod(TestInvoker.java:598)
at org.testng.internal.TestInvoker.invokeTestMethod(TestInvoker.java:173)
at org.testng.internal.MethodRunner.runInSequence(MethodRunner.java:46)
at org.testng.internal.TestInvoker$MethodInvocationAgent.invoke(TestInvoker.java:824)
at org.testng.internal.TestInvoker.invokeTestMethods(TestInvoker.java:146)
at org.testng.internal.TestMethodWorker.invokeTestMethods(TestMethodWorker.java:146)
at org.testng.internal.TestMethodWorker.run(TestMethodWorker.java:128)
at java.base/java.util.ArrayList.forEach(ArrayList.java:1511)
at org.testng.TestRunner.privateRun(TestRunner.java:794)
at org.testng.TestRunner.run(TestRunner.java:596)
at org.testng.SuiteRunner.runTest(SuiteRunner.java:377)
at org.testng.SuiteRunner.runSequentially(SuiteRunner.java:371)
at org.testng.SuiteRunner.privateRun(SuiteRunner.java:332)
at org.testng.SuiteRunner.run(SuiteRunner.java:276)
at org.testng.SuiteRunnerWorker.runSuite(SuiteRunnerWorker.java:53)
at org.testng.SuiteRunnerWorker.run(SuiteRunnerWorker.java:96)
at org.testng.TestNG.runSuitesSequentially(TestNG.java:1212)
at org.testng.TestNG.runSuitesLocally(TestNG.java:1134)
at org.testng.TestNG.runSuites(TestNG.java:1063)
at org.testng.TestNG.run(TestNG.java:1031)
at org.testng.remote.AbstractRemoteTestNG.run(AbstractRemoteTestNG.java:115)
at org.testng.remote.RemoteTestNG.initAndRun(RemoteTestNG.java:251)
at org.testng.remote.RemoteTestNG.main(RemoteTestNG.java:77)
]]>
            </full-stacktrace>
          </exception> <!-- org.openqa.selenium.WebDriverException -->
          <reporter-output>
          </reporter-output>
        </test-method> <!-- updateSchedulingTab -->
        <test-method is-config="true" signature="tearDown()[pri:0, instance:com.pack.testCases.TC_UpdateEmployeeAvailability@5b202a3a]" started-at="2022-01-25T18:00:54 IST" name="tearDown" finished-at="2022-01-25T18:00:54 IST" duration-ms="580" status="FAIL">
          <exception class="org.openqa.selenium.WebDriverException">
            <message>
              <![CDATA[Failed to decode response from marionette
Build info: version: '4.1.0', revision: '87802e897b'
System info: host: 'DESKTOP-K93H14H', ip: '192.168.0.180', os.name: 'Windows 10', os.arch: 'amd64', os.version: '10.0', java.version: '16.0.1'
Driver info: org.openqa.selenium.firefox.FirefoxDriver
Command: [eed464aa-a4f4-48a0-b0f3-5fbbe0820925, quit {}]
Capabilities {acceptInsecureCerts: true, browserName: firefox, browserVersion: 95.0.2, javascriptEnabled: true, moz:accessibilityChecks: false, moz:buildID: 20211218203254, moz:debuggerAddress: localhost:50884, moz:geckodriverVersion: 0.30.0, moz:headless: false, moz:processID: 5028, moz:profile: C:\Users\745 G6\AppData\Loc..., moz:shutdownTimeout: 60000, moz:useNonSpecCompliantPointerOrigin: false, moz:webdriverClick: true, pageLoadStrategy: normal, platform: WINDOWS, platformName: WINDOWS, platformVersion: 10.0, proxy: Proxy(), se:cdp: ws://localhost:50884/devtoo..., se:cdpVersion: 85, setWindowRect: true, strictFileInteractability: false, timeouts: {implicit: 0, pageLoad: 300000, script: 30000}, unhandledPromptBehavior: dismiss and notify}
Session ID: eed464aa-a4f4-48a0-b0f3-5fbbe0820925]]>
            </message>
            <full-stacktrace>
              <![CDATA[org.openqa.selenium.WebDriverException: Failed to decode response from marionette
Build info: version: '4.1.0', revision: '87802e897b'
System info: host: 'DESKTOP-K93H14H', ip: '192.168.0.180', os.name: 'Windows 10', os.arch: 'amd64', os.version: '10.0', java.version: '16.0.1'
Driver info: org.openqa.selenium.firefox.FirefoxDriver
Command: [eed464aa-a4f4-48a0-b0f3-5fbbe0820925, quit {}]
Capabilities {acceptInsecureCerts: true, browserName: firefox, browserVersion: 95.0.2, javascriptEnabled: true, moz:accessibilityChecks: false, moz:buildID: 20211218203254, moz:debuggerAddress: localhost:50884, moz:geckodriverVersion: 0.30.0, moz:headless: false, moz:processID: 5028, moz:profile: C:\Users\745 G6\AppData\Loc..., moz:shutdownTimeout: 60000, moz:useNonSpecCompliantPointerOrigin: false, moz:webdriverClick: true, pageLoadStrategy: normal, platform: WINDOWS, platformName: WINDOWS, platformVersion: 10.0, proxy: Proxy(), se:cdp: ws://localhost:50884/devtoo..., se:cdpVersion: 85, setWindowRect: true, strictFileInteractability: false, timeouts: {implicit: 0, pageLoad: 300000, script: 30000}, unhandledPromptBehavior: dismiss and notify}
Session ID: eed464aa-a4f4-48a0-b0f3-5fbbe0820925
at java.base/jdk.internal.reflect.NativeConstructorAccessorImpl.newInstance0(Native Method)
at java.base/jdk.internal.reflect.NativeConstructorAccessorImpl.newInstance(NativeConstructorAccessorImpl.java:78)
at java.base/jdk.internal.reflect.DelegatingConstructorAccessorImpl.newInstance(DelegatingConstructorAccessorImpl.java:45)
at java.base/java.lang.reflect.Constructor.newInstanceWithCaller(Constructor.java:499)
at java.base/java.lang.reflect.Constructor.newInstance(Constructor.java:480)
at org.openqa.selenium.remote.codec.w3c.W3CHttpResponseCodec.createException(W3CHttpResponseCodec.java:200)
at org.openqa.selenium.remote.codec.w3c.W3CHttpResponseCodec.decode(W3CHttpResponseCodec.java:133)
at org.openqa.selenium.remote.codec.w3c.W3CHttpResponseCodec.decode(W3CHttpResponseCodec.java:53)
at org.openqa.selenium.remote.HttpCommandExecutor.execute(HttpCommandExecutor.java:184)
at org.openqa.selenium.remote.service.DriverCommandExecutor.invokeExecute(DriverCommandExecutor.java:164)
at org.openqa.selenium.remote.service.DriverCommandExecutor.lambda$execute$1(DriverCommandExecutor.java:102)
at java.base/java.util.concurrent.CompletableFuture$AsyncSupply.run(CompletableFuture.java:1764)
at java.base/java.util.concurrent.ThreadPoolExecutor.runWorker(ThreadPoolExecutor.java:1130)
at java.base/java.util.concurrent.ThreadPoolExecutor$Worker.run(ThreadPoolExecutor.java:630)
at java.base/java.lang.Thread.run(Thread.java:831)
]]>
            </full-stacktrace>
          </exception> <!-- org.openqa.selenium.WebDriverException -->
          <reporter-output>
          </reporter-output>
        </test-method> <!-- tearDown -->
        <test-method is-config="true" signature="setup(java.lang.String)[pri:0, instance:com.pack.testCases.TC_UpdateEmployeeAvailability@5b202a3a]" started-at="2022-01-25T18:00:54 IST" name="setup" finished-at="1970-01-01T05:30:00 IST" duration-ms="-1643113854817" status="SKIP">
          <reporter-output>
          </reporter-output>
        </test-method> <!-- setup -->
        <test-method signature="updateSchedulingTab(java.lang.String,java.lang.String,java.lang.String,java.lang.String,java.lang.String,java.lang.String,java.lang.String,java.lang.String,java.lang.String,java.lang.String,java.lang.String,java.lang.String,java.lang.String,java.lang.String,java.lang.String,java.lang.String,java.lang.String,java.lang.String,java.lang.String,java.lang.String,java.lang.String,java.lang.String,java.lang.String,java.lang.String,java.lang.String,java.lang.String,java.lang.String,java.lang.String)[pri:0, instance:com.pack.testCases.TC_UpdateEmployeeAvailability@5b202a3a]" started-at="2022-01-25T18:00:54 IST" name="updateSchedulingTab" data-provider="EmployeeAvailability" finished-at="2022-01-25T18:00:54 IST" duration-ms="0" status="SKIP">
          <params>
            <param index="0">
              <value>
                <![CDATA[976537]]>
              </value>
            </param>
            <param index="1">
              <value>
                <![CDATA[7:00AM]]>
              </value>
            </param>
            <param index="2">
              <value>
                <![CDATA[3:00PM]]>
              </value>
            </param>
            <param index="3">
              <value>
                <![CDATA[WEDNESDAY]]>
              </value>
            </param>
            <param index="4">
              <value>
                <![CDATA[SATURDAY]]>
              </value>
            </param>
            <param index="5">
              <value>
                <![CDATA[THURSDAY]]>
              </value>
            </param>
            <param index="6">
              <value>
                <![CDATA[5:00PM]]>
              </value>
            </param>
            <param index="7">
              <value>
                <![CDATA[1:00AM]]>
              </value>
            </param>
            <param index="8">
              <value>
                <![CDATA[WEDNESDAY]]>
              </value>
            </param>
            <param index="9">
              <value>
                <![CDATA[4:00PM]]>
              </value>
            </param>
            <param index="10">
              <value>
                <![CDATA[12:00AM]]>
              </value>
            </param>
            <param index="11">
              <value>
                <![CDATA[FRIDAY]]>
              </value>
            </param>
            <param index="12">
              <value>
                <![CDATA[5:00PM]]>
              </value>
            </param>
            <param index="13">
              <value>
                <![CDATA[1:00AM]]>
              </value>
            </param>
            <param index="14">
              <value>
                <![CDATA[//ul[@role='tree']/li[1]/ul[1]/li[2]/ul[1]/li[9]/span[2]/span[1]]]>
              </value>
            </param>
            <param index="15">
              <value>
                <![CDATA[Brooks]]>
              </value>
            </param>
            <param index="16">
              <value>
                <![CDATA[976537]]>
              </value>
            </param>
            <param index="17">
              <value>
                <![CDATA[2:00AM]]>
              </value>
            </param>
            <param index="18">
              <value>
                <![CDATA[10:00AM]]>
              </value>
            </param>
            <param index="19">
              <value>
                <![CDATA[WEDNESDAY]]>
              </value>
            </param>
            <param index="20">
              <value>
                <![CDATA[THURSDAY]]>
              </value>
            </param>
            <param index="21">
              <value>
                <![CDATA[FRIDAY]]>
              </value>
            </param>
            <param index="22">
              <value>
                <![CDATA[MONDAY]]>
              </value>
            </param>
            <param index="23">
              <value>
                <![CDATA[THURSDAY]]>
              </value>
            </param>
            <param index="24">
              <value>
                <![CDATA[8:00AM]]>
              </value>
            </param>
            <param index="25">
              <value>
                <![CDATA[4:00PM]]>
              </value>
            </param>
            <param index="26">
              <value>
                <![CDATA[FRIDAY]]>
              </value>
            </param>
            <param index="27">
              <value>
                <![CDATA[MONDAY]]>
              </value>
            </param>
          </params>
          <exception class="org.openqa.selenium.WebDriverException">
            <message>
              <![CDATA[Failed to decode response from marionette
Build info: version: '4.1.0', revision: '87802e897b'
System info: host: 'DESKTOP-K93H14H', ip: '192.168.0.180', os.name: 'Windows 10', os.arch: 'amd64', os.version: '10.0', java.version: '16.0.1'
Driver info: org.openqa.selenium.firefox.FirefoxDriver
Command: [eed464aa-a4f4-48a0-b0f3-5fbbe0820925, quit {}]
Capabilities {acceptInsecureCerts: true, browserName: firefox, browserVersion: 95.0.2, javascriptEnabled: true, moz:accessibilityChecks: false, moz:buildID: 20211218203254, moz:debuggerAddress: localhost:50884, moz:geckodriverVersion: 0.30.0, moz:headless: false, moz:processID: 5028, moz:profile: C:\Users\745 G6\AppData\Loc..., moz:shutdownTimeout: 60000, moz:useNonSpecCompliantPointerOrigin: false, moz:webdriverClick: true, pageLoadStrategy: normal, platform: WINDOWS, platformName: WINDOWS, platformVersion: 10.0, proxy: Proxy(), se:cdp: ws://localhost:50884/devtoo..., se:cdpVersion: 85, setWindowRect: true, strictFileInteractability: false, timeouts: {implicit: 0, pageLoad: 300000, script: 30000}, unhandledPromptBehavior: dismiss and notify}
Session ID: eed464aa-a4f4-48a0-b0f3-5fbbe0820925]]>
            </message>
            <full-stacktrace>
              <![CDATA[org.openqa.selenium.WebDriverException: Failed to decode response from marionette
Build info: version: '4.1.0', revision: '87802e897b'
System info: host: 'DESKTOP-K93H14H', ip: '192.168.0.180', os.name: 'Windows 10', os.arch: 'amd64', os.version: '10.0', java.version: '16.0.1'
Driver info: org.openqa.selenium.firefox.FirefoxDriver
Command: [eed464aa-a4f4-48a0-b0f3-5fbbe0820925, quit {}]
Capabilities {acceptInsecureCerts: true, browserName: firefox, browserVersion: 95.0.2, javascriptEnabled: true, moz:accessibilityChecks: false, moz:buildID: 20211218203254, moz:debuggerAddress: localhost:50884, moz:geckodriverVersion: 0.30.0, moz:headless: false, moz:processID: 5028, moz:profile: C:\Users\745 G6\AppData\Loc..., moz:shutdownTimeout: 60000, moz:useNonSpecCompliantPointerOrigin: false, moz:webdriverClick: true, pageLoadStrategy: normal, platform: WINDOWS, platformName: WINDOWS, platformVersion: 10.0, proxy: Proxy(), se:cdp: ws://localhost:50884/devtoo..., se:cdpVersion: 85, setWindowRect: true, strictFileInteractability: false, timeouts: {implicit: 0, pageLoad: 300000, script: 30000}, unhandledPromptBehavior: dismiss and notify}
Session ID: eed464aa-a4f4-48a0-b0f3-5fbbe0820925
at java.base/jdk.internal.reflect.NativeConstructorAccessorImpl.newInstance0(Native Method)
at java.base/jdk.internal.reflect.NativeConstructorAccessorImpl.newInstance(NativeConstructorAccessorImpl.java:78)
at java.base/jdk.internal.reflect.DelegatingConstructorAccessorImpl.newInstance(DelegatingConstructorAccessorImpl.java:45)
at java.base/java.lang.reflect.Constructor.newInstanceWithCaller(Constructor.java:499)
at java.base/java.lang.reflect.Constructor.newInstance(Constructor.java:480)
at org.openqa.selenium.remote.codec.w3c.W3CHttpResponseCodec.createException(W3CHttpResponseCodec.java:200)
at org.openqa.selenium.remote.codec.w3c.W3CHttpResponseCodec.decode(W3CHttpResponseCodec.java:133)
at org.openqa.selenium.remote.codec.w3c.W3CHttpResponseCodec.decode(W3CHttpResponseCodec.java:53)
at org.openqa.selenium.remote.HttpCommandExecutor.execute(HttpCommandExecutor.java:184)
at org.openqa.selenium.remote.service.DriverCommandExecutor.invokeExecute(DriverCommandExecutor.java:164)
at org.openqa.selenium.remote.service.DriverCommandExecutor.lambda$execute$1(DriverCommandExecutor.java:102)
at java.base/java.util.concurrent.CompletableFuture$AsyncSupply.run(CompletableFuture.java:1764)
at java.base/java.util.concurrent.ThreadPoolExecutor.runWorker(ThreadPoolExecutor.java:1130)
at java.base/java.util.concurrent.ThreadPoolExecutor$Worker.run(ThreadPoolExecutor.java:630)
at java.base/java.lang.Thread.run(Thread.java:831)
]]>
            </full-stacktrace>
          </exception> <!-- org.openqa.selenium.WebDriverException -->
          <reporter-output>
          </reporter-output>
        </test-method> <!-- updateSchedulingTab -->
        <test-method is-config="true" signature="tearDown()[pri:0, instance:com.pack.testCases.TC_UpdateEmployeeAvailability@5b202a3a]" started-at="2022-01-25T18:00:54 IST" name="tearDown" finished-at="1970-01-01T05:30:00 IST" duration-ms="-1643113854831" status="SKIP">
          <reporter-output>
          </reporter-output>
        </test-method> <!-- tearDown -->
        <test-method is-config="true" signature="setup(java.lang.String)[pri:0, instance:com.pack.testCases.TC_UpdateEmployeeAvailability@5b202a3a]" started-at="2022-01-25T18:00:54 IST" name="setup" finished-at="1970-01-01T05:30:00 IST" duration-ms="-1643113854834" status="SKIP">
          <reporter-output>
          </reporter-output>
        </test-method> <!-- setup -->
        <test-method signature="updateSchedulingTab(java.lang.String,java.lang.String,java.lang.String,java.lang.String,java.lang.String,java.lang.String,java.lang.String,java.lang.String,java.lang.String,java.lang.String,java.lang.String,java.lang.String,java.lang.String,java.lang.String,java.lang.String,java.lang.String,java.lang.String,java.lang.String,java.lang.String,java.lang.String,java.lang.String,java.lang.String,java.lang.String,java.lang.String,java.lang.String,java.lang.String,java.lang.String,java.lang.String)[pri:0, instance:com.pack.testCases.TC_UpdateEmployeeAvailability@5b202a3a]" started-at="2022-01-25T18:00:54 IST" name="updateSchedulingTab" data-provider="EmployeeAvailability" finished-at="2022-01-25T18:00:54 IST" duration-ms="0" status="SKIP">
          <params>
            <param index="0">
              <value>
                <![CDATA[585278]]>
              </value>
            </param>
            <param index="1">
              <value>
                <![CDATA[6:00AM]]>
              </value>
            </param>
            <param index="2">
              <value>
                <![CDATA[2:00PM]]>
              </value>
            </param>
            <param index="3">
              <value>
                <![CDATA[THURSDAY]]>
              </value>
            </param>
            <param index="4">
              <value>
                <![CDATA[FRIDAY]]>
              </value>
            </param>
            <param index="5">
              <value>
                <![CDATA[TUESDAY]]>
              </value>
            </param>
            <param index="6">
              <value>
                <![CDATA[4:00PM]]>
              </value>
            </param>
            <param index="7">
              <value>
                <![CDATA[12:00AM]]>
              </value>
            </param>
            <param index="8">
              <value>
                <![CDATA[THURSDAY]]>
              </value>
            </param>
            <param index="9">
              <value>
                <![CDATA[3:00PM]]>
              </value>
            </param>
            <param index="10">
              <value>
                <![CDATA[11:00PM]]>
              </value>
            </param>
            <param index="11">
              <value>
                <![CDATA[MONDAY]]>
              </value>
            </param>
            <param index="12">
              <value>
                <![CDATA[4:00PM]]>
              </value>
            </param>
            <param index="13">
              <value>
                <![CDATA[12:00AM]]>
              </value>
            </param>
            <param index="14">
              <value>
                <![CDATA[//ul[@role='tree']/li[1]/ul[1]/li[2]/ul[1]/li[5]/span[2]/span[1]]]>
              </value>
            </param>
            <param index="15">
              <value>
                <![CDATA[mallik]]>
              </value>
            </param>
            <param index="16">
              <value>
                <![CDATA[585278]]>
              </value>
            </param>
            <param index="17">
              <value>
                <![CDATA[1:00AM]]>
              </value>
            </param>
            <param index="18">
              <value>
                <![CDATA[10:00AM]]>
              </value>
            </param>
            <param index="19">
              <value>
                <![CDATA[THURSDAY]]>
              </value>
            </param>
            <param index="20">
              <value>
                <![CDATA[FRIDAY]]>
              </value>
            </param>
            <param index="21">
              <value>
                <![CDATA[MONDAY]]>
              </value>
            </param>
            <param index="22">
              <value>
                <![CDATA[TUESDAY]]>
              </value>
            </param>
            <param index="23">
              <value>
                <![CDATA[FRIDAY]]>
              </value>
            </param>
            <param index="24">
              <value>
                <![CDATA[9:00AM]]>
              </value>
            </param>
            <param index="25">
              <value>
                <![CDATA[5:00PM]]>
              </value>
            </param>
            <param index="26">
              <value>
                <![CDATA[MONDAY]]>
              </value>
            </param>
            <param index="27">
              <value>
                <![CDATA[TUESDAY]]>
              </value>
            </param>
          </params>
          <exception class="org.openqa.selenium.WebDriverException">
            <message>
              <![CDATA[Failed to decode response from marionette
Build info: version: '4.1.0', revision: '87802e897b'
System info: host: 'DESKTOP-K93H14H', ip: '192.168.0.180', os.name: 'Windows 10', os.arch: 'amd64', os.version: '10.0', java.version: '16.0.1'
Driver info: org.openqa.selenium.firefox.FirefoxDriver
Command: [eed464aa-a4f4-48a0-b0f3-5fbbe0820925, quit {}]
Capabilities {acceptInsecureCerts: true, browserName: firefox, browserVersion: 95.0.2, javascriptEnabled: true, moz:accessibilityChecks: false, moz:buildID: 20211218203254, moz:debuggerAddress: localhost:50884, moz:geckodriverVersion: 0.30.0, moz:headless: false, moz:processID: 5028, moz:profile: C:\Users\745 G6\AppData\Loc..., moz:shutdownTimeout: 60000, moz:useNonSpecCompliantPointerOrigin: false, moz:webdriverClick: true, pageLoadStrategy: normal, platform: WINDOWS, platformName: WINDOWS, platformVersion: 10.0, proxy: Proxy(), se:cdp: ws://localhost:50884/devtoo..., se:cdpVersion: 85, setWindowRect: true, strictFileInteractability: false, timeouts: {implicit: 0, pageLoad: 300000, script: 30000}, unhandledPromptBehavior: dismiss and notify}
Session ID: eed464aa-a4f4-48a0-b0f3-5fbbe0820925]]>
            </message>
            <full-stacktrace>
              <![CDATA[org.openqa.selenium.WebDriverException: Failed to decode response from marionette
Build info: version: '4.1.0', revision: '87802e897b'
System info: host: 'DESKTOP-K93H14H', ip: '192.168.0.180', os.name: 'Windows 10', os.arch: 'amd64', os.version: '10.0', java.version: '16.0.1'
Driver info: org.openqa.selenium.firefox.FirefoxDriver
Command: [eed464aa-a4f4-48a0-b0f3-5fbbe0820925, quit {}]
Capabilities {acceptInsecureCerts: true, browserName: firefox, browserVersion: 95.0.2, javascriptEnabled: true, moz:accessibilityChecks: false, moz:buildID: 20211218203254, moz:debuggerAddress: localhost:50884, moz:geckodriverVersion: 0.30.0, moz:headless: false, moz:processID: 5028, moz:profile: C:\Users\745 G6\AppData\Loc..., moz:shutdownTimeout: 60000, moz:useNonSpecCompliantPointerOrigin: false, moz:webdriverClick: true, pageLoadStrategy: normal, platform: WINDOWS, platformName: WINDOWS, platformVersion: 10.0, proxy: Proxy(), se:cdp: ws://localhost:50884/devtoo..., se:cdpVersion: 85, setWindowRect: true, strictFileInteractability: false, timeouts: {implicit: 0, pageLoad: 300000, script: 30000}, unhandledPromptBehavior: dismiss and notify}
Session ID: eed464aa-a4f4-48a0-b0f3-5fbbe0820925
at java.base/jdk.internal.reflect.NativeConstructorAccessorImpl.newInstance0(Native Method)
at java.base/jdk.internal.reflect.NativeConstructorAccessorImpl.newInstance(NativeConstructorAccessorImpl.java:78)
at java.base/jdk.internal.reflect.DelegatingConstructorAccessorImpl.newInstance(DelegatingConstructorAccessorImpl.java:45)
at java.base/java.lang.reflect.Constructor.newInstanceWithCaller(Constructor.java:499)
at java.base/java.lang.reflect.Constructor.newInstance(Constructor.java:480)
at org.openqa.selenium.remote.codec.w3c.W3CHttpResponseCodec.createException(W3CHttpResponseCodec.java:200)
at org.openqa.selenium.remote.codec.w3c.W3CHttpResponseCodec.decode(W3CHttpResponseCodec.java:133)
at org.openqa.selenium.remote.codec.w3c.W3CHttpResponseCodec.decode(W3CHttpResponseCodec.java:53)
at org.openqa.selenium.remote.HttpCommandExecutor.execute(HttpCommandExecutor.java:184)
at org.openqa.selenium.remote.service.DriverCommandExecutor.invokeExecute(DriverCommandExecutor.java:164)
at org.openqa.selenium.remote.service.DriverCommandExecutor.lambda$execute$1(DriverCommandExecutor.java:102)
at java.base/java.util.concurrent.CompletableFuture$AsyncSupply.run(CompletableFuture.java:1764)
at java.base/java.util.concurrent.ThreadPoolExecutor.runWorker(ThreadPoolExecutor.java:1130)
at java.base/java.util.concurrent.ThreadPoolExecutor$Worker.run(ThreadPoolExecutor.java:630)
at java.base/java.lang.Thread.run(Thread.java:831)
]]>
            </full-stacktrace>
          </exception> <!-- org.openqa.selenium.WebDriverException -->
          <reporter-output>
          </reporter-output>
        </test-method> <!-- updateSchedulingTab -->
        <test-method is-config="true" signature="tearDown()[pri:0, instance:com.pack.testCases.TC_UpdateEmployeeAvailability@5b202a3a]" started-at="2022-01-25T18:00:54 IST" name="tearDown" finished-at="1970-01-01T05:30:00 IST" duration-ms="-1643113854845" status="SKIP">
          <reporter-output>
          </reporter-output>
        </test-method> <!-- tearDown -->
        <test-method is-config="true" signature="setup(java.lang.String)[pri:0, instance:com.pack.testCases.TC_UpdateEmployeeAvailability@5b202a3a]" started-at="2022-01-25T18:00:54 IST" name="setup" finished-at="1970-01-01T05:30:00 IST" duration-ms="-1643113854848" status="SKIP">
          <reporter-output>
          </reporter-output>
        </test-method> <!-- setup -->
        <test-method signature="updateSchedulingTab(java.lang.String,java.lang.String,java.lang.String,java.lang.String,java.lang.String,java.lang.String,java.lang.String,java.lang.String,java.lang.String,java.lang.String,java.lang.String,java.lang.String,java.lang.String,java.lang.String,java.lang.String,java.lang.String,java.lang.String,java.lang.String,java.lang.String,java.lang.String,java.lang.String,java.lang.String,java.lang.String,java.lang.String,java.lang.String,java.lang.String,java.lang.String,java.lang.String)[pri:0, instance:com.pack.testCases.TC_UpdateEmployeeAvailability@5b202a3a]" started-at="2022-01-25T18:00:54 IST" name="updateSchedulingTab" data-provider="EmployeeAvailability" finished-at="2022-01-25T18:00:54 IST" duration-ms="0" status="SKIP">
          <params>
            <param index="0">
              <value>
                <![CDATA[585211]]>
              </value>
            </param>
            <param index="1">
              <value>
                <![CDATA[5:00AM]]>
              </value>
            </param>
            <param index="2">
              <value>
                <![CDATA[1:00PM]]>
              </value>
            </param>
            <param index="3">
              <value>
                <![CDATA[FRIDAY]]>
              </value>
            </param>
            <param index="4">
              <value>
                <![CDATA[MONDAY]]>
              </value>
            </param>
            <param index="5">
              <value>
                <![CDATA[SATURDAY]]>
              </value>
            </param>
            <param index="6">
              <value>
                <![CDATA[3:00PM]]>
              </value>
            </param>
            <param index="7">
              <value>
                <![CDATA[11:00PM]]>
              </value>
            </param>
            <param index="8">
              <value>
                <![CDATA[FRIDAY]]>
              </value>
            </param>
            <param index="9">
              <value>
                <![CDATA[2:00PM]]>
              </value>
            </param>
            <param index="10">
              <value>
                <![CDATA[10:00PM]]>
              </value>
            </param>
            <param index="11">
              <value>
                <![CDATA[TUESDAY]]>
              </value>
            </param>
            <param index="12">
              <value>
                <![CDATA[3:00PM]]>
              </value>
            </param>
            <param index="13">
              <value>
                <![CDATA[11:00PM]]>
              </value>
            </param>
            <param index="14">
              <value>
                <![CDATA[//ul[@role='tree']/li[1]/ul[1]/li[2]/ul[1]/li[2]/span[2]/span[1]]]>
              </value>
            </param>
            <param index="15">
              <value>
                <![CDATA[keb]]>
              </value>
            </param>
            <param index="16">
              <value>
                <![CDATA[585211]]>
              </value>
            </param>
            <param index="17">
              <value>
                <![CDATA[12:00AM]]>
              </value>
            </param>
            <param index="18">
              <value>
                <![CDATA[9:00AM]]>
              </value>
            </param>
            <param index="19">
              <value>
                <![CDATA[FRIDAY]]>
              </value>
            </param>
            <param index="20">
              <value>
                <![CDATA[MONDAY]]>
              </value>
            </param>
            <param index="21">
              <value>
                <![CDATA[TUESDAY]]>
              </value>
            </param>
            <param index="22">
              <value>
                <![CDATA[WEDNESDAY]]>
              </value>
            </param>
            <param index="23">
              <value>
                <![CDATA[MONDAY]]>
              </value>
            </param>
            <param index="24">
              <value>
                <![CDATA[10:00AM]]>
              </value>
            </param>
            <param index="25">
              <value>
                <![CDATA[6:00PM]]>
              </value>
            </param>
            <param index="26">
              <value>
                <![CDATA[TUESDAY]]>
              </value>
            </param>
            <param index="27">
              <value>
                <![CDATA[WEDNESDAY]]>
              </value>
            </param>
          </params>
          <exception class="org.openqa.selenium.WebDriverException">
            <message>
              <![CDATA[Failed to decode response from marionette
Build info: version: '4.1.0', revision: '87802e897b'
System info: host: 'DESKTOP-K93H14H', ip: '192.168.0.180', os.name: 'Windows 10', os.arch: 'amd64', os.version: '10.0', java.version: '16.0.1'
Driver info: org.openqa.selenium.firefox.FirefoxDriver
Command: [eed464aa-a4f4-48a0-b0f3-5fbbe0820925, quit {}]
Capabilities {acceptInsecureCerts: true, browserName: firefox, browserVersion: 95.0.2, javascriptEnabled: true, moz:accessibilityChecks: false, moz:buildID: 20211218203254, moz:debuggerAddress: localhost:50884, moz:geckodriverVersion: 0.30.0, moz:headless: false, moz:processID: 5028, moz:profile: C:\Users\745 G6\AppData\Loc..., moz:shutdownTimeout: 60000, moz:useNonSpecCompliantPointerOrigin: false, moz:webdriverClick: true, pageLoadStrategy: normal, platform: WINDOWS, platformName: WINDOWS, platformVersion: 10.0, proxy: Proxy(), se:cdp: ws://localhost:50884/devtoo..., se:cdpVersion: 85, setWindowRect: true, strictFileInteractability: false, timeouts: {implicit: 0, pageLoad: 300000, script: 30000}, unhandledPromptBehavior: dismiss and notify}
Session ID: eed464aa-a4f4-48a0-b0f3-5fbbe0820925]]>
            </message>
            <full-stacktrace>
              <![CDATA[org.openqa.selenium.WebDriverException: Failed to decode response from marionette
Build info: version: '4.1.0', revision: '87802e897b'
System info: host: 'DESKTOP-K93H14H', ip: '192.168.0.180', os.name: 'Windows 10', os.arch: 'amd64', os.version: '10.0', java.version: '16.0.1'
Driver info: org.openqa.selenium.firefox.FirefoxDriver
Command: [eed464aa-a4f4-48a0-b0f3-5fbbe0820925, quit {}]
Capabilities {acceptInsecureCerts: true, browserName: firefox, browserVersion: 95.0.2, javascriptEnabled: true, moz:accessibilityChecks: false, moz:buildID: 20211218203254, moz:debuggerAddress: localhost:50884, moz:geckodriverVersion: 0.30.0, moz:headless: false, moz:processID: 5028, moz:profile: C:\Users\745 G6\AppData\Loc..., moz:shutdownTimeout: 60000, moz:useNonSpecCompliantPointerOrigin: false, moz:webdriverClick: true, pageLoadStrategy: normal, platform: WINDOWS, platformName: WINDOWS, platformVersion: 10.0, proxy: Proxy(), se:cdp: ws://localhost:50884/devtoo..., se:cdpVersion: 85, setWindowRect: true, strictFileInteractability: false, timeouts: {implicit: 0, pageLoad: 300000, script: 30000}, unhandledPromptBehavior: dismiss and notify}
Session ID: eed464aa-a4f4-48a0-b0f3-5fbbe0820925
at java.base/jdk.internal.reflect.NativeConstructorAccessorImpl.newInstance0(Native Method)
at java.base/jdk.internal.reflect.NativeConstructorAccessorImpl.newInstance(NativeConstructorAccessorImpl.java:78)
at java.base/jdk.internal.reflect.DelegatingConstructorAccessorImpl.newInstance(DelegatingConstructorAccessorImpl.java:45)
at java.base/java.lang.reflect.Constructor.newInstanceWithCaller(Constructor.java:499)
at java.base/java.lang.reflect.Constructor.newInstance(Constructor.java:480)
at org.openqa.selenium.remote.codec.w3c.W3CHttpResponseCodec.createException(W3CHttpResponseCodec.java:200)
at org.openqa.selenium.remote.codec.w3c.W3CHttpResponseCodec.decode(W3CHttpResponseCodec.java:133)
at org.openqa.selenium.remote.codec.w3c.W3CHttpResponseCodec.decode(W3CHttpResponseCodec.java:53)
at org.openqa.selenium.remote.HttpCommandExecutor.execute(HttpCommandExecutor.java:184)
at org.openqa.selenium.remote.service.DriverCommandExecutor.invokeExecute(DriverCommandExecutor.java:164)
at org.openqa.selenium.remote.service.DriverCommandExecutor.lambda$execute$1(DriverCommandExecutor.java:102)
at java.base/java.util.concurrent.CompletableFuture$AsyncSupply.run(CompletableFuture.java:1764)
at java.base/java.util.concurrent.ThreadPoolExecutor.runWorker(ThreadPoolExecutor.java:1130)
at java.base/java.util.concurrent.ThreadPoolExecutor$Worker.run(ThreadPoolExecutor.java:630)
at java.base/java.lang.Thread.run(Thread.java:831)
]]>
            </full-stacktrace>
          </exception> <!-- org.openqa.selenium.WebDriverException -->
          <reporter-output>
          </reporter-output>
        </test-method> <!-- updateSchedulingTab -->
        <test-method is-config="true" signature="tearDown()[pri:0, instance:com.pack.testCases.TC_UpdateEmployeeAvailability@5b202a3a]" started-at="2022-01-25T18:00:54 IST" name="tearDown" finished-at="1970-01-01T05:30:00 IST" duration-ms="-1643113854860" status="SKIP">
          <reporter-output>
          </reporter-output>
        </test-method> <!-- tearDown -->
        <test-method is-config="true" signature="setup(java.lang.String)[pri:0, instance:com.pack.testCases.TC_UpdateEmployeeAvailability@5b202a3a]" started-at="2022-01-25T18:00:54 IST" name="setup" finished-at="1970-01-01T05:30:00 IST" duration-ms="-1643113854868" status="SKIP">
          <reporter-output>
          </reporter-output>
        </test-method> <!-- setup -->
        <test-method signature="updateSchedulingTab(java.lang.String,java.lang.String,java.lang.String,java.lang.String,java.lang.String,java.lang.String,java.lang.String,java.lang.String,java.lang.String,java.lang.String,java.lang.String,java.lang.String,java.lang.String,java.lang.String,java.lang.String,java.lang.String,java.lang.String,java.lang.String,java.lang.String,java.lang.String,java.lang.String,java.lang.String,java.lang.String,java.lang.String,java.lang.String,java.lang.String,java.lang.String,java.lang.String)[pri:0, instance:com.pack.testCases.TC_UpdateEmployeeAvailability@5b202a3a]" started-at="2022-01-25T18:00:54 IST" name="updateSchedulingTab" data-provider="EmployeeAvailability" finished-at="2022-01-25T18:00:54 IST" duration-ms="0" status="SKIP">
          <params>
            <param index="0">
              <value>
                <![CDATA[635677]]>
              </value>
            </param>
            <param index="1">
              <value>
                <![CDATA[4:00AM]]>
              </value>
            </param>
            <param index="2">
              <value>
                <![CDATA[12:00PM]]>
              </value>
            </param>
            <param index="3">
              <value>
                <![CDATA[SATURDAY]]>
              </value>
            </param>
            <param index="4">
              <value>
                <![CDATA[TUESDAY]]>
              </value>
            </param>
            <param index="5">
              <value>
                <![CDATA[FRIDAY]]>
              </value>
            </param>
            <param index="6">
              <value>
                <![CDATA[2:00PM]]>
              </value>
            </param>
            <param index="7">
              <value>
                <![CDATA[10:00PM]]>
              </value>
            </param>
            <param index="8">
              <value>
                <![CDATA[SATURDAY]]>
              </value>
            </param>
            <param index="9">
              <value>
                <![CDATA[1:00PM]]>
              </value>
            </param>
            <param index="10">
              <value>
                <![CDATA[9:00PM]]>
              </value>
            </param>
            <param index="11">
              <value>
                <![CDATA[SUNDAY]]>
              </value>
            </param>
            <param index="12">
              <value>
                <![CDATA[2:00PM]]>
              </value>
            </param>
            <param index="13">
              <value>
                <![CDATA[10:00PM]]>
              </value>
            </param>
            <param index="14">
              <value>
                <![CDATA[//ul[@role='tree']/li[1]/ul[1]/li[2]/ul[1]/li[6]/span[2]/span[1]]]>
              </value>
            </param>
            <param index="15">
              <value>
                <![CDATA[zach]]>
              </value>
            </param>
            <param index="16">
              <value>
                <![CDATA[635677]]>
              </value>
            </param>
            <param index="17">
              <value>
                <![CDATA[11:00PM]]>
              </value>
            </param>
            <param index="18">
              <value>
                <![CDATA[8:00AM]]>
              </value>
            </param>
            <param index="19">
              <value>
                <![CDATA[SATURDAY]]>
              </value>
            </param>
            <param index="20">
              <value>
                <![CDATA[TUESDAY]]>
              </value>
            </param>
            <param index="21">
              <value>
                <![CDATA[WEDNESDAY]]>
              </value>
            </param>
            <param index="22">
              <value>
                <![CDATA[THURSDAY]]>
              </value>
            </param>
            <param index="23">
              <value>
                <![CDATA[TUESDAY]]>
              </value>
            </param>
            <param index="24">
              <value>
                <![CDATA[11:00AM]]>
              </value>
            </param>
            <param index="25">
              <value>
                <![CDATA[7:00PM]]>
              </value>
            </param>
            <param index="26">
              <value>
                <![CDATA[WEDNESDAY]]>
              </value>
            </param>
            <param index="27">
              <value>
                <![CDATA[THURSDAY]]>
              </value>
            </param>
          </params>
          <exception class="org.openqa.selenium.WebDriverException">
            <message>
              <![CDATA[Failed to decode response from marionette
Build info: version: '4.1.0', revision: '87802e897b'
System info: host: 'DESKTOP-K93H14H', ip: '192.168.0.180', os.name: 'Windows 10', os.arch: 'amd64', os.version: '10.0', java.version: '16.0.1'
Driver info: org.openqa.selenium.firefox.FirefoxDriver
Command: [eed464aa-a4f4-48a0-b0f3-5fbbe0820925, quit {}]
Capabilities {acceptInsecureCerts: true, browserName: firefox, browserVersion: 95.0.2, javascriptEnabled: true, moz:accessibilityChecks: false, moz:buildID: 20211218203254, moz:debuggerAddress: localhost:50884, moz:geckodriverVersion: 0.30.0, moz:headless: false, moz:processID: 5028, moz:profile: C:\Users\745 G6\AppData\Loc..., moz:shutdownTimeout: 60000, moz:useNonSpecCompliantPointerOrigin: false, moz:webdriverClick: true, pageLoadStrategy: normal, platform: WINDOWS, platformName: WINDOWS, platformVersion: 10.0, proxy: Proxy(), se:cdp: ws://localhost:50884/devtoo..., se:cdpVersion: 85, setWindowRect: true, strictFileInteractability: false, timeouts: {implicit: 0, pageLoad: 300000, script: 30000}, unhandledPromptBehavior: dismiss and notify}
Session ID: eed464aa-a4f4-48a0-b0f3-5fbbe0820925]]>
            </message>
            <full-stacktrace>
              <![CDATA[org.openqa.selenium.WebDriverException: Failed to decode response from marionette
Build info: version: '4.1.0', revision: '87802e897b'
System info: host: 'DESKTOP-K93H14H', ip: '192.168.0.180', os.name: 'Windows 10', os.arch: 'amd64', os.version: '10.0', java.version: '16.0.1'
Driver info: org.openqa.selenium.firefox.FirefoxDriver
Command: [eed464aa-a4f4-48a0-b0f3-5fbbe0820925, quit {}]
Capabilities {acceptInsecureCerts: true, browserName: firefox, browserVersion: 95.0.2, javascriptEnabled: true, moz:accessibilityChecks: false, moz:buildID: 20211218203254, moz:debuggerAddress: localhost:50884, moz:geckodriverVersion: 0.30.0, moz:headless: false, moz:processID: 5028, moz:profile: C:\Users\745 G6\AppData\Loc..., moz:shutdownTimeout: 60000, moz:useNonSpecCompliantPointerOrigin: false, moz:webdriverClick: true, pageLoadStrategy: normal, platform: WINDOWS, platformName: WINDOWS, platformVersion: 10.0, proxy: Proxy(), se:cdp: ws://localhost:50884/devtoo..., se:cdpVersion: 85, setWindowRect: true, strictFileInteractability: false, timeouts: {implicit: 0, pageLoad: 300000, script: 30000}, unhandledPromptBehavior: dismiss and notify}
Session ID: eed464aa-a4f4-48a0-b0f3-5fbbe0820925
at java.base/jdk.internal.reflect.NativeConstructorAccessorImpl.newInstance0(Native Method)
at java.base/jdk.internal.reflect.NativeConstructorAccessorImpl.newInstance(NativeConstructorAccessorImpl.java:78)
at java.base/jdk.internal.reflect.DelegatingConstructorAccessorImpl.newInstance(DelegatingConstructorAccessorImpl.java:45)
at java.base/java.lang.reflect.Constructor.newInstanceWithCaller(Constructor.java:499)
at java.base/java.lang.reflect.Constructor.newInstance(Constructor.java:480)
at org.openqa.selenium.remote.codec.w3c.W3CHttpResponseCodec.createException(W3CHttpResponseCodec.java:200)
at org.openqa.selenium.remote.codec.w3c.W3CHttpResponseCodec.decode(W3CHttpResponseCodec.java:133)
at org.openqa.selenium.remote.codec.w3c.W3CHttpResponseCodec.decode(W3CHttpResponseCodec.java:53)
at org.openqa.selenium.remote.HttpCommandExecutor.execute(HttpCommandExecutor.java:184)
at org.openqa.selenium.remote.service.DriverCommandExecutor.invokeExecute(DriverCommandExecutor.java:164)
at org.openqa.selenium.remote.service.DriverCommandExecutor.lambda$execute$1(DriverCommandExecutor.java:102)
at java.base/java.util.concurrent.CompletableFuture$AsyncSupply.run(CompletableFuture.java:1764)
at java.base/java.util.concurrent.ThreadPoolExecutor.runWorker(ThreadPoolExecutor.java:1130)
at java.base/java.util.concurrent.ThreadPoolExecutor$Worker.run(ThreadPoolExecutor.java:630)
at java.base/java.lang.Thread.run(Thread.java:831)
]]>
            </full-stacktrace>
          </exception> <!-- org.openqa.selenium.WebDriverException -->
          <reporter-output>
          </reporter-output>
        </test-method> <!-- updateSchedulingTab -->
        <test-method is-config="true" signature="tearDown()[pri:0, instance:com.pack.testCases.TC_UpdateEmployeeAvailability@5b202a3a]" started-at="2022-01-25T18:00:54 IST" name="tearDown" finished-at="1970-01-01T05:30:00 IST" duration-ms="-1643113854879" status="SKIP">
          <reporter-output>
          </reporter-output>
        </test-method> <!-- tearDown -->
        <test-method is-config="true" signature="setup(java.lang.String)[pri:0, instance:com.pack.testCases.TC_UpdateEmployeeAvailability@5b202a3a]" started-at="2022-01-25T18:00:54 IST" name="setup" finished-at="1970-01-01T05:30:00 IST" duration-ms="-1643113854882" status="SKIP">
          <reporter-output>
          </reporter-output>
        </test-method> <!-- setup -->
        <test-method signature="updateSchedulingTab(java.lang.String,java.lang.String,java.lang.String,java.lang.String,java.lang.String,java.lang.String,java.lang.String,java.lang.String,java.lang.String,java.lang.String,java.lang.String,java.lang.String,java.lang.String,java.lang.String,java.lang.String,java.lang.String,java.lang.String,java.lang.String,java.lang.String,java.lang.String,java.lang.String,java.lang.String,java.lang.String,java.lang.String,java.lang.String,java.lang.String,java.lang.String,java.lang.String)[pri:0, instance:com.pack.testCases.TC_UpdateEmployeeAvailability@5b202a3a]" started-at="2022-01-25T18:00:54 IST" name="updateSchedulingTab" data-provider="EmployeeAvailability" finished-at="2022-01-25T18:00:54 IST" duration-ms="0" status="SKIP">
          <params>
            <param index="0">
              <value>
                <![CDATA[987816]]>
              </value>
            </param>
            <param index="1">
              <value>
                <![CDATA[3:00AM]]>
              </value>
            </param>
            <param index="2">
              <value>
                <![CDATA[11:00AM]]>
              </value>
            </param>
            <param index="3">
              <value>
                <![CDATA[SUNDAY]]>
              </value>
            </param>
            <param index="4">
              <value>
                <![CDATA[WEDNESDAY]]>
              </value>
            </param>
            <param index="5">
              <value>
                <![CDATA[THURSDAY]]>
              </value>
            </param>
            <param index="6">
              <value>
                <![CDATA[1:00PM]]>
              </value>
            </param>
            <param index="7">
              <value>
                <![CDATA[9:00PM]]>
              </value>
            </param>
            <param index="8">
              <value>
                <![CDATA[SUNDAY]]>
              </value>
            </param>
            <param index="9">
              <value>
                <![CDATA[12:00PM]]>
              </value>
            </param>
            <param index="10">
              <value>
                <![CDATA[8:00PM]]>
              </value>
            </param>
            <param index="11">
              <value>
                <![CDATA[SATURDAY]]>
              </value>
            </param>
            <param index="12">
              <value>
                <![CDATA[1:00PM]]>
              </value>
            </param>
            <param index="13">
              <value>
                <![CDATA[9:00PM]]>
              </value>
            </param>
            <param index="14">
              <value>
                <![CDATA[//ul[@role='tree']/li[1]/ul[1]/li[2]/ul[1]/li[2]/span[2]/span[1]]]>
              </value>
            </param>
            <param index="15">
              <value>
                <![CDATA[vishal]]>
              </value>
            </param>
            <param index="16">
              <value>
                <![CDATA[987816]]>
              </value>
            </param>
            <param index="17">
              <value>
                <![CDATA[10:00PM]]>
              </value>
            </param>
            <param index="18">
              <value>
                <![CDATA[7:00AM]]>
              </value>
            </param>
            <param index="19">
              <value>
                <![CDATA[SUNDAY]]>
              </value>
            </param>
            <param index="20">
              <value>
                <![CDATA[WEDNESDAY]]>
              </value>
            </param>
            <param index="21">
              <value>
                <![CDATA[THURSDAY]]>
              </value>
            </param>
            <param index="22">
              <value>
                <![CDATA[FRIDAY]]>
              </value>
            </param>
            <param index="23">
              <value>
                <![CDATA[WEDNESDAY]]>
              </value>
            </param>
            <param index="24">
              <value>
                <![CDATA[12:00PM]]>
              </value>
            </param>
            <param index="25">
              <value>
                <![CDATA[8:00PM]]>
              </value>
            </param>
            <param index="26">
              <value>
                <![CDATA[THURSDAY]]>
              </value>
            </param>
            <param index="27">
              <value>
                <![CDATA[FRIDAY]]>
              </value>
            </param>
          </params>
          <exception class="org.openqa.selenium.WebDriverException">
            <message>
              <![CDATA[Failed to decode response from marionette
Build info: version: '4.1.0', revision: '87802e897b'
System info: host: 'DESKTOP-K93H14H', ip: '192.168.0.180', os.name: 'Windows 10', os.arch: 'amd64', os.version: '10.0', java.version: '16.0.1'
Driver info: org.openqa.selenium.firefox.FirefoxDriver
Command: [eed464aa-a4f4-48a0-b0f3-5fbbe0820925, quit {}]
Capabilities {acceptInsecureCerts: true, browserName: firefox, browserVersion: 95.0.2, javascriptEnabled: true, moz:accessibilityChecks: false, moz:buildID: 20211218203254, moz:debuggerAddress: localhost:50884, moz:geckodriverVersion: 0.30.0, moz:headless: false, moz:processID: 5028, moz:profile: C:\Users\745 G6\AppData\Loc..., moz:shutdownTimeout: 60000, moz:useNonSpecCompliantPointerOrigin: false, moz:webdriverClick: true, pageLoadStrategy: normal, platform: WINDOWS, platformName: WINDOWS, platformVersion: 10.0, proxy: Proxy(), se:cdp: ws://localhost:50884/devtoo..., se:cdpVersion: 85, setWindowRect: true, strictFileInteractability: false, timeouts: {implicit: 0, pageLoad: 300000, script: 30000}, unhandledPromptBehavior: dismiss and notify}
Session ID: eed464aa-a4f4-48a0-b0f3-5fbbe0820925]]>
            </message>
            <full-stacktrace>
              <![CDATA[org.openqa.selenium.WebDriverException: Failed to decode response from marionette
Build info: version: '4.1.0', revision: '87802e897b'
System info: host: 'DESKTOP-K93H14H', ip: '192.168.0.180', os.name: 'Windows 10', os.arch: 'amd64', os.version: '10.0', java.version: '16.0.1'
Driver info: org.openqa.selenium.firefox.FirefoxDriver
Command: [eed464aa-a4f4-48a0-b0f3-5fbbe0820925, quit {}]
Capabilities {acceptInsecureCerts: true, browserName: firefox, browserVersion: 95.0.2, javascriptEnabled: true, moz:accessibilityChecks: false, moz:buildID: 20211218203254, moz:debuggerAddress: localhost:50884, moz:geckodriverVersion: 0.30.0, moz:headless: false, moz:processID: 5028, moz:profile: C:\Users\745 G6\AppData\Loc..., moz:shutdownTimeout: 60000, moz:useNonSpecCompliantPointerOrigin: false, moz:webdriverClick: true, pageLoadStrategy: normal, platform: WINDOWS, platformName: WINDOWS, platformVersion: 10.0, proxy: Proxy(), se:cdp: ws://localhost:50884/devtoo..., se:cdpVersion: 85, setWindowRect: true, strictFileInteractability: false, timeouts: {implicit: 0, pageLoad: 300000, script: 30000}, unhandledPromptBehavior: dismiss and notify}
Session ID: eed464aa-a4f4-48a0-b0f3-5fbbe0820925
at java.base/jdk.internal.reflect.NativeConstructorAccessorImpl.newInstance0(Native Method)
at java.base/jdk.internal.reflect.NativeConstructorAccessorImpl.newInstance(NativeConstructorAccessorImpl.java:78)
at java.base/jdk.internal.reflect.DelegatingConstructorAccessorImpl.newInstance(DelegatingConstructorAccessorImpl.java:45)
at java.base/java.lang.reflect.Constructor.newInstanceWithCaller(Constructor.java:499)
at java.base/java.lang.reflect.Constructor.newInstance(Constructor.java:480)
at org.openqa.selenium.remote.codec.w3c.W3CHttpResponseCodec.createException(W3CHttpResponseCodec.java:200)
at org.openqa.selenium.remote.codec.w3c.W3CHttpResponseCodec.decode(W3CHttpResponseCodec.java:133)
at org.openqa.selenium.remote.codec.w3c.W3CHttpResponseCodec.decode(W3CHttpResponseCodec.java:53)
at org.openqa.selenium.remote.HttpCommandExecutor.execute(HttpCommandExecutor.java:184)
at org.openqa.selenium.remote.service.DriverCommandExecutor.invokeExecute(DriverCommandExecutor.java:164)
at org.openqa.selenium.remote.service.DriverCommandExecutor.lambda$execute$1(DriverCommandExecutor.java:102)
at java.base/java.util.concurrent.CompletableFuture$AsyncSupply.run(CompletableFuture.java:1764)
at java.base/java.util.concurrent.ThreadPoolExecutor.runWorker(ThreadPoolExecutor.java:1130)
at java.base/java.util.concurrent.ThreadPoolExecutor$Worker.run(ThreadPoolExecutor.java:630)
at java.base/java.lang.Thread.run(Thread.java:831)
]]>
            </full-stacktrace>
          </exception> <!-- org.openqa.selenium.WebDriverException -->
          <reporter-output>
          </reporter-output>
        </test-method> <!-- updateSchedulingTab -->
        <test-method is-config="true" signature="tearDown()[pri:0, instance:com.pack.testCases.TC_UpdateEmployeeAvailability@5b202a3a]" started-at="2022-01-25T18:00:54 IST" name="tearDown" finished-at="1970-01-01T05:30:00 IST" duration-ms="-1643113854893" status="SKIP">
          <reporter-output>
          </reporter-output>
        </test-method> <!-- tearDown -->
      </class> <!-- com.pack.testCases.TC_UpdateEmployeeAvailability -->
    </test> <!-- openShift -->
  </suite> <!-- UnifocusScheduler -->
</testng-results>
