<?xml version="1.0" encoding="UTF-8"?>
<testng-results ignored="0" total="1" passed="1" failed="0" skipped="0">
  <reporter-output>
  </reporter-output>
  <suite started-at="2021-11-04T17:54:11 IST" name="UnifocusScheduler" finished-at="2021-11-04T17:55:42 IST" duration-ms="91016">
    <groups>
    </groups>
    <test started-at="2021-11-04T17:54:11 IST" name="openShift" finished-at="2021-11-04T17:55:42 IST" duration-ms="91016">
      <class name="com.pack.testCases.TC_AddNewEmployee">
        <test-method is-config="true" signature="setup(java.lang.String)[pri:0, instance:com.pack.testCases.TC_AddNewEmployee@63a270c9]" started-at="2021-11-04T17:54:11 IST" name="setup" finished-at="2021-11-04T17:55:01 IST" duration-ms="50285" status="PASS">
          <params>
            <param index="0">
              <value>
                <![CDATA[chrome]]>
              </value>
            </param>
          </params>
          <reporter-output>
          </reporter-output>
        </test-method> <!-- setup -->
        <test-method signature="addNewEmployee()[pri:0, instance:com.pack.testCases.TC_AddNewEmployee@63a270c9]" started-at="2021-11-04T17:55:01 IST" name="addNewEmployee" finished-at="2021-11-04T17:55:41 IST" duration-ms="39828" status="PASS">
          <reporter-output>
          </reporter-output>
        </test-method> <!-- addNewEmployee -->
        <test-method is-config="true" signature="tearDown()[pri:0, instance:com.pack.testCases.TC_AddNewEmployee@63a270c9]" started-at="2021-11-04T17:55:41 IST" name="tearDown" finished-at="2021-11-04T17:55:42 IST" duration-ms="439" status="PASS">
          <reporter-output>
          </reporter-output>
        </test-method> <!-- tearDown -->
      </class> <!-- com.pack.testCases.TC_AddNewEmployee -->
    </test> <!-- openShift -->
  </suite> <!-- UnifocusScheduler -->
</testng-results>
