<?xml version="1.0" encoding="UTF-8"?>
<testng-results ignored="0" total="1" passed="1" failed="0" skipped="0">
  <reporter-output>
  </reporter-output>
  <suite started-at="2021-11-11T17:11:51 IST" name="UnifocusScheduler" finished-at="2021-11-11T17:12:45 IST" duration-ms="53388">
    <groups>
    </groups>
    <test started-at="2021-11-11T17:11:51 IST" name="openShift" finished-at="2021-11-11T17:12:45 IST" duration-ms="53388">
      <class name="com.pack.testCases.TC_TandAPage">
        <test-method is-config="true" signature="setup(java.lang.String)[pri:0, instance:com.pack.testCases.TC_TandAPage@2eee3069]" started-at="2021-11-11T17:11:52 IST" name="setup" finished-at="2021-11-11T17:11:55 IST" duration-ms="3130" status="PASS">
          <params>
            <param index="0">
              <value>
                <![CDATA[chrome]]>
              </value>
            </param>
          </params>
          <reporter-output>
          </reporter-output>
        </test-method> <!-- setup -->
        <test-method signature="tANDa()[pri:0, instance:com.pack.testCases.TC_TandAPage@2eee3069]" started-at="2021-11-11T17:11:55 IST" name="tANDa" finished-at="2021-11-11T17:12:44 IST" duration-ms="49364" status="PASS">
          <reporter-output>
          </reporter-output>
        </test-method> <!-- tANDa -->
        <test-method is-config="true" signature="tearDown()[pri:0, instance:com.pack.testCases.TC_TandAPage@2eee3069]" started-at="2021-11-11T17:12:44 IST" name="tearDown" finished-at="2021-11-11T17:12:45 IST" duration-ms="438" status="PASS">
          <reporter-output>
          </reporter-output>
        </test-method> <!-- tearDown -->
      </class> <!-- com.pack.testCases.TC_TandAPage -->
    </test> <!-- openShift -->
  </suite> <!-- UnifocusScheduler -->
</testng-results>
