<?xml version="1.0" encoding="UTF-8"?>
<testng-results ignored="0" total="1" passed="1" failed="0" skipped="0">
  <reporter-output>
  </reporter-output>
  <suite started-at="2022-02-09T19:14:47 IST" name="UnifocusScheduler" finished-at="2022-02-09T19:18:44 IST" duration-ms="237431">
    <groups>
    </groups>
    <test started-at="2022-02-09T19:14:47 IST" name="openShift" finished-at="2022-02-09T19:18:44 IST" duration-ms="237431">
      <class name="com.pack.testCases.TC_AdminstrationTest">
        <test-method is-config="true" signature="setup(java.lang.String)[pri:0, instance:com.pack.testCases.TC_AdminstrationTest@22ffa91a]" started-at="2022-02-09T19:14:47 IST" name="setup" finished-at="2022-02-09T19:15:28 IST" duration-ms="41400" status="PASS">
          <params>
            <param index="0">
              <value>
                <![CDATA[chrome]]>
              </value>
            </param>
          </params>
          <reporter-output>
          </reporter-output>
        </test-method> <!-- setup -->
        <test-method signature="admin()[pri:0, instance:com.pack.testCases.TC_AdminstrationTest@22ffa91a]" started-at="2022-02-09T19:15:29 IST" name="admin" finished-at="2022-02-09T19:18:43 IST" duration-ms="194315" status="PASS">
          <reporter-output>
          </reporter-output>
        </test-method> <!-- admin -->
        <test-method is-config="true" signature="tearDown()[pri:0, instance:com.pack.testCases.TC_AdminstrationTest@22ffa91a]" started-at="2022-02-09T19:18:43 IST" name="tearDown" finished-at="2022-02-09T19:18:44 IST" duration-ms="995" status="PASS">
          <reporter-output>
          </reporter-output>
        </test-method> <!-- tearDown -->
      </class> <!-- com.pack.testCases.TC_AdminstrationTest -->
    </test> <!-- openShift -->
  </suite> <!-- UnifocusScheduler -->
</testng-results>
