<?xml version="1.0" encoding="UTF-8"?>
<testng-results ignored="0" total="1" passed="0" failed="1" skipped="0">
  <reporter-output>
  </reporter-output>
  <suite started-at="2022-01-10T13:48:32 IST" name="UnifocusScheduler" finished-at="2022-01-10T13:52:32 IST" duration-ms="239882">
    <groups>
    </groups>
    <test started-at="2022-01-10T13:48:32 IST" name="openShift" finished-at="2022-01-10T13:52:32 IST" duration-ms="239882">
      <class name="com.pack.testCases.TC_UpdateSchedulingTab">
        <test-method is-config="true" signature="setup(java.lang.String)[pri:0, instance:com.pack.testCases.TC_UpdateSchedulingTab@5b202a3a]" started-at="2022-01-10T13:48:34 IST" name="setup" finished-at="2022-01-10T13:49:41 IST" duration-ms="66709" status="PASS">
          <params>
            <param index="0">
              <value>
                <![CDATA[chrome]]>
              </value>
            </param>
          </params>
          <reporter-output>
          </reporter-output>
        </test-method> <!-- setup -->
        <test-method signature="updateSchedulingTab(java.lang.String,java.lang.String,java.lang.String,java.lang.String,java.lang.String,java.lang.String,java.lang.String,java.lang.String,java.lang.String,java.lang.String,java.lang.String,java.lang.String,java.lang.String,java.lang.String,java.lang.String,java.lang.String,java.lang.String,java.lang.String,java.lang.String,java.lang.String,java.lang.String,java.lang.String,java.lang.String,java.lang.String,java.lang.String)[pri:0, instance:com.pack.testCases.TC_UpdateSchedulingTab@5b202a3a]" started-at="2022-01-10T13:49:41 IST" name="updateSchedulingTab" data-provider="RegularShedule" finished-at="2022-01-10T13:52:32 IST" duration-ms="170487" status="FAIL">
          <params>
            <param index="0">
              <value>
                <![CDATA[987816]]>
              </value>
            </param>
            <param index="1">
              <value>
                <![CDATA[9:00AM]]>
              </value>
            </param>
            <param index="2">
              <value>
                <![CDATA[5:00PM]]>
              </value>
            </param>
            <param index="3">
              <value>
                <![CDATA[MONDAY]]>
              </value>
            </param>
            <param index="4">
              <value>
                <![CDATA[FRIDAY]]>
              </value>
            </param>
            <param index="5">
              <value>
                <![CDATA[WEDNESDAY]]>
              </value>
            </param>
            <param index="6">
              <value>
                <![CDATA[7:00PM]]>
              </value>
            </param>
            <param index="7">
              <value>
                <![CDATA[3:00AM]]>
              </value>
            </param>
            <param index="8">
              <value>
                <![CDATA[MONDAY]]>
              </value>
            </param>
            <param index="9">
              <value>
                <![CDATA[6:00PM]]>
              </value>
            </param>
            <param index="10">
              <value>
                <![CDATA[2:00AM]]>
              </value>
            </param>
            <param index="11">
              <value>
                <![CDATA[4:00AM]]>
              </value>
            </param>
            <param index="12">
              <value>
                <![CDATA[1:00PM]]>
              </value>
            </param>
            <param index="13">
              <value>
                <![CDATA[TUESDAY]]>
              </value>
            </param>
            <param index="14">
              <value>
                <![CDATA[FRIDAY]]>
              </value>
            </param>
            <param index="15">
              <value>
                <![CDATA[SUNDAY]]>
              </value>
            </param>
            <param index="16">
              <value>
                <![CDATA[TUESDAY]]>
              </value>
            </param>
            <param index="17">
              <value>
                <![CDATA[6:00PM]]>
              </value>
            </param>
            <param index="18">
              <value>
                <![CDATA[3:00AM]]>
              </value>
            </param>
            <param index="19">
              <value>
                <![CDATA[MONDAY]]>
              </value>
            </param>
            <param index="20">
              <value>
                <![CDATA[FRIDAY]]>
              </value>
            </param>
            <param index="21">
              <value>
                <![CDATA[8:00AM]]>
              </value>
            </param>
            <param index="22">
              <value>
                <![CDATA[4:00PM]]>
              </value>
            </param>
            <param index="23">
              <value>
                <![CDATA[TUESDAY]]>
              </value>
            </param>
            <param index="24">
              <value>
                <![CDATA[Variable]]>
              </value>
            </param>
          </params>
          <exception class="org.openqa.selenium.StaleElementReferenceException">
            <message>
              <![CDATA[stale element reference: element is not attached to the page document
  (Session info: chrome=96.0.4664.110)
For documentation on this error, please visit: https://selenium.dev/exceptions/#stale_element_reference
Build info: version: '4.1.0', revision: '87802e897b'
System info: host: 'DESKTOP-K93H14H', ip: '192.168.0.180', os.name: 'Windows 10', os.arch: 'amd64', os.version: '10.0', java.version: '16.0.1'
Driver info: org.openqa.selenium.chrome.ChromeDriver
Command: [da87617bcb7dad32fb44b8321ca506d5, executeScript {script=arguments[0].click();, args=[{ELEMENT=015ac3d5-67b3-44c7-a17d-19d402c3a25d, element-6066-11e4-a52e-4f735466cecf=015ac3d5-67b3-44c7-a17d-19d402c3a25d}]}]
Capabilities {acceptInsecureCerts: false, browserName: chrome, browserVersion: 96.0.4664.110, chrome: {chromedriverVersion: 96.0.4664.45 (76e4c1bb2ab46..., userDataDir: C:\Users\745G6~1\AppData\Lo...}, goog:chromeOptions: {debuggerAddress: localhost:60733}, javascriptEnabled: true, networkConnectionEnabled: false, pageLoadStrategy: normal, platform: WINDOWS, platformName: WINDOWS, proxy: Proxy(), se:cdp: ws://localhost:60733/devtoo..., se:cdpVersion: 96.0.4664.110, setWindowRect: true, strictFileInteractability: false, timeouts: {implicit: 0, pageLoad: 300000, script: 30000}, unhandledPromptBehavior: dismiss and notify, webauthn:extension:credBlob: true, webauthn:extension:largeBlob: true, webauthn:virtualAuthenticators: true}
Session ID: da87617bcb7dad32fb44b8321ca506d5]]>
            </message>
            <full-stacktrace>
              <![CDATA[org.openqa.selenium.StaleElementReferenceException: stale element reference: element is not attached to the page document
  (Session info: chrome=96.0.4664.110)
For documentation on this error, please visit: https://selenium.dev/exceptions/#stale_element_reference
Build info: version: '4.1.0', revision: '87802e897b'
System info: host: 'DESKTOP-K93H14H', ip: '192.168.0.180', os.name: 'Windows 10', os.arch: 'amd64', os.version: '10.0', java.version: '16.0.1'
Driver info: org.openqa.selenium.chrome.ChromeDriver
Command: [da87617bcb7dad32fb44b8321ca506d5, executeScript {script=arguments[0].click();, args=[{ELEMENT=015ac3d5-67b3-44c7-a17d-19d402c3a25d, element-6066-11e4-a52e-4f735466cecf=015ac3d5-67b3-44c7-a17d-19d402c3a25d}]}]
Capabilities {acceptInsecureCerts: false, browserName: chrome, browserVersion: 96.0.4664.110, chrome: {chromedriverVersion: 96.0.4664.45 (76e4c1bb2ab46..., userDataDir: C:\Users\745G6~1\AppData\Lo...}, goog:chromeOptions: {debuggerAddress: localhost:60733}, javascriptEnabled: true, networkConnectionEnabled: false, pageLoadStrategy: normal, platform: WINDOWS, platformName: WINDOWS, proxy: Proxy(), se:cdp: ws://localhost:60733/devtoo..., se:cdpVersion: 96.0.4664.110, setWindowRect: true, strictFileInteractability: false, timeouts: {implicit: 0, pageLoad: 300000, script: 30000}, unhandledPromptBehavior: dismiss and notify, webauthn:extension:credBlob: true, webauthn:extension:largeBlob: true, webauthn:virtualAuthenticators: true}
Session ID: da87617bcb7dad32fb44b8321ca506d5
at java.base/jdk.internal.reflect.NativeConstructorAccessorImpl.newInstance0(Native Method)
at java.base/jdk.internal.reflect.NativeConstructorAccessorImpl.newInstance(NativeConstructorAccessorImpl.java:78)
at java.base/jdk.internal.reflect.DelegatingConstructorAccessorImpl.newInstance(DelegatingConstructorAccessorImpl.java:45)
at java.base/java.lang.reflect.Constructor.newInstanceWithCaller(Constructor.java:499)
at java.base/java.lang.reflect.Constructor.newInstance(Constructor.java:480)
at org.openqa.selenium.remote.codec.w3c.W3CHttpResponseCodec.createException(W3CHttpResponseCodec.java:200)
at org.openqa.selenium.remote.codec.w3c.W3CHttpResponseCodec.decode(W3CHttpResponseCodec.java:133)
at org.openqa.selenium.remote.codec.w3c.W3CHttpResponseCodec.decode(W3CHttpResponseCodec.java:53)
at org.openqa.selenium.remote.HttpCommandExecutor.execute(HttpCommandExecutor.java:184)
at org.openqa.selenium.remote.service.DriverCommandExecutor.invokeExecute(DriverCommandExecutor.java:164)
at org.openqa.selenium.remote.service.DriverCommandExecutor.execute(DriverCommandExecutor.java:139)
at org.openqa.selenium.remote.RemoteWebDriver.execute(RemoteWebDriver.java:559)
at org.openqa.selenium.remote.RemoteWebDriver.executeScript(RemoteWebDriver.java:493)
at com.pack.loginPages.UpdateSchedulingTab.clickDeleteAllShifts(UpdateSchedulingTab.java:385)
at com.pack.testCases.TC_UpdateSchedulingTab.updateSchedulingTab(TC_UpdateSchedulingTab.java:41)
at java.base/jdk.internal.reflect.NativeMethodAccessorImpl.invoke0(Native Method)
at java.base/jdk.internal.reflect.NativeMethodAccessorImpl.invoke(NativeMethodAccessorImpl.java:78)
at java.base/jdk.internal.reflect.DelegatingMethodAccessorImpl.invoke(DelegatingMethodAccessorImpl.java:43)
at java.base/java.lang.reflect.Method.invoke(Method.java:567)
at org.testng.internal.MethodInvocationHelper.invokeMethod(MethodInvocationHelper.java:133)
at org.testng.internal.TestInvoker.invokeMethod(TestInvoker.java:598)
at org.testng.internal.TestInvoker.invokeTestMethod(TestInvoker.java:173)
at org.testng.internal.MethodRunner.runInSequence(MethodRunner.java:46)
at org.testng.internal.TestInvoker$MethodInvocationAgent.invoke(TestInvoker.java:824)
at org.testng.internal.TestInvoker.invokeTestMethods(TestInvoker.java:146)
at org.testng.internal.TestMethodWorker.invokeTestMethods(TestMethodWorker.java:146)
at org.testng.internal.TestMethodWorker.run(TestMethodWorker.java:128)
at java.base/java.util.ArrayList.forEach(ArrayList.java:1511)
at org.testng.TestRunner.privateRun(TestRunner.java:794)
at org.testng.TestRunner.run(TestRunner.java:596)
at org.testng.SuiteRunner.runTest(SuiteRunner.java:377)
at org.testng.SuiteRunner.runSequentially(SuiteRunner.java:371)
at org.testng.SuiteRunner.privateRun(SuiteRunner.java:332)
at org.testng.SuiteRunner.run(SuiteRunner.java:276)
at org.testng.SuiteRunnerWorker.runSuite(SuiteRunnerWorker.java:53)
at org.testng.SuiteRunnerWorker.run(SuiteRunnerWorker.java:96)
at org.testng.TestNG.runSuitesSequentially(TestNG.java:1212)
at org.testng.TestNG.runSuitesLocally(TestNG.java:1134)
at org.testng.TestNG.runSuites(TestNG.java:1063)
at org.testng.TestNG.run(TestNG.java:1031)
at org.testng.remote.AbstractRemoteTestNG.run(AbstractRemoteTestNG.java:115)
at org.testng.remote.RemoteTestNG.initAndRun(RemoteTestNG.java:251)
at org.testng.remote.RemoteTestNG.main(RemoteTestNG.java:77)
]]>
            </full-stacktrace>
          </exception> <!-- org.openqa.selenium.StaleElementReferenceException -->
          <reporter-output>
          </reporter-output>
        </test-method> <!-- updateSchedulingTab -->
        <test-method is-config="true" signature="tearDown()[pri:0, instance:com.pack.testCases.TC_UpdateSchedulingTab@5b202a3a]" started-at="2022-01-10T13:52:32 IST" name="tearDown" finished-at="2022-01-10T13:52:32 IST" duration-ms="345" status="PASS">
          <reporter-output>
          </reporter-output>
        </test-method> <!-- tearDown -->
      </class> <!-- com.pack.testCases.TC_UpdateSchedulingTab -->
    </test> <!-- openShift -->
  </suite> <!-- UnifocusScheduler -->
</testng-results>
