<?xml version="1.0" encoding="UTF-8"?>
<testng-results ignored="0" total="1" passed="1" failed="0" skipped="0">
  <reporter-output>
  </reporter-output>
  <suite started-at="2021-12-08T18:07:28 IST" name="UnifocusScheduler" finished-at="2021-12-08T18:09:46 IST" duration-ms="137842">
    <groups>
    </groups>
    <test started-at="2021-12-08T18:07:28 IST" name="openShift" finished-at="2021-12-08T18:09:46 IST" duration-ms="137842">
      <class name="com.pack.testCases.TC_UpdateExistingEmployee">
        <test-method is-config="true" signature="setup(java.lang.String)[pri:0, instance:com.pack.testCases.TC_UpdateExistingEmployee@628c4ac0]" started-at="2021-12-08T18:07:28 IST" name="setup" finished-at="2021-12-08T18:08:20 IST" duration-ms="51722" status="PASS">
          <params>
            <param index="0">
              <value>
                <![CDATA[chrome]]>
              </value>
            </param>
          </params>
          <reporter-output>
          </reporter-output>
        </test-method> <!-- setup -->
        <test-method signature="updateExistingEmployee()[pri:0, instance:com.pack.testCases.TC_UpdateExistingEmployee@628c4ac0]" started-at="2021-12-08T18:08:20 IST" name="updateExistingEmployee" finished-at="2021-12-08T18:09:45 IST" duration-ms="85249" status="PASS">
          <reporter-output>
          </reporter-output>
        </test-method> <!-- updateExistingEmployee -->
        <test-method is-config="true" signature="tearDown()[pri:0, instance:com.pack.testCases.TC_UpdateExistingEmployee@628c4ac0]" started-at="2021-12-08T18:09:45 IST" name="tearDown" finished-at="2021-12-08T18:09:46 IST" duration-ms="445" status="PASS">
          <reporter-output>
          </reporter-output>
        </test-method> <!-- tearDown -->
      </class> <!-- com.pack.testCases.TC_UpdateExistingEmployee -->
    </test> <!-- openShift -->
  </suite> <!-- UnifocusScheduler -->
</testng-results>
