<?xml version="1.0" encoding="UTF-8"?>
<testng-results ignored="0" total="1" passed="1" failed="0" skipped="0">
  <reporter-output>
  </reporter-output>
  <suite started-at="2022-02-03T13:10:25 IST" name="UnifocusScheduler" finished-at="2022-02-03T13:16:56 IST" duration-ms="391122">
    <groups>
    </groups>
    <test started-at="2022-02-03T13:10:25 IST" name="openShift" finished-at="2022-02-03T13:16:56 IST" duration-ms="391122">
      <class name="com.pack.testCases.TC_SchedularTest">
        <test-method is-config="true" signature="setup(java.lang.String)[pri:0, instance:com.pack.testCases.TC_SchedularTest@628c4ac0]" started-at="2022-02-03T13:10:26 IST" name="setup" finished-at="2022-02-03T13:12:59 IST" duration-ms="153362" status="PASS">
          <params>
            <param index="0">
              <value>
                <![CDATA[chrome]]>
              </value>
            </param>
          </params>
          <reporter-output>
          </reporter-output>
        </test-method> <!-- setup -->
        <test-method signature="schedularTest()[pri:0, instance:com.pack.testCases.TC_SchedularTest@628c4ac0]" started-at="2022-02-03T13:12:59 IST" name="schedularTest" finished-at="2022-02-03T13:16:55 IST" duration-ms="236391" status="PASS">
          <reporter-output>
          </reporter-output>
        </test-method> <!-- schedularTest -->
        <test-method is-config="true" signature="tearDown()[pri:0, instance:com.pack.testCases.TC_SchedularTest@628c4ac0]" started-at="2022-02-03T13:16:56 IST" name="tearDown" finished-at="2022-02-03T13:16:56 IST" duration-ms="516" status="PASS">
          <reporter-output>
          </reporter-output>
        </test-method> <!-- tearDown -->
      </class> <!-- com.pack.testCases.TC_SchedularTest -->
    </test> <!-- openShift -->
  </suite> <!-- UnifocusScheduler -->
</testng-results>
