<?xml version="1.0" encoding="UTF-8"?>
<testng-results ignored="0" total="1" passed="1" failed="0" skipped="0">
  <reporter-output>
  </reporter-output>
  <suite started-at="2021-08-06T19:19:37 IST" name="UnifocusScheduler" finished-at="2021-08-06T19:22:26 IST" duration-ms="169116">
    <groups>
    </groups>
    <test started-at="2021-08-06T19:19:37 IST" name="openShift" finished-at="2021-08-06T19:22:26 IST" duration-ms="169116">
      <class name="com.pack.testCases.TC_DeleteAllShifts">
        <test-method is-config="true" signature="setup(java.lang.String)[pri:0, instance:com.pack.testCases.TC_DeleteAllShifts@4f5991f6]" started-at="2021-08-06T19:19:37 IST" name="setup" finished-at="2021-08-06T19:19:46 IST" duration-ms="9134" status="PASS">
          <params>
            <param index="0">
              <value>
                <![CDATA[chrome]]>
              </value>
            </param>
          </params>
          <reporter-output>
          </reporter-output>
        </test-method> <!-- setup -->
        <test-method signature="deleteAllShift()[pri:0, instance:com.pack.testCases.TC_DeleteAllShifts@4f5991f6]" started-at="2021-08-06T19:19:46 IST" name="deleteAllShift" finished-at="2021-08-06T19:22:25 IST" duration-ms="158878" status="PASS">
          <reporter-output>
          </reporter-output>
        </test-method> <!-- deleteAllShift -->
        <test-method is-config="true" signature="tearDown()[pri:0, instance:com.pack.testCases.TC_DeleteAllShifts@4f5991f6]" started-at="2021-08-06T19:22:25 IST" name="tearDown" finished-at="2021-08-06T19:22:26 IST" duration-ms="394" status="PASS">
          <reporter-output>
          </reporter-output>
        </test-method> <!-- tearDown -->
      </class> <!-- com.pack.testCases.TC_DeleteAllShifts -->
    </test> <!-- openShift -->
  </suite> <!-- UnifocusScheduler -->
</testng-results>
