<?xml version="1.0" encoding="UTF-8"?>
<testng-results ignored="0" total="7" passed="1" failed="6" skipped="0">
  <reporter-output>
  </reporter-output>
  <suite started-at="2022-01-12T15:21:18 IST" name="UnifocusScheduler" finished-at="2022-01-12T15:44:46 IST" duration-ms="1407275">
    <groups>
    </groups>
    <test started-at="2022-01-12T15:21:18 IST" name="openShift" finished-at="2022-01-12T15:44:46 IST" duration-ms="1407275">
      <class name="com.pack.testCases.TC_UpdateSchedulingTab">
        <test-method is-config="true" signature="setup(java.lang.String)[pri:0, instance:com.pack.testCases.TC_UpdateSchedulingTab@5b202a3a]" started-at="2022-01-12T15:21:24 IST" name="setup" finished-at="2022-01-12T15:22:11 IST" duration-ms="46988" status="PASS">
          <params>
            <param index="0">
              <value>
                <![CDATA[chrome]]>
              </value>
            </param>
          </params>
          <reporter-output>
          </reporter-output>
        </test-method> <!-- setup -->
        <test-method signature="updateSchedulingTab(java.lang.String,java.lang.String,java.lang.String,java.lang.String,java.lang.String,java.lang.String,java.lang.String,java.lang.String,java.lang.String,java.lang.String,java.lang.String,java.lang.String,java.lang.String,java.lang.String,java.lang.String,java.lang.String,java.lang.String,java.lang.String,java.lang.String,java.lang.String,java.lang.String,java.lang.String,java.lang.String,java.lang.String,java.lang.String,java.lang.String)[pri:0, instance:com.pack.testCases.TC_UpdateSchedulingTab@5b202a3a]" started-at="2022-01-12T15:22:11 IST" name="updateSchedulingTab" data-provider="RegularShedule" finished-at="2022-01-12T15:24:26 IST" duration-ms="134423" status="PASS">
          <params>
            <param index="0">
              <value>
                <![CDATA[5437]]>
              </value>
            </param>
            <param index="1">
              <value>
                <![CDATA[9:00AM]]>
              </value>
            </param>
            <param index="2">
              <value>
                <![CDATA[5:00PM]]>
              </value>
            </param>
            <param index="3">
              <value>
                <![CDATA[MONDAY]]>
              </value>
            </param>
            <param index="4">
              <value>
                <![CDATA[FRIDAY]]>
              </value>
            </param>
            <param index="5">
              <value>
                <![CDATA[WEDNESDAY]]>
              </value>
            </param>
            <param index="6">
              <value>
                <![CDATA[7:00PM]]>
              </value>
            </param>
            <param index="7">
              <value>
                <![CDATA[3:00AM]]>
              </value>
            </param>
            <param index="8">
              <value>
                <![CDATA[MONDAY]]>
              </value>
            </param>
            <param index="9">
              <value>
                <![CDATA[6:00PM]]>
              </value>
            </param>
            <param index="10">
              <value>
                <![CDATA[2:00AM]]>
              </value>
            </param>
            <param index="11">
              <value>
                <![CDATA[4:00AM]]>
              </value>
            </param>
            <param index="12">
              <value>
                <![CDATA[1:00PM]]>
              </value>
            </param>
            <param index="13">
              <value>
                <![CDATA[MONDAY]]>
              </value>
            </param>
            <param index="14">
              <value>
                <![CDATA[TUESDAY]]>
              </value>
            </param>
            <param index="15">
              <value>
                <![CDATA[WEDNESDAY]]>
              </value>
            </param>
            <param index="16">
              <value>
                <![CDATA[THURSDAY]]>
              </value>
            </param>
            <param index="17">
              <value>
                <![CDATA[TUESDAY]]>
              </value>
            </param>
            <param index="18">
              <value>
                <![CDATA[6:00AM]]>
              </value>
            </param>
            <param index="19">
              <value>
                <![CDATA[2:00PM]]>
              </value>
            </param>
            <param index="20">
              <value>
                <![CDATA[WEDNESDAY]]>
              </value>
            </param>
            <param index="21">
              <value>
                <![CDATA[THURSDAY]]>
              </value>
            </param>
            <param index="22">
              <value>
                <![CDATA[8:00AM]]>
              </value>
            </param>
            <param index="23">
              <value>
                <![CDATA[4:00PM]]>
              </value>
            </param>
            <param index="24">
              <value>
                <![CDATA[WEDNESDAY]]>
              </value>
            </param>
            <param index="25">
              <value>
                <![CDATA[Salaried]]>
              </value>
            </param>
          </params>
          <reporter-output>
          </reporter-output>
        </test-method> <!-- updateSchedulingTab -->
        <test-method is-config="true" signature="tearDown()[pri:0, instance:com.pack.testCases.TC_UpdateSchedulingTab@5b202a3a]" started-at="2022-01-12T15:24:26 IST" name="tearDown" finished-at="2022-01-12T15:24:26 IST" duration-ms="564" status="PASS">
          <reporter-output>
          </reporter-output>
        </test-method> <!-- tearDown -->
        <test-method is-config="true" signature="setup(java.lang.String)[pri:0, instance:com.pack.testCases.TC_UpdateSchedulingTab@5b202a3a]" started-at="2022-01-12T15:24:26 IST" name="setup" finished-at="2022-01-12T15:25:09 IST" duration-ms="42897" status="PASS">
          <params>
            <param index="0">
              <value>
                <![CDATA[chrome]]>
              </value>
            </param>
          </params>
          <reporter-output>
          </reporter-output>
        </test-method> <!-- setup -->
        <test-method signature="updateSchedulingTab(java.lang.String,java.lang.String,java.lang.String,java.lang.String,java.lang.String,java.lang.String,java.lang.String,java.lang.String,java.lang.String,java.lang.String,java.lang.String,java.lang.String,java.lang.String,java.lang.String,java.lang.String,java.lang.String,java.lang.String,java.lang.String,java.lang.String,java.lang.String,java.lang.String,java.lang.String,java.lang.String,java.lang.String,java.lang.String,java.lang.String)[pri:0, instance:com.pack.testCases.TC_UpdateSchedulingTab@5b202a3a]" started-at="2022-01-12T15:25:09 IST" name="updateSchedulingTab" data-provider="RegularShedule" finished-at="2022-01-12T15:27:15 IST" duration-ms="125979" status="FAIL">
          <params>
            <param index="0">
              <value>
                <![CDATA[987817]]>
              </value>
            </param>
            <param index="1">
              <value>
                <![CDATA[8:00AM]]>
              </value>
            </param>
            <param index="2">
              <value>
                <![CDATA[4:00PM]]>
              </value>
            </param>
            <param index="3">
              <value>
                <![CDATA[TUESDAY]]>
              </value>
            </param>
            <param index="4">
              <value>
                <![CDATA[SUNDAY]]>
              </value>
            </param>
            <param index="5">
              <value>
                <![CDATA[MONDAY]]>
              </value>
            </param>
            <param index="6">
              <value>
                <![CDATA[6:00PM]]>
              </value>
            </param>
            <param index="7">
              <value>
                <![CDATA[2:00AM]]>
              </value>
            </param>
            <param index="8">
              <value>
                <![CDATA[TUESDAY]]>
              </value>
            </param>
            <param index="9">
              <value>
                <![CDATA[5:00PM]]>
              </value>
            </param>
            <param index="10">
              <value>
                <![CDATA[1:00AM]]>
              </value>
            </param>
            <param index="11">
              <value>
                <![CDATA[3:00AM]]>
              </value>
            </param>
            <param index="12">
              <value>
                <![CDATA[11:00PM]]>
              </value>
            </param>
            <param index="13">
              <value>
                <![CDATA[TUESDAY]]>
              </value>
            </param>
            <param index="14">
              <value>
                <![CDATA[WEDNESDAY]]>
              </value>
            </param>
            <param index="15">
              <value>
                <![CDATA[THURSDAY]]>
              </value>
            </param>
            <param index="16">
              <value>
                <![CDATA[FRIDAY]]>
              </value>
            </param>
            <param index="17">
              <value>
                <![CDATA[WEDNESDAY]]>
              </value>
            </param>
            <param index="18">
              <value>
                <![CDATA[5:00PM]]>
              </value>
            </param>
            <param index="19">
              <value>
                <![CDATA[1:00AM]]>
              </value>
            </param>
            <param index="20">
              <value>
                <![CDATA[THURSDAY]]>
              </value>
            </param>
            <param index="21">
              <value>
                <![CDATA[FRIDAY]]>
              </value>
            </param>
            <param index="22">
              <value>
                <![CDATA[7:00AM]]>
              </value>
            </param>
            <param index="23">
              <value>
                <![CDATA[3:00PM]]>
              </value>
            </param>
            <param index="24">
              <value>
                <![CDATA[THURSDAY]]>
              </value>
            </param>
            <param index="25">
              <value>
                <![CDATA[Supervisor]]>
              </value>
            </param>
          </params>
          <exception class="org.openqa.selenium.TimeoutException">
            <message>
              <![CDATA[Expected condition failed: waiting for element to be clickable: By.xpath: //span[normalize-space()='Add Shift'] (tried for 40 second(s) with 500 milliseconds interval)
Build info: version: '4.1.0', revision: '87802e897b'
System info: host: 'DESKTOP-K93H14H', ip: '192.168.0.180', os.name: 'Windows 10', os.arch: 'amd64', os.version: '10.0', java.version: '16.0.1'
Driver info: org.openqa.selenium.chrome.ChromeDriver
Capabilities {acceptInsecureCerts: false, browserName: chrome, browserVersion: 97.0.4692.71, chrome: {chromedriverVersion: 96.0.4664.45 (76e4c1bb2ab46..., userDataDir: C:\Users\745G6~1\AppData\Lo...}, goog:chromeOptions: {debuggerAddress: localhost:50224}, javascriptEnabled: true, networkConnectionEnabled: false, pageLoadStrategy: normal, platform: WINDOWS, platformName: WINDOWS, proxy: Proxy(), se:cdp: ws://localhost:50224/devtoo..., se:cdpVersion: 97.0.4692.71, setWindowRect: true, strictFileInteractability: false, timeouts: {implicit: 0, pageLoad: 300000, script: 30000}, unhandledPromptBehavior: dismiss and notify, webauthn:extension:credBlob: true, webauthn:extension:largeBlob: true, webauthn:virtualAuthenticators: true}
Session ID: ffe96df622418c5605a9907af074e5d3]]>
            </message>
            <full-stacktrace>
              <![CDATA[org.openqa.selenium.TimeoutException: Expected condition failed: waiting for element to be clickable: By.xpath: //span[normalize-space()='Add Shift'] (tried for 40 second(s) with 500 milliseconds interval)
Build info: version: '4.1.0', revision: '87802e897b'
System info: host: 'DESKTOP-K93H14H', ip: '192.168.0.180', os.name: 'Windows 10', os.arch: 'amd64', os.version: '10.0', java.version: '16.0.1'
Driver info: org.openqa.selenium.chrome.ChromeDriver
Capabilities {acceptInsecureCerts: false, browserName: chrome, browserVersion: 97.0.4692.71, chrome: {chromedriverVersion: 96.0.4664.45 (76e4c1bb2ab46..., userDataDir: C:\Users\745G6~1\AppData\Lo...}, goog:chromeOptions: {debuggerAddress: localhost:50224}, javascriptEnabled: true, networkConnectionEnabled: false, pageLoadStrategy: normal, platform: WINDOWS, platformName: WINDOWS, proxy: Proxy(), se:cdp: ws://localhost:50224/devtoo..., se:cdpVersion: 97.0.4692.71, setWindowRect: true, strictFileInteractability: false, timeouts: {implicit: 0, pageLoad: 300000, script: 30000}, unhandledPromptBehavior: dismiss and notify, webauthn:extension:credBlob: true, webauthn:extension:largeBlob: true, webauthn:virtualAuthenticators: true}
Session ID: ffe96df622418c5605a9907af074e5d3
at org.openqa.selenium.support.ui.WebDriverWait.timeoutException(WebDriverWait.java:138)
at org.openqa.selenium.support.ui.FluentWait.until(FluentWait.java:231)
at com.pack.loginPages.UpdateSchedulingTab.clickAddShift(UpdateSchedulingTab.java:175)
at com.pack.testCases.TC_UpdateSchedulingTab.updateSchedulingTab(TC_UpdateSchedulingTab.java:33)
at java.base/jdk.internal.reflect.NativeMethodAccessorImpl.invoke0(Native Method)
at java.base/jdk.internal.reflect.NativeMethodAccessorImpl.invoke(NativeMethodAccessorImpl.java:78)
at java.base/jdk.internal.reflect.DelegatingMethodAccessorImpl.invoke(DelegatingMethodAccessorImpl.java:43)
at java.base/java.lang.reflect.Method.invoke(Method.java:567)
at org.testng.internal.MethodInvocationHelper.invokeMethod(MethodInvocationHelper.java:133)
at org.testng.internal.TestInvoker.invokeMethod(TestInvoker.java:598)
at org.testng.internal.TestInvoker.invokeTestMethod(TestInvoker.java:173)
at org.testng.internal.MethodRunner.runInSequence(MethodRunner.java:46)
at org.testng.internal.TestInvoker$MethodInvocationAgent.invoke(TestInvoker.java:824)
at org.testng.internal.TestInvoker.invokeTestMethods(TestInvoker.java:146)
at org.testng.internal.TestMethodWorker.invokeTestMethods(TestMethodWorker.java:146)
at org.testng.internal.TestMethodWorker.run(TestMethodWorker.java:128)
at java.base/java.util.ArrayList.forEach(ArrayList.java:1511)
at org.testng.TestRunner.privateRun(TestRunner.java:794)
at org.testng.TestRunner.run(TestRunner.java:596)
at org.testng.SuiteRunner.runTest(SuiteRunner.java:377)
at org.testng.SuiteRunner.runSequentially(SuiteRunner.java:371)
at org.testng.SuiteRunner.privateRun(SuiteRunner.java:332)
at org.testng.SuiteRunner.run(SuiteRunner.java:276)
at org.testng.SuiteRunnerWorker.runSuite(SuiteRunnerWorker.java:53)
at org.testng.SuiteRunnerWorker.run(SuiteRunnerWorker.java:96)
at org.testng.TestNG.runSuitesSequentially(TestNG.java:1212)
at org.testng.TestNG.runSuitesLocally(TestNG.java:1134)
at org.testng.TestNG.runSuites(TestNG.java:1063)
at org.testng.TestNG.run(TestNG.java:1031)
at org.testng.remote.AbstractRemoteTestNG.run(AbstractRemoteTestNG.java:115)
at org.testng.remote.RemoteTestNG.initAndRun(RemoteTestNG.java:251)
at org.testng.remote.RemoteTestNG.main(RemoteTestNG.java:77)
]]>
            </full-stacktrace>
          </exception> <!-- org.openqa.selenium.TimeoutException -->
          <reporter-output>
          </reporter-output>
        </test-method> <!-- updateSchedulingTab -->
        <test-method is-config="true" signature="tearDown()[pri:0, instance:com.pack.testCases.TC_UpdateSchedulingTab@5b202a3a]" started-at="2022-01-12T15:27:15 IST" name="tearDown" finished-at="2022-01-12T15:27:16 IST" duration-ms="501" status="PASS">
          <reporter-output>
          </reporter-output>
        </test-method> <!-- tearDown -->
        <test-method is-config="true" signature="setup(java.lang.String)[pri:0, instance:com.pack.testCases.TC_UpdateSchedulingTab@5b202a3a]" started-at="2022-01-12T15:27:16 IST" name="setup" finished-at="2022-01-12T15:27:58 IST" duration-ms="42268" status="PASS">
          <params>
            <param index="0">
              <value>
                <![CDATA[chrome]]>
              </value>
            </param>
          </params>
          <reporter-output>
          </reporter-output>
        </test-method> <!-- setup -->
        <test-method signature="updateSchedulingTab(java.lang.String,java.lang.String,java.lang.String,java.lang.String,java.lang.String,java.lang.String,java.lang.String,java.lang.String,java.lang.String,java.lang.String,java.lang.String,java.lang.String,java.lang.String,java.lang.String,java.lang.String,java.lang.String,java.lang.String,java.lang.String,java.lang.String,java.lang.String,java.lang.String,java.lang.String,java.lang.String,java.lang.String,java.lang.String,java.lang.String)[pri:0, instance:com.pack.testCases.TC_UpdateSchedulingTab@5b202a3a]" started-at="2022-01-12T15:27:58 IST" name="updateSchedulingTab" data-provider="RegularShedule" finished-at="2022-01-12T15:31:12 IST" duration-ms="193661" status="FAIL">
          <params>
            <param index="0">
              <value>
                <![CDATA[999887]]>
              </value>
            </param>
            <param index="1">
              <value>
                <![CDATA[7:00AM]]>
              </value>
            </param>
            <param index="2">
              <value>
                <![CDATA[3:00PM]]>
              </value>
            </param>
            <param index="3">
              <value>
                <![CDATA[WEDNESDAY]]>
              </value>
            </param>
            <param index="4">
              <value>
                <![CDATA[SATURDAY]]>
              </value>
            </param>
            <param index="5">
              <value>
                <![CDATA[THURSDAY]]>
              </value>
            </param>
            <param index="6">
              <value>
                <![CDATA[5:00PM]]>
              </value>
            </param>
            <param index="7">
              <value>
                <![CDATA[1:00AM]]>
              </value>
            </param>
            <param index="8">
              <value>
                <![CDATA[WEDNESDAY]]>
              </value>
            </param>
            <param index="9">
              <value>
                <![CDATA[4:00PM]]>
              </value>
            </param>
            <param index="10">
              <value>
                <![CDATA[12:00AM]]>
              </value>
            </param>
            <param index="11">
              <value>
                <![CDATA[2:00AM]]>
              </value>
            </param>
            <param index="12">
              <value>
                <![CDATA[10:00AM]]>
              </value>
            </param>
            <param index="13">
              <value>
                <![CDATA[WEDNESDAY]]>
              </value>
            </param>
            <param index="14">
              <value>
                <![CDATA[THURSDAY]]>
              </value>
            </param>
            <param index="15">
              <value>
                <![CDATA[FRIDAY]]>
              </value>
            </param>
            <param index="16">
              <value>
                <![CDATA[MONDAY]]>
              </value>
            </param>
            <param index="17">
              <value>
                <![CDATA[THURSDAY]]>
              </value>
            </param>
            <param index="18">
              <value>
                <![CDATA[4:00PM]]>
              </value>
            </param>
            <param index="19">
              <value>
                <![CDATA[12:00AM]]>
              </value>
            </param>
            <param index="20">
              <value>
                <![CDATA[FRIDAY]]>
              </value>
            </param>
            <param index="21">
              <value>
                <![CDATA[MONDAY]]>
              </value>
            </param>
            <param index="22">
              <value>
                <![CDATA[6:00AM]]>
              </value>
            </param>
            <param index="23">
              <value>
                <![CDATA[2:00PM]]>
              </value>
            </param>
            <param index="24">
              <value>
                <![CDATA[FRIDAY]]>
              </value>
            </param>
            <param index="25">
              <value>
                <![CDATA[Variable]]>
              </value>
            </param>
          </params>
          <exception class="org.openqa.selenium.TimeoutException">
            <message>
              <![CDATA[Expected condition failed: waiting for element to be clickable: By.xpath: //span[normalize-space()='Delete Shift'] (tried for 40 second(s) with 500 milliseconds interval)
Build info: version: '4.1.0', revision: '87802e897b'
System info: host: 'DESKTOP-K93H14H', ip: '192.168.0.180', os.name: 'Windows 10', os.arch: 'amd64', os.version: '10.0', java.version: '16.0.1'
Driver info: org.openqa.selenium.chrome.ChromeDriver
Capabilities {acceptInsecureCerts: false, browserName: chrome, browserVersion: 97.0.4692.71, chrome: {chromedriverVersion: 96.0.4664.45 (76e4c1bb2ab46..., userDataDir: C:\Users\745G6~1\AppData\Lo...}, goog:chromeOptions: {debuggerAddress: localhost:50314}, javascriptEnabled: true, networkConnectionEnabled: false, pageLoadStrategy: normal, platform: WINDOWS, platformName: WINDOWS, proxy: Proxy(), se:cdp: ws://localhost:50314/devtoo..., se:cdpVersion: 97.0.4692.71, setWindowRect: true, strictFileInteractability: false, timeouts: {implicit: 0, pageLoad: 300000, script: 30000}, unhandledPromptBehavior: dismiss and notify, webauthn:extension:credBlob: true, webauthn:extension:largeBlob: true, webauthn:virtualAuthenticators: true}
Session ID: 5a1b1eae3b34d72d0a41e531e06c80da]]>
            </message>
            <full-stacktrace>
              <![CDATA[org.openqa.selenium.TimeoutException: Expected condition failed: waiting for element to be clickable: By.xpath: //span[normalize-space()='Delete Shift'] (tried for 40 second(s) with 500 milliseconds interval)
Build info: version: '4.1.0', revision: '87802e897b'
System info: host: 'DESKTOP-K93H14H', ip: '192.168.0.180', os.name: 'Windows 10', os.arch: 'amd64', os.version: '10.0', java.version: '16.0.1'
Driver info: org.openqa.selenium.chrome.ChromeDriver
Capabilities {acceptInsecureCerts: false, browserName: chrome, browserVersion: 97.0.4692.71, chrome: {chromedriverVersion: 96.0.4664.45 (76e4c1bb2ab46..., userDataDir: C:\Users\745G6~1\AppData\Lo...}, goog:chromeOptions: {debuggerAddress: localhost:50314}, javascriptEnabled: true, networkConnectionEnabled: false, pageLoadStrategy: normal, platform: WINDOWS, platformName: WINDOWS, proxy: Proxy(), se:cdp: ws://localhost:50314/devtoo..., se:cdpVersion: 97.0.4692.71, setWindowRect: true, strictFileInteractability: false, timeouts: {implicit: 0, pageLoad: 300000, script: 30000}, unhandledPromptBehavior: dismiss and notify, webauthn:extension:credBlob: true, webauthn:extension:largeBlob: true, webauthn:virtualAuthenticators: true}
Session ID: 5a1b1eae3b34d72d0a41e531e06c80da
at org.openqa.selenium.support.ui.WebDriverWait.timeoutException(WebDriverWait.java:138)
at org.openqa.selenium.support.ui.FluentWait.until(FluentWait.java:231)
at com.pack.loginPages.UpdateSchedulingTab.clickDelete(UpdateSchedulingTab.java:363)
at com.pack.testCases.TC_UpdateSchedulingTab.updateSchedulingTab(TC_UpdateSchedulingTab.java:40)
at java.base/jdk.internal.reflect.NativeMethodAccessorImpl.invoke0(Native Method)
at java.base/jdk.internal.reflect.NativeMethodAccessorImpl.invoke(NativeMethodAccessorImpl.java:78)
at java.base/jdk.internal.reflect.DelegatingMethodAccessorImpl.invoke(DelegatingMethodAccessorImpl.java:43)
at java.base/java.lang.reflect.Method.invoke(Method.java:567)
at org.testng.internal.MethodInvocationHelper.invokeMethod(MethodInvocationHelper.java:133)
at org.testng.internal.TestInvoker.invokeMethod(TestInvoker.java:598)
at org.testng.internal.TestInvoker.invokeTestMethod(TestInvoker.java:173)
at org.testng.internal.MethodRunner.runInSequence(MethodRunner.java:46)
at org.testng.internal.TestInvoker$MethodInvocationAgent.invoke(TestInvoker.java:824)
at org.testng.internal.TestInvoker.invokeTestMethods(TestInvoker.java:146)
at org.testng.internal.TestMethodWorker.invokeTestMethods(TestMethodWorker.java:146)
at org.testng.internal.TestMethodWorker.run(TestMethodWorker.java:128)
at java.base/java.util.ArrayList.forEach(ArrayList.java:1511)
at org.testng.TestRunner.privateRun(TestRunner.java:794)
at org.testng.TestRunner.run(TestRunner.java:596)
at org.testng.SuiteRunner.runTest(SuiteRunner.java:377)
at org.testng.SuiteRunner.runSequentially(SuiteRunner.java:371)
at org.testng.SuiteRunner.privateRun(SuiteRunner.java:332)
at org.testng.SuiteRunner.run(SuiteRunner.java:276)
at org.testng.SuiteRunnerWorker.runSuite(SuiteRunnerWorker.java:53)
at org.testng.SuiteRunnerWorker.run(SuiteRunnerWorker.java:96)
at org.testng.TestNG.runSuitesSequentially(TestNG.java:1212)
at org.testng.TestNG.runSuitesLocally(TestNG.java:1134)
at org.testng.TestNG.runSuites(TestNG.java:1063)
at org.testng.TestNG.run(TestNG.java:1031)
at org.testng.remote.AbstractRemoteTestNG.run(AbstractRemoteTestNG.java:115)
at org.testng.remote.RemoteTestNG.initAndRun(RemoteTestNG.java:251)
at org.testng.remote.RemoteTestNG.main(RemoteTestNG.java:77)
]]>
            </full-stacktrace>
          </exception> <!-- org.openqa.selenium.TimeoutException -->
          <reporter-output>
          </reporter-output>
        </test-method> <!-- updateSchedulingTab -->
        <test-method is-config="true" signature="tearDown()[pri:0, instance:com.pack.testCases.TC_UpdateSchedulingTab@5b202a3a]" started-at="2022-01-12T15:31:12 IST" name="tearDown" finished-at="2022-01-12T15:31:12 IST" duration-ms="524" status="PASS">
          <reporter-output>
          </reporter-output>
        </test-method> <!-- tearDown -->
        <test-method is-config="true" signature="setup(java.lang.String)[pri:0, instance:com.pack.testCases.TC_UpdateSchedulingTab@5b202a3a]" started-at="2022-01-12T15:31:12 IST" name="setup" finished-at="2022-01-12T15:32:03 IST" duration-ms="50897" status="PASS">
          <params>
            <param index="0">
              <value>
                <![CDATA[chrome]]>
              </value>
            </param>
          </params>
          <reporter-output>
          </reporter-output>
        </test-method> <!-- setup -->
        <test-method signature="updateSchedulingTab(java.lang.String,java.lang.String,java.lang.String,java.lang.String,java.lang.String,java.lang.String,java.lang.String,java.lang.String,java.lang.String,java.lang.String,java.lang.String,java.lang.String,java.lang.String,java.lang.String,java.lang.String,java.lang.String,java.lang.String,java.lang.String,java.lang.String,java.lang.String,java.lang.String,java.lang.String,java.lang.String,java.lang.String,java.lang.String,java.lang.String)[pri:0, instance:com.pack.testCases.TC_UpdateSchedulingTab@5b202a3a]" started-at="2022-01-12T15:32:03 IST" name="updateSchedulingTab" data-provider="RegularShedule" finished-at="2022-01-12T15:35:09 IST" duration-ms="185652" status="FAIL">
          <params>
            <param index="0">
              <value>
                <![CDATA[585278]]>
              </value>
            </param>
            <param index="1">
              <value>
                <![CDATA[6:00AM]]>
              </value>
            </param>
            <param index="2">
              <value>
                <![CDATA[2:00PM]]>
              </value>
            </param>
            <param index="3">
              <value>
                <![CDATA[THURSDAY]]>
              </value>
            </param>
            <param index="4">
              <value>
                <![CDATA[FRIDAY]]>
              </value>
            </param>
            <param index="5">
              <value>
                <![CDATA[TUESDAY]]>
              </value>
            </param>
            <param index="6">
              <value>
                <![CDATA[4:00PM]]>
              </value>
            </param>
            <param index="7">
              <value>
                <![CDATA[12:00AM]]>
              </value>
            </param>
            <param index="8">
              <value>
                <![CDATA[THURSDAY]]>
              </value>
            </param>
            <param index="9">
              <value>
                <![CDATA[3:00PM]]>
              </value>
            </param>
            <param index="10">
              <value>
                <![CDATA[11:00PM]]>
              </value>
            </param>
            <param index="11">
              <value>
                <![CDATA[1:00AM]]>
              </value>
            </param>
            <param index="12">
              <value>
                <![CDATA[10:00AM]]>
              </value>
            </param>
            <param index="13">
              <value>
                <![CDATA[THURSDAY]]>
              </value>
            </param>
            <param index="14">
              <value>
                <![CDATA[FRIDAY]]>
              </value>
            </param>
            <param index="15">
              <value>
                <![CDATA[MONDAY]]>
              </value>
            </param>
            <param index="16">
              <value>
                <![CDATA[TUESDAY]]>
              </value>
            </param>
            <param index="17">
              <value>
                <![CDATA[FRIDAY]]>
              </value>
            </param>
            <param index="18">
              <value>
                <![CDATA[3:00PM]]>
              </value>
            </param>
            <param index="19">
              <value>
                <![CDATA[11:00PM]]>
              </value>
            </param>
            <param index="20">
              <value>
                <![CDATA[MONDAY]]>
              </value>
            </param>
            <param index="21">
              <value>
                <![CDATA[TUESDAY]]>
              </value>
            </param>
            <param index="22">
              <value>
                <![CDATA[5:00AM]]>
              </value>
            </param>
            <param index="23">
              <value>
                <![CDATA[1:00PM]]>
              </value>
            </param>
            <param index="24">
              <value>
                <![CDATA[MONDAY]]>
              </value>
            </param>
            <param index="25">
              <value>
                <![CDATA[Salaried
]]>
              </value>
            </param>
          </params>
          <exception class="org.openqa.selenium.TimeoutException">
            <message>
              <![CDATA[Expected condition failed: waiting for element to be clickable: By.xpath: //button[@class='ant-btn ant-btn-primary'] (tried for 40 second(s) with 500 milliseconds interval)
Build info: version: '4.1.0', revision: '87802e897b'
System info: host: 'DESKTOP-K93H14H', ip: '192.168.0.180', os.name: 'Windows 10', os.arch: 'amd64', os.version: '10.0', java.version: '16.0.1'
Driver info: org.openqa.selenium.chrome.ChromeDriver
Capabilities {acceptInsecureCerts: false, browserName: chrome, browserVersion: 97.0.4692.71, chrome: {chromedriverVersion: 96.0.4664.45 (76e4c1bb2ab46..., userDataDir: C:\Users\745G6~1\AppData\Lo...}, goog:chromeOptions: {debuggerAddress: localhost:50420}, javascriptEnabled: true, networkConnectionEnabled: false, pageLoadStrategy: normal, platform: WINDOWS, platformName: WINDOWS, proxy: Proxy(), se:cdp: ws://localhost:50420/devtoo..., se:cdpVersion: 97.0.4692.71, setWindowRect: true, strictFileInteractability: false, timeouts: {implicit: 0, pageLoad: 300000, script: 30000}, unhandledPromptBehavior: dismiss and notify, webauthn:extension:credBlob: true, webauthn:extension:largeBlob: true, webauthn:virtualAuthenticators: true}
Session ID: 98481bf76b1ac2f36b4ce73bac7d123a]]>
            </message>
            <full-stacktrace>
              <![CDATA[org.openqa.selenium.TimeoutException: Expected condition failed: waiting for element to be clickable: By.xpath: //button[@class='ant-btn ant-btn-primary'] (tried for 40 second(s) with 500 milliseconds interval)
Build info: version: '4.1.0', revision: '87802e897b'
System info: host: 'DESKTOP-K93H14H', ip: '192.168.0.180', os.name: 'Windows 10', os.arch: 'amd64', os.version: '10.0', java.version: '16.0.1'
Driver info: org.openqa.selenium.chrome.ChromeDriver
Capabilities {acceptInsecureCerts: false, browserName: chrome, browserVersion: 97.0.4692.71, chrome: {chromedriverVersion: 96.0.4664.45 (76e4c1bb2ab46..., userDataDir: C:\Users\745G6~1\AppData\Lo...}, goog:chromeOptions: {debuggerAddress: localhost:50420}, javascriptEnabled: true, networkConnectionEnabled: false, pageLoadStrategy: normal, platform: WINDOWS, platformName: WINDOWS, proxy: Proxy(), se:cdp: ws://localhost:50420/devtoo..., se:cdpVersion: 97.0.4692.71, setWindowRect: true, strictFileInteractability: false, timeouts: {implicit: 0, pageLoad: 300000, script: 30000}, unhandledPromptBehavior: dismiss and notify, webauthn:extension:credBlob: true, webauthn:extension:largeBlob: true, webauthn:virtualAuthenticators: true}
Session ID: 98481bf76b1ac2f36b4ce73bac7d123a
at org.openqa.selenium.support.ui.WebDriverWait.timeoutException(WebDriverWait.java:138)
at org.openqa.selenium.support.ui.FluentWait.until(FluentWait.java:231)
at com.pack.loginPages.UpdateSchedulingTab.selectVariableType(UpdateSchedulingTab.java:439)
at com.pack.testCases.TC_UpdateSchedulingTab.updateSchedulingTab(TC_UpdateSchedulingTab.java:43)
at java.base/jdk.internal.reflect.NativeMethodAccessorImpl.invoke0(Native Method)
at java.base/jdk.internal.reflect.NativeMethodAccessorImpl.invoke(NativeMethodAccessorImpl.java:78)
at java.base/jdk.internal.reflect.DelegatingMethodAccessorImpl.invoke(DelegatingMethodAccessorImpl.java:43)
at java.base/java.lang.reflect.Method.invoke(Method.java:567)
at org.testng.internal.MethodInvocationHelper.invokeMethod(MethodInvocationHelper.java:133)
at org.testng.internal.TestInvoker.invokeMethod(TestInvoker.java:598)
at org.testng.internal.TestInvoker.invokeTestMethod(TestInvoker.java:173)
at org.testng.internal.MethodRunner.runInSequence(MethodRunner.java:46)
at org.testng.internal.TestInvoker$MethodInvocationAgent.invoke(TestInvoker.java:824)
at org.testng.internal.TestInvoker.invokeTestMethods(TestInvoker.java:146)
at org.testng.internal.TestMethodWorker.invokeTestMethods(TestMethodWorker.java:146)
at org.testng.internal.TestMethodWorker.run(TestMethodWorker.java:128)
at java.base/java.util.ArrayList.forEach(ArrayList.java:1511)
at org.testng.TestRunner.privateRun(TestRunner.java:794)
at org.testng.TestRunner.run(TestRunner.java:596)
at org.testng.SuiteRunner.runTest(SuiteRunner.java:377)
at org.testng.SuiteRunner.runSequentially(SuiteRunner.java:371)
at org.testng.SuiteRunner.privateRun(SuiteRunner.java:332)
at org.testng.SuiteRunner.run(SuiteRunner.java:276)
at org.testng.SuiteRunnerWorker.runSuite(SuiteRunnerWorker.java:53)
at org.testng.SuiteRunnerWorker.run(SuiteRunnerWorker.java:96)
at org.testng.TestNG.runSuitesSequentially(TestNG.java:1212)
at org.testng.TestNG.runSuitesLocally(TestNG.java:1134)
at org.testng.TestNG.runSuites(TestNG.java:1063)
at org.testng.TestNG.run(TestNG.java:1031)
at org.testng.remote.AbstractRemoteTestNG.run(AbstractRemoteTestNG.java:115)
at org.testng.remote.RemoteTestNG.initAndRun(RemoteTestNG.java:251)
at org.testng.remote.RemoteTestNG.main(RemoteTestNG.java:77)
]]>
            </full-stacktrace>
          </exception> <!-- org.openqa.selenium.TimeoutException -->
          <reporter-output>
          </reporter-output>
        </test-method> <!-- updateSchedulingTab -->
        <test-method is-config="true" signature="tearDown()[pri:0, instance:com.pack.testCases.TC_UpdateSchedulingTab@5b202a3a]" started-at="2022-01-12T15:35:09 IST" name="tearDown" finished-at="2022-01-12T15:35:09 IST" duration-ms="496" status="PASS">
          <reporter-output>
          </reporter-output>
        </test-method> <!-- tearDown -->
        <test-method is-config="true" signature="setup(java.lang.String)[pri:0, instance:com.pack.testCases.TC_UpdateSchedulingTab@5b202a3a]" started-at="2022-01-12T15:35:09 IST" name="setup" finished-at="2022-01-12T15:36:03 IST" duration-ms="53936" status="PASS">
          <params>
            <param index="0">
              <value>
                <![CDATA[chrome]]>
              </value>
            </param>
          </params>
          <reporter-output>
          </reporter-output>
        </test-method> <!-- setup -->
        <test-method signature="updateSchedulingTab(java.lang.String,java.lang.String,java.lang.String,java.lang.String,java.lang.String,java.lang.String,java.lang.String,java.lang.String,java.lang.String,java.lang.String,java.lang.String,java.lang.String,java.lang.String,java.lang.String,java.lang.String,java.lang.String,java.lang.String,java.lang.String,java.lang.String,java.lang.String,java.lang.String,java.lang.String,java.lang.String,java.lang.String,java.lang.String,java.lang.String)[pri:0, instance:com.pack.testCases.TC_UpdateSchedulingTab@5b202a3a]" started-at="2022-01-12T15:36:03 IST" name="updateSchedulingTab" data-provider="RegularShedule" finished-at="2022-01-12T15:37:57 IST" duration-ms="113421" status="FAIL">
          <params>
            <param index="0">
              <value>
                <![CDATA[585211]]>
              </value>
            </param>
            <param index="1">
              <value>
                <![CDATA[5:00AM]]>
              </value>
            </param>
            <param index="2">
              <value>
                <![CDATA[1:00PM]]>
              </value>
            </param>
            <param index="3">
              <value>
                <![CDATA[FRIDAY]]>
              </value>
            </param>
            <param index="4">
              <value>
                <![CDATA[MONDAY]]>
              </value>
            </param>
            <param index="5">
              <value>
                <![CDATA[SATURDAY]]>
              </value>
            </param>
            <param index="6">
              <value>
                <![CDATA[3:00PM]]>
              </value>
            </param>
            <param index="7">
              <value>
                <![CDATA[11:00PM]]>
              </value>
            </param>
            <param index="8">
              <value>
                <![CDATA[FRIDAY]]>
              </value>
            </param>
            <param index="9">
              <value>
                <![CDATA[2:00PM]]>
              </value>
            </param>
            <param index="10">
              <value>
                <![CDATA[10:00PM]]>
              </value>
            </param>
            <param index="11">
              <value>
                <![CDATA[12:00AM]]>
              </value>
            </param>
            <param index="12">
              <value>
                <![CDATA[9:00AM]]>
              </value>
            </param>
            <param index="13">
              <value>
                <![CDATA[FRIDAY]]>
              </value>
            </param>
            <param index="14">
              <value>
                <![CDATA[MONDAY]]>
              </value>
            </param>
            <param index="15">
              <value>
                <![CDATA[TUESDAY]]>
              </value>
            </param>
            <param index="16">
              <value>
                <![CDATA[WEDNESDAY]]>
              </value>
            </param>
            <param index="17">
              <value>
                <![CDATA[MONDAY]]>
              </value>
            </param>
            <param index="18">
              <value>
                <![CDATA[2:00PM]]>
              </value>
            </param>
            <param index="19">
              <value>
                <![CDATA[10:00PM]]>
              </value>
            </param>
            <param index="20">
              <value>
                <![CDATA[TUESDAY]]>
              </value>
            </param>
            <param index="21">
              <value>
                <![CDATA[WEDNESDAY]]>
              </value>
            </param>
            <param index="22">
              <value>
                <![CDATA[4:00AM]]>
              </value>
            </param>
            <param index="23">
              <value>
                <![CDATA[12:00PM]]>
              </value>
            </param>
            <param index="24">
              <value>
                <![CDATA[TUESDAY]]>
              </value>
            </param>
            <param index="25">
              <value>
                <![CDATA[Supervisor
]]>
              </value>
            </param>
          </params>
          <exception class="org.openqa.selenium.TimeoutException">
            <message>
              <![CDATA[Expected condition failed: waiting for element to be clickable: By.xpath: //span[normalize-space()='Add Shift'] (tried for 40 second(s) with 500 milliseconds interval)
Build info: version: '4.1.0', revision: '87802e897b'
System info: host: 'DESKTOP-K93H14H', ip: '192.168.0.180', os.name: 'Windows 10', os.arch: 'amd64', os.version: '10.0', java.version: '16.0.1'
Driver info: org.openqa.selenium.chrome.ChromeDriver
Capabilities {acceptInsecureCerts: false, browserName: chrome, browserVersion: 97.0.4692.71, chrome: {chromedriverVersion: 96.0.4664.45 (76e4c1bb2ab46..., userDataDir: C:\Users\745G6~1\AppData\Lo...}, goog:chromeOptions: {debuggerAddress: localhost:50520}, javascriptEnabled: true, networkConnectionEnabled: false, pageLoadStrategy: normal, platform: WINDOWS, platformName: WINDOWS, proxy: Proxy(), se:cdp: ws://localhost:50520/devtoo..., se:cdpVersion: 97.0.4692.71, setWindowRect: true, strictFileInteractability: false, timeouts: {implicit: 0, pageLoad: 300000, script: 30000}, unhandledPromptBehavior: dismiss and notify, webauthn:extension:credBlob: true, webauthn:extension:largeBlob: true, webauthn:virtualAuthenticators: true}
Session ID: 7a7b7e209cf10fd5b8c1d5e8059e2f45]]>
            </message>
            <full-stacktrace>
              <![CDATA[org.openqa.selenium.TimeoutException: Expected condition failed: waiting for element to be clickable: By.xpath: //span[normalize-space()='Add Shift'] (tried for 40 second(s) with 500 milliseconds interval)
Build info: version: '4.1.0', revision: '87802e897b'
System info: host: 'DESKTOP-K93H14H', ip: '192.168.0.180', os.name: 'Windows 10', os.arch: 'amd64', os.version: '10.0', java.version: '16.0.1'
Driver info: org.openqa.selenium.chrome.ChromeDriver
Capabilities {acceptInsecureCerts: false, browserName: chrome, browserVersion: 97.0.4692.71, chrome: {chromedriverVersion: 96.0.4664.45 (76e4c1bb2ab46..., userDataDir: C:\Users\745G6~1\AppData\Lo...}, goog:chromeOptions: {debuggerAddress: localhost:50520}, javascriptEnabled: true, networkConnectionEnabled: false, pageLoadStrategy: normal, platform: WINDOWS, platformName: WINDOWS, proxy: Proxy(), se:cdp: ws://localhost:50520/devtoo..., se:cdpVersion: 97.0.4692.71, setWindowRect: true, strictFileInteractability: false, timeouts: {implicit: 0, pageLoad: 300000, script: 30000}, unhandledPromptBehavior: dismiss and notify, webauthn:extension:credBlob: true, webauthn:extension:largeBlob: true, webauthn:virtualAuthenticators: true}
Session ID: 7a7b7e209cf10fd5b8c1d5e8059e2f45
at org.openqa.selenium.support.ui.WebDriverWait.timeoutException(WebDriverWait.java:138)
at org.openqa.selenium.support.ui.FluentWait.until(FluentWait.java:231)
at com.pack.loginPages.UpdateSchedulingTab.clickAddShift(UpdateSchedulingTab.java:175)
at com.pack.testCases.TC_UpdateSchedulingTab.updateSchedulingTab(TC_UpdateSchedulingTab.java:33)
at java.base/jdk.internal.reflect.NativeMethodAccessorImpl.invoke0(Native Method)
at java.base/jdk.internal.reflect.NativeMethodAccessorImpl.invoke(NativeMethodAccessorImpl.java:78)
at java.base/jdk.internal.reflect.DelegatingMethodAccessorImpl.invoke(DelegatingMethodAccessorImpl.java:43)
at java.base/java.lang.reflect.Method.invoke(Method.java:567)
at org.testng.internal.MethodInvocationHelper.invokeMethod(MethodInvocationHelper.java:133)
at org.testng.internal.TestInvoker.invokeMethod(TestInvoker.java:598)
at org.testng.internal.TestInvoker.invokeTestMethod(TestInvoker.java:173)
at org.testng.internal.MethodRunner.runInSequence(MethodRunner.java:46)
at org.testng.internal.TestInvoker$MethodInvocationAgent.invoke(TestInvoker.java:824)
at org.testng.internal.TestInvoker.invokeTestMethods(TestInvoker.java:146)
at org.testng.internal.TestMethodWorker.invokeTestMethods(TestMethodWorker.java:146)
at org.testng.internal.TestMethodWorker.run(TestMethodWorker.java:128)
at java.base/java.util.ArrayList.forEach(ArrayList.java:1511)
at org.testng.TestRunner.privateRun(TestRunner.java:794)
at org.testng.TestRunner.run(TestRunner.java:596)
at org.testng.SuiteRunner.runTest(SuiteRunner.java:377)
at org.testng.SuiteRunner.runSequentially(SuiteRunner.java:371)
at org.testng.SuiteRunner.privateRun(SuiteRunner.java:332)
at org.testng.SuiteRunner.run(SuiteRunner.java:276)
at org.testng.SuiteRunnerWorker.runSuite(SuiteRunnerWorker.java:53)
at org.testng.SuiteRunnerWorker.run(SuiteRunnerWorker.java:96)
at org.testng.TestNG.runSuitesSequentially(TestNG.java:1212)
at org.testng.TestNG.runSuitesLocally(TestNG.java:1134)
at org.testng.TestNG.runSuites(TestNG.java:1063)
at org.testng.TestNG.run(TestNG.java:1031)
at org.testng.remote.AbstractRemoteTestNG.run(AbstractRemoteTestNG.java:115)
at org.testng.remote.RemoteTestNG.initAndRun(RemoteTestNG.java:251)
at org.testng.remote.RemoteTestNG.main(RemoteTestNG.java:77)
]]>
            </full-stacktrace>
          </exception> <!-- org.openqa.selenium.TimeoutException -->
          <reporter-output>
          </reporter-output>
        </test-method> <!-- updateSchedulingTab -->
        <test-method is-config="true" signature="tearDown()[pri:0, instance:com.pack.testCases.TC_UpdateSchedulingTab@5b202a3a]" started-at="2022-01-12T15:37:57 IST" name="tearDown" finished-at="2022-01-12T15:37:57 IST" duration-ms="462" status="PASS">
          <reporter-output>
          </reporter-output>
        </test-method> <!-- tearDown -->
        <test-method is-config="true" signature="setup(java.lang.String)[pri:0, instance:com.pack.testCases.TC_UpdateSchedulingTab@5b202a3a]" started-at="2022-01-12T15:37:57 IST" name="setup" finished-at="2022-01-12T15:38:40 IST" duration-ms="42989" status="PASS">
          <params>
            <param index="0">
              <value>
                <![CDATA[chrome]]>
              </value>
            </param>
          </params>
          <reporter-output>
          </reporter-output>
        </test-method> <!-- setup -->
        <test-method signature="updateSchedulingTab(java.lang.String,java.lang.String,java.lang.String,java.lang.String,java.lang.String,java.lang.String,java.lang.String,java.lang.String,java.lang.String,java.lang.String,java.lang.String,java.lang.String,java.lang.String,java.lang.String,java.lang.String,java.lang.String,java.lang.String,java.lang.String,java.lang.String,java.lang.String,java.lang.String,java.lang.String,java.lang.String,java.lang.String,java.lang.String,java.lang.String)[pri:0, instance:com.pack.testCases.TC_UpdateSchedulingTab@5b202a3a]" started-at="2022-01-12T15:38:40 IST" name="updateSchedulingTab" data-provider="RegularShedule" finished-at="2022-01-12T15:41:41 IST" duration-ms="180919" status="FAIL">
          <params>
            <param index="0">
              <value>
                <![CDATA[635677]]>
              </value>
            </param>
            <param index="1">
              <value>
                <![CDATA[4:00AM]]>
              </value>
            </param>
            <param index="2">
              <value>
                <![CDATA[12:00PM]]>
              </value>
            </param>
            <param index="3">
              <value>
                <![CDATA[SATURDAY]]>
              </value>
            </param>
            <param index="4">
              <value>
                <![CDATA[TUESDAY]]>
              </value>
            </param>
            <param index="5">
              <value>
                <![CDATA[FRIDAY]]>
              </value>
            </param>
            <param index="6">
              <value>
                <![CDATA[2:00PM]]>
              </value>
            </param>
            <param index="7">
              <value>
                <![CDATA[10:00PM]]>
              </value>
            </param>
            <param index="8">
              <value>
                <![CDATA[SATURDAY]]>
              </value>
            </param>
            <param index="9">
              <value>
                <![CDATA[1:00PM]]>
              </value>
            </param>
            <param index="10">
              <value>
                <![CDATA[9:00PM]]>
              </value>
            </param>
            <param index="11">
              <value>
                <![CDATA[11:00PM]]>
              </value>
            </param>
            <param index="12">
              <value>
                <![CDATA[8:00AM]]>
              </value>
            </param>
            <param index="13">
              <value>
                <![CDATA[SATURDAY]]>
              </value>
            </param>
            <param index="14">
              <value>
                <![CDATA[TUESDAY]]>
              </value>
            </param>
            <param index="15">
              <value>
                <![CDATA[WEDNESDAY]]>
              </value>
            </param>
            <param index="16">
              <value>
                <![CDATA[THURSDAY]]>
              </value>
            </param>
            <param index="17">
              <value>
                <![CDATA[TUESDAY]]>
              </value>
            </param>
            <param index="18">
              <value>
                <![CDATA[1:00PM]]>
              </value>
            </param>
            <param index="19">
              <value>
                <![CDATA[9:00PM]]>
              </value>
            </param>
            <param index="20">
              <value>
                <![CDATA[WEDNESDAY]]>
              </value>
            </param>
            <param index="21">
              <value>
                <![CDATA[THURSDAY]]>
              </value>
            </param>
            <param index="22">
              <value>
                <![CDATA[3:00AM]]>
              </value>
            </param>
            <param index="23">
              <value>
                <![CDATA[11:00AM]]>
              </value>
            </param>
            <param index="24">
              <value>
                <![CDATA[WEDNESDAY]]>
              </value>
            </param>
            <param index="25">
              <value>
                <![CDATA[Variable
]]>
              </value>
            </param>
          </params>
          <exception class="org.openqa.selenium.TimeoutException">
            <message>
              <![CDATA[Expected condition failed: waiting for element to be clickable: By.xpath: //button[@class='ant-btn ant-btn-primary'] (tried for 40 second(s) with 500 milliseconds interval)
Build info: version: '4.1.0', revision: '87802e897b'
System info: host: 'DESKTOP-K93H14H', ip: '192.168.0.180', os.name: 'Windows 10', os.arch: 'amd64', os.version: '10.0', java.version: '16.0.1'
Driver info: org.openqa.selenium.chrome.ChromeDriver
Capabilities {acceptInsecureCerts: false, browserName: chrome, browserVersion: 97.0.4692.71, chrome: {chromedriverVersion: 96.0.4664.45 (76e4c1bb2ab46..., userDataDir: C:\Users\745G6~1\AppData\Lo...}, goog:chromeOptions: {debuggerAddress: localhost:50609}, javascriptEnabled: true, networkConnectionEnabled: false, pageLoadStrategy: normal, platform: WINDOWS, platformName: WINDOWS, proxy: Proxy(), se:cdp: ws://localhost:50609/devtoo..., se:cdpVersion: 97.0.4692.71, setWindowRect: true, strictFileInteractability: false, timeouts: {implicit: 0, pageLoad: 300000, script: 30000}, unhandledPromptBehavior: dismiss and notify, webauthn:extension:credBlob: true, webauthn:extension:largeBlob: true, webauthn:virtualAuthenticators: true}
Session ID: 8df1d56db18a845b9f756289725df8a8]]>
            </message>
            <full-stacktrace>
              <![CDATA[org.openqa.selenium.TimeoutException: Expected condition failed: waiting for element to be clickable: By.xpath: //button[@class='ant-btn ant-btn-primary'] (tried for 40 second(s) with 500 milliseconds interval)
Build info: version: '4.1.0', revision: '87802e897b'
System info: host: 'DESKTOP-K93H14H', ip: '192.168.0.180', os.name: 'Windows 10', os.arch: 'amd64', os.version: '10.0', java.version: '16.0.1'
Driver info: org.openqa.selenium.chrome.ChromeDriver
Capabilities {acceptInsecureCerts: false, browserName: chrome, browserVersion: 97.0.4692.71, chrome: {chromedriverVersion: 96.0.4664.45 (76e4c1bb2ab46..., userDataDir: C:\Users\745G6~1\AppData\Lo...}, goog:chromeOptions: {debuggerAddress: localhost:50609}, javascriptEnabled: true, networkConnectionEnabled: false, pageLoadStrategy: normal, platform: WINDOWS, platformName: WINDOWS, proxy: Proxy(), se:cdp: ws://localhost:50609/devtoo..., se:cdpVersion: 97.0.4692.71, setWindowRect: true, strictFileInteractability: false, timeouts: {implicit: 0, pageLoad: 300000, script: 30000}, unhandledPromptBehavior: dismiss and notify, webauthn:extension:credBlob: true, webauthn:extension:largeBlob: true, webauthn:virtualAuthenticators: true}
Session ID: 8df1d56db18a845b9f756289725df8a8
at org.openqa.selenium.support.ui.WebDriverWait.timeoutException(WebDriverWait.java:138)
at org.openqa.selenium.support.ui.FluentWait.until(FluentWait.java:231)
at com.pack.loginPages.UpdateSchedulingTab.selectVariableType(UpdateSchedulingTab.java:439)
at com.pack.testCases.TC_UpdateSchedulingTab.updateSchedulingTab(TC_UpdateSchedulingTab.java:43)
at java.base/jdk.internal.reflect.NativeMethodAccessorImpl.invoke0(Native Method)
at java.base/jdk.internal.reflect.NativeMethodAccessorImpl.invoke(NativeMethodAccessorImpl.java:78)
at java.base/jdk.internal.reflect.DelegatingMethodAccessorImpl.invoke(DelegatingMethodAccessorImpl.java:43)
at java.base/java.lang.reflect.Method.invoke(Method.java:567)
at org.testng.internal.MethodInvocationHelper.invokeMethod(MethodInvocationHelper.java:133)
at org.testng.internal.TestInvoker.invokeMethod(TestInvoker.java:598)
at org.testng.internal.TestInvoker.invokeTestMethod(TestInvoker.java:173)
at org.testng.internal.MethodRunner.runInSequence(MethodRunner.java:46)
at org.testng.internal.TestInvoker$MethodInvocationAgent.invoke(TestInvoker.java:824)
at org.testng.internal.TestInvoker.invokeTestMethods(TestInvoker.java:146)
at org.testng.internal.TestMethodWorker.invokeTestMethods(TestMethodWorker.java:146)
at org.testng.internal.TestMethodWorker.run(TestMethodWorker.java:128)
at java.base/java.util.ArrayList.forEach(ArrayList.java:1511)
at org.testng.TestRunner.privateRun(TestRunner.java:794)
at org.testng.TestRunner.run(TestRunner.java:596)
at org.testng.SuiteRunner.runTest(SuiteRunner.java:377)
at org.testng.SuiteRunner.runSequentially(SuiteRunner.java:371)
at org.testng.SuiteRunner.privateRun(SuiteRunner.java:332)
at org.testng.SuiteRunner.run(SuiteRunner.java:276)
at org.testng.SuiteRunnerWorker.runSuite(SuiteRunnerWorker.java:53)
at org.testng.SuiteRunnerWorker.run(SuiteRunnerWorker.java:96)
at org.testng.TestNG.runSuitesSequentially(TestNG.java:1212)
at org.testng.TestNG.runSuitesLocally(TestNG.java:1134)
at org.testng.TestNG.runSuites(TestNG.java:1063)
at org.testng.TestNG.run(TestNG.java:1031)
at org.testng.remote.AbstractRemoteTestNG.run(AbstractRemoteTestNG.java:115)
at org.testng.remote.RemoteTestNG.initAndRun(RemoteTestNG.java:251)
at org.testng.remote.RemoteTestNG.main(RemoteTestNG.java:77)
]]>
            </full-stacktrace>
          </exception> <!-- org.openqa.selenium.TimeoutException -->
          <reporter-output>
          </reporter-output>
        </test-method> <!-- updateSchedulingTab -->
        <test-method is-config="true" signature="tearDown()[pri:0, instance:com.pack.testCases.TC_UpdateSchedulingTab@5b202a3a]" started-at="2022-01-12T15:41:41 IST" name="tearDown" finished-at="2022-01-12T15:41:42 IST" duration-ms="524" status="PASS">
          <reporter-output>
          </reporter-output>
        </test-method> <!-- tearDown -->
        <test-method is-config="true" signature="setup(java.lang.String)[pri:0, instance:com.pack.testCases.TC_UpdateSchedulingTab@5b202a3a]" started-at="2022-01-12T15:41:42 IST" name="setup" finished-at="2022-01-12T15:42:30 IST" duration-ms="48061" status="PASS">
          <params>
            <param index="0">
              <value>
                <![CDATA[chrome]]>
              </value>
            </param>
          </params>
          <reporter-output>
          </reporter-output>
        </test-method> <!-- setup -->
        <test-method signature="updateSchedulingTab(java.lang.String,java.lang.String,java.lang.String,java.lang.String,java.lang.String,java.lang.String,java.lang.String,java.lang.String,java.lang.String,java.lang.String,java.lang.String,java.lang.String,java.lang.String,java.lang.String,java.lang.String,java.lang.String,java.lang.String,java.lang.String,java.lang.String,java.lang.String,java.lang.String,java.lang.String,java.lang.String,java.lang.String,java.lang.String,java.lang.String)[pri:0, instance:com.pack.testCases.TC_UpdateSchedulingTab@5b202a3a]" started-at="2022-01-12T15:42:30 IST" name="updateSchedulingTab" data-provider="RegularShedule" finished-at="2022-01-12T15:44:45 IST" duration-ms="135510" status="FAIL">
          <params>
            <param index="0">
              <value>
                <![CDATA[787887]]>
              </value>
            </param>
            <param index="1">
              <value>
                <![CDATA[3:00AM]]>
              </value>
            </param>
            <param index="2">
              <value>
                <![CDATA[11:00AM]]>
              </value>
            </param>
            <param index="3">
              <value>
                <![CDATA[SUNDAY]]>
              </value>
            </param>
            <param index="4">
              <value>
                <![CDATA[WEDNESDAY]]>
              </value>
            </param>
            <param index="5">
              <value>
                <![CDATA[THURSDAY]]>
              </value>
            </param>
            <param index="6">
              <value>
                <![CDATA[1:00PM]]>
              </value>
            </param>
            <param index="7">
              <value>
                <![CDATA[9:00PM]]>
              </value>
            </param>
            <param index="8">
              <value>
                <![CDATA[SUNDAY]]>
              </value>
            </param>
            <param index="9">
              <value>
                <![CDATA[12:00PM]]>
              </value>
            </param>
            <param index="10">
              <value>
                <![CDATA[8:00PM]]>
              </value>
            </param>
            <param index="11">
              <value>
                <![CDATA[10:00PM]]>
              </value>
            </param>
            <param index="12">
              <value>
                <![CDATA[7:00AM]]>
              </value>
            </param>
            <param index="13">
              <value>
                <![CDATA[SUNDAY]]>
              </value>
            </param>
            <param index="14">
              <value>
                <![CDATA[WEDNESDAY]]>
              </value>
            </param>
            <param index="15">
              <value>
                <![CDATA[THURSDAY]]>
              </value>
            </param>
            <param index="16">
              <value>
                <![CDATA[FRIDAY]]>
              </value>
            </param>
            <param index="17">
              <value>
                <![CDATA[WEDNESDAY]]>
              </value>
            </param>
            <param index="18">
              <value>
                <![CDATA[12:00PM]]>
              </value>
            </param>
            <param index="19">
              <value>
                <![CDATA[8:00PM]]>
              </value>
            </param>
            <param index="20">
              <value>
                <![CDATA[THURSDAY]]>
              </value>
            </param>
            <param index="21">
              <value>
                <![CDATA[FRIDAY]]>
              </value>
            </param>
            <param index="22">
              <value>
                <![CDATA[2:00AM]]>
              </value>
            </param>
            <param index="23">
              <value>
                <![CDATA[10:00AM]]>
              </value>
            </param>
            <param index="24">
              <value>
                <![CDATA[THURSDAY]]>
              </value>
            </param>
            <param index="25">
              <value>
                <![CDATA[Salaried]]>
              </value>
            </param>
          </params>
          <exception class="org.openqa.selenium.NoSuchElementException">
            <message>
              <![CDATA[no such element: Unable to locate element: {"method":"xpath","selector":"//section[2]//div//div[3]//div//div//div//div//div[2]//div[1]//div[3]//div[2]//div/div//div[@role='row'][@row-index='0'][@aria-rowindex='2']//div[@col-id='SUNDAY']"}
  (Session info: chrome=97.0.4692.71)
For documentation on this error, please visit: https://selenium.dev/exceptions/#no_such_element
Build info: version: '4.1.0', revision: '87802e897b'
System info: host: 'DESKTOP-K93H14H', ip: '192.168.0.180', os.name: 'Windows 10', os.arch: 'amd64', os.version: '10.0', java.version: '16.0.1'
Driver info: org.openqa.selenium.chrome.ChromeDriver
Command: [6c3bfebe3c6d59ad00d01f7608b0d97e, findElement {using=xpath, value=//section[2]//div//div[3]//div//div//div//div//div[2]//div[1]//div[3]//div[2]//div/div//div[@role='row'][@row-index='0'][@aria-rowindex='2']//div[@col-id='SUNDAY']}]
Capabilities {acceptInsecureCerts: false, browserName: chrome, browserVersion: 97.0.4692.71, chrome: {chromedriverVersion: 96.0.4664.45 (76e4c1bb2ab46..., userDataDir: C:\Users\745G6~1\AppData\Lo...}, goog:chromeOptions: {debuggerAddress: localhost:50708}, javascriptEnabled: true, networkConnectionEnabled: false, pageLoadStrategy: normal, platform: WINDOWS, platformName: WINDOWS, proxy: Proxy(), se:cdp: ws://localhost:50708/devtoo..., se:cdpVersion: 97.0.4692.71, setWindowRect: true, strictFileInteractability: false, timeouts: {implicit: 0, pageLoad: 300000, script: 30000}, unhandledPromptBehavior: dismiss and notify, webauthn:extension:credBlob: true, webauthn:extension:largeBlob: true, webauthn:virtualAuthenticators: true}
Session ID: 6c3bfebe3c6d59ad00d01f7608b0d97e]]>
            </message>
            <full-stacktrace>
              <![CDATA[org.openqa.selenium.NoSuchElementException: no such element: Unable to locate element: {"method":"xpath","selector":"//section[2]//div//div[3]//div//div//div//div//div[2]//div[1]//div[3]//div[2]//div/div//div[@role='row'][@row-index='0'][@aria-rowindex='2']//div[@col-id='SUNDAY']"}
  (Session info: chrome=97.0.4692.71)
For documentation on this error, please visit: https://selenium.dev/exceptions/#no_such_element
Build info: version: '4.1.0', revision: '87802e897b'
System info: host: 'DESKTOP-K93H14H', ip: '192.168.0.180', os.name: 'Windows 10', os.arch: 'amd64', os.version: '10.0', java.version: '16.0.1'
Driver info: org.openqa.selenium.chrome.ChromeDriver
Command: [6c3bfebe3c6d59ad00d01f7608b0d97e, findElement {using=xpath, value=//section[2]//div//div[3]//div//div//div//div//div[2]//div[1]//div[3]//div[2]//div/div//div[@role='row'][@row-index='0'][@aria-rowindex='2']//div[@col-id='SUNDAY']}]
Capabilities {acceptInsecureCerts: false, browserName: chrome, browserVersion: 97.0.4692.71, chrome: {chromedriverVersion: 96.0.4664.45 (76e4c1bb2ab46..., userDataDir: C:\Users\745G6~1\AppData\Lo...}, goog:chromeOptions: {debuggerAddress: localhost:50708}, javascriptEnabled: true, networkConnectionEnabled: false, pageLoadStrategy: normal, platform: WINDOWS, platformName: WINDOWS, proxy: Proxy(), se:cdp: ws://localhost:50708/devtoo..., se:cdpVersion: 97.0.4692.71, setWindowRect: true, strictFileInteractability: false, timeouts: {implicit: 0, pageLoad: 300000, script: 30000}, unhandledPromptBehavior: dismiss and notify, webauthn:extension:credBlob: true, webauthn:extension:largeBlob: true, webauthn:virtualAuthenticators: true}
Session ID: 6c3bfebe3c6d59ad00d01f7608b0d97e
at java.base/jdk.internal.reflect.NativeConstructorAccessorImpl.newInstance0(Native Method)
at java.base/jdk.internal.reflect.NativeConstructorAccessorImpl.newInstance(NativeConstructorAccessorImpl.java:78)
at java.base/jdk.internal.reflect.DelegatingConstructorAccessorImpl.newInstance(DelegatingConstructorAccessorImpl.java:45)
at java.base/java.lang.reflect.Constructor.newInstanceWithCaller(Constructor.java:499)
at java.base/java.lang.reflect.Constructor.newInstance(Constructor.java:480)
at org.openqa.selenium.remote.codec.w3c.W3CHttpResponseCodec.createException(W3CHttpResponseCodec.java:200)
at org.openqa.selenium.remote.codec.w3c.W3CHttpResponseCodec.decode(W3CHttpResponseCodec.java:133)
at org.openqa.selenium.remote.codec.w3c.W3CHttpResponseCodec.decode(W3CHttpResponseCodec.java:53)
at org.openqa.selenium.remote.HttpCommandExecutor.execute(HttpCommandExecutor.java:184)
at org.openqa.selenium.remote.service.DriverCommandExecutor.invokeExecute(DriverCommandExecutor.java:164)
at org.openqa.selenium.remote.service.DriverCommandExecutor.execute(DriverCommandExecutor.java:139)
at org.openqa.selenium.remote.RemoteWebDriver.execute(RemoteWebDriver.java:559)
at org.openqa.selenium.remote.ElementLocation$ElementFinder$2.findElement(ElementLocation.java:162)
at org.openqa.selenium.remote.ElementLocation.findElement(ElementLocation.java:60)
at org.openqa.selenium.remote.RemoteWebDriver.findElement(RemoteWebDriver.java:383)
at org.openqa.selenium.remote.RemoteWebDriver.findElement(RemoteWebDriver.java:375)
at com.pack.loginPages.UpdateSchedulingTab.rightClick(UpdateSchedulingTab.java:161)
at com.pack.testCases.TC_UpdateSchedulingTab.updateSchedulingTab(TC_UpdateSchedulingTab.java:32)
at java.base/jdk.internal.reflect.NativeMethodAccessorImpl.invoke0(Native Method)
at java.base/jdk.internal.reflect.NativeMethodAccessorImpl.invoke(NativeMethodAccessorImpl.java:78)
at java.base/jdk.internal.reflect.DelegatingMethodAccessorImpl.invoke(DelegatingMethodAccessorImpl.java:43)
at java.base/java.lang.reflect.Method.invoke(Method.java:567)
at org.testng.internal.MethodInvocationHelper.invokeMethod(MethodInvocationHelper.java:133)
at org.testng.internal.TestInvoker.invokeMethod(TestInvoker.java:598)
at org.testng.internal.TestInvoker.invokeTestMethod(TestInvoker.java:173)
at org.testng.internal.MethodRunner.runInSequence(MethodRunner.java:46)
at org.testng.internal.TestInvoker$MethodInvocationAgent.invoke(TestInvoker.java:824)
at org.testng.internal.TestInvoker.invokeTestMethods(TestInvoker.java:146)
at org.testng.internal.TestMethodWorker.invokeTestMethods(TestMethodWorker.java:146)
at org.testng.internal.TestMethodWorker.run(TestMethodWorker.java:128)
at java.base/java.util.ArrayList.forEach(ArrayList.java:1511)
at org.testng.TestRunner.privateRun(TestRunner.java:794)
at org.testng.TestRunner.run(TestRunner.java:596)
at org.testng.SuiteRunner.runTest(SuiteRunner.java:377)
at org.testng.SuiteRunner.runSequentially(SuiteRunner.java:371)
at org.testng.SuiteRunner.privateRun(SuiteRunner.java:332)
at org.testng.SuiteRunner.run(SuiteRunner.java:276)
at org.testng.SuiteRunnerWorker.runSuite(SuiteRunnerWorker.java:53)
at org.testng.SuiteRunnerWorker.run(SuiteRunnerWorker.java:96)
at org.testng.TestNG.runSuitesSequentially(TestNG.java:1212)
at org.testng.TestNG.runSuitesLocally(TestNG.java:1134)
at org.testng.TestNG.runSuites(TestNG.java:1063)
at org.testng.TestNG.run(TestNG.java:1031)
at org.testng.remote.AbstractRemoteTestNG.run(AbstractRemoteTestNG.java:115)
at org.testng.remote.RemoteTestNG.initAndRun(RemoteTestNG.java:251)
at org.testng.remote.RemoteTestNG.main(RemoteTestNG.java:77)
]]>
            </full-stacktrace>
          </exception> <!-- org.openqa.selenium.NoSuchElementException -->
          <reporter-output>
          </reporter-output>
        </test-method> <!-- updateSchedulingTab -->
        <test-method is-config="true" signature="tearDown()[pri:0, instance:com.pack.testCases.TC_UpdateSchedulingTab@5b202a3a]" started-at="2022-01-12T15:44:45 IST" name="tearDown" finished-at="2022-01-12T15:44:46 IST" duration-ms="474" status="PASS">
          <reporter-output>
          </reporter-output>
        </test-method> <!-- tearDown -->
      </class> <!-- com.pack.testCases.TC_UpdateSchedulingTab -->
    </test> <!-- openShift -->
  </suite> <!-- UnifocusScheduler -->
</testng-results>
